2022-11-23 21:52:47,673 | INFO | 
model:
  name: ResNet20
  architecture:
    in_channels: 3
    out_channels: 10
    activation:
      name: NormLinComb
      activations: ['relu', 'sigmoid', 'tanh', 'softsign']
optimizer:
  name: SGD
  parameters:
    lr: 0.1
    weight_decay: 0.0001
    momentum: 0.9
scheduler:
  num: 1
  scheduler0:
    name: MultiStepLR
    parameters:
      milestones: [45, 65]
      gamma: 0.1
dataset:
  name: CIFAR10
  batch_size: 128
  split:
    train: 0.9
    valid: 0.1
    test: 1.0
train:
  epochs: 90
  device: cuda:0
  save_path: ./checkpoints/normlincomb/cifar10/
  log_path: ./logs/normlincomb/cifar10/
  seed: 42
  save_every: 10
test:
  device: cuda:0
  checkpoint: ./checkpoints/normlincomb/cifar10/
  log_path: ./logs/normlincomb/cifar10/
  seed: 42
2022-11-23 21:52:47,674 | INFO | 
ResNetCifar(
  (conv1): Conv2d(3, 16, kernel_size=(3, 3), stride=(1, 1), padding=(1, 1), bias=False)
  (bn1): BatchNorm2d(16, eps=1e-05, momentum=0.1, affine=True, track_running_stats=True)
  (layer1): Sequential(
    (0): BasicBlockCifar(
      (conv1): Conv2d(16, 16, kernel_size=(3, 3), stride=(1, 1), padding=(1, 1), bias=False)
      (bn1): BatchNorm2d(16, eps=1e-05, momentum=0.1, affine=True, track_running_stats=True)
      (conv2): Conv2d(16, 16, kernel_size=(3, 3), stride=(1, 1), padding=(1, 1), bias=False)
      (bn2): BatchNorm2d(16, eps=1e-05, momentum=0.1, affine=True, track_running_stats=True)
      (shortcut): Sequential()
      (relu): NormLinComb()
    )
    (1): BasicBlockCifar(
      (conv1): Conv2d(16, 16, kernel_size=(3, 3), stride=(1, 1), padding=(1, 1), bias=False)
      (bn1): BatchNorm2d(16, eps=1e-05, momentum=0.1, affine=True, track_running_stats=True)
      (conv2): Conv2d(16, 16, kernel_size=(3, 3), stride=(1, 1), padding=(1, 1), bias=False)
      (bn2): BatchNorm2d(16, eps=1e-05, momentum=0.1, affine=True, track_running_stats=True)
      (shortcut): Sequential()
      (relu): NormLinComb()
    )
    (2): BasicBlockCifar(
      (conv1): Conv2d(16, 16, kernel_size=(3, 3), stride=(1, 1), padding=(1, 1), bias=False)
      (bn1): BatchNorm2d(16, eps=1e-05, momentum=0.1, affine=True, track_running_stats=True)
      (conv2): Conv2d(16, 16, kernel_size=(3, 3), stride=(1, 1), padding=(1, 1), bias=False)
      (bn2): BatchNorm2d(16, eps=1e-05, momentum=0.1, affine=True, track_running_stats=True)
      (shortcut): Sequential()
      (relu): NormLinComb()
    )
  )
  (layer2): Sequential(
    (0): BasicBlockCifar(
      (conv1): Conv2d(16, 32, kernel_size=(3, 3), stride=(2, 2), padding=(1, 1), bias=False)
      (bn1): BatchNorm2d(32, eps=1e-05, momentum=0.1, affine=True, track_running_stats=True)
      (conv2): Conv2d(32, 32, kernel_size=(3, 3), stride=(1, 1), padding=(1, 1), bias=False)
      (bn2): BatchNorm2d(32, eps=1e-05, momentum=0.1, affine=True, track_running_stats=True)
      (shortcut): LambdaLayerCifar()
      (relu): NormLinComb()
    )
    (1): BasicBlockCifar(
      (conv1): Conv2d(32, 32, kernel_size=(3, 3), stride=(1, 1), padding=(1, 1), bias=False)
      (bn1): BatchNorm2d(32, eps=1e-05, momentum=0.1, affine=True, track_running_stats=True)
      (conv2): Conv2d(32, 32, kernel_size=(3, 3), stride=(1, 1), padding=(1, 1), bias=False)
      (bn2): BatchNorm2d(32, eps=1e-05, momentum=0.1, affine=True, track_running_stats=True)
      (shortcut): Sequential()
      (relu): NormLinComb()
    )
    (2): BasicBlockCifar(
      (conv1): Conv2d(32, 32, kernel_size=(3, 3), stride=(1, 1), padding=(1, 1), bias=False)
      (bn1): BatchNorm2d(32, eps=1e-05, momentum=0.1, affine=True, track_running_stats=True)
      (conv2): Conv2d(32, 32, kernel_size=(3, 3), stride=(1, 1), padding=(1, 1), bias=False)
      (bn2): BatchNorm2d(32, eps=1e-05, momentum=0.1, affine=True, track_running_stats=True)
      (shortcut): Sequential()
      (relu): NormLinComb()
    )
  )
  (layer3): Sequential(
    (0): BasicBlockCifar(
      (conv1): Conv2d(32, 64, kernel_size=(3, 3), stride=(2, 2), padding=(1, 1), bias=False)
      (bn1): BatchNorm2d(64, eps=1e-05, momentum=0.1, affine=True, track_running_stats=True)
      (conv2): Conv2d(64, 64, kernel_size=(3, 3), stride=(1, 1), padding=(1, 1), bias=False)
      (bn2): BatchNorm2d(64, eps=1e-05, momentum=0.1, affine=True, track_running_stats=True)
      (shortcut): LambdaLayerCifar()
      (relu): NormLinComb()
    )
    (1): BasicBlockCifar(
      (conv1): Conv2d(64, 64, kernel_size=(3, 3), stride=(1, 1), padding=(1, 1), bias=False)
      (bn1): BatchNorm2d(64, eps=1e-05, momentum=0.1, affine=True, track_running_stats=True)
      (conv2): Conv2d(64, 64, kernel_size=(3, 3), stride=(1, 1), padding=(1, 1), bias=False)
      (bn2): BatchNorm2d(64, eps=1e-05, momentum=0.1, affine=True, track_running_stats=True)
      (shortcut): Sequential()
      (relu): NormLinComb()
    )
    (2): BasicBlockCifar(
      (conv1): Conv2d(64, 64, kernel_size=(3, 3), stride=(1, 1), padding=(1, 1), bias=False)
      (bn1): BatchNorm2d(64, eps=1e-05, momentum=0.1, affine=True, track_running_stats=True)
      (conv2): Conv2d(64, 64, kernel_size=(3, 3), stride=(1, 1), padding=(1, 1), bias=False)
      (bn2): BatchNorm2d(64, eps=1e-05, momentum=0.1, affine=True, track_running_stats=True)
      (shortcut): Sequential()
      (relu): NormLinComb()
    )
  )
  (fc): Linear(in_features=64, out_features=10, bias=True)
  (relu): NormLinComb()
)
2022-11-23 21:52:47,674 | INFO | 
SGD (
Parameter Group 0
    dampening: 0
    initial_lr: 0.1
    lr: 0.1
    momentum: 0.9
    nesterov: False
    weight_decay: 0.0001
)
2022-11-23 21:52:47,674 | INFO | 
MultiStepLR (
  milestones: Counter({45: 1, 65: 1})
  gamma: 0.1
  base_lrs: [0.1]
  last_epoch: 0
  _step_count: 1
  verbose: False
  _get_lr_called_within_step: False
  _last_lr: [0.1]
)
2022-11-23 21:52:47,675 | INFO | 
CrossEntropyLoss()
2022-11-23 21:53:32,842 | INFO | cuda:0 epoch: 1/90 train_loss: 1.6125 valid_loss: 3.0341 epoch_time: 43.134 sec
2022-11-23 21:54:16,293 | INFO | cuda:0 epoch: 2/90 train_loss: 1.1470 valid_loss: 1.1100 epoch_time: 43.451 sec
2022-11-23 21:54:59,569 | INFO | cuda:0 epoch: 3/90 train_loss: 0.9150 valid_loss: 1.2464 epoch_time: 43.275 sec
2022-11-23 21:55:42,879 | INFO | cuda:0 epoch: 4/90 train_loss: 0.7793 valid_loss: 0.7781 epoch_time: 43.310 sec
2022-11-23 21:56:26,286 | INFO | cuda:0 epoch: 5/90 train_loss: 0.6898 valid_loss: 0.7545 epoch_time: 43.406 sec
2022-11-23 21:57:09,626 | INFO | cuda:0 epoch: 6/90 train_loss: 0.6323 valid_loss: 0.6647 epoch_time: 43.340 sec
2022-11-23 21:57:52,850 | INFO | cuda:0 epoch: 7/90 train_loss: 0.5833 valid_loss: 0.6608 epoch_time: 43.224 sec
2022-11-23 21:58:36,166 | INFO | cuda:0 epoch: 8/90 train_loss: 0.5471 valid_loss: 0.6804 epoch_time: 43.316 sec
2022-11-23 21:59:19,158 | INFO | cuda:0 epoch: 9/90 train_loss: 0.5218 valid_loss: 0.8835 epoch_time: 42.992 sec
2022-11-23 22:00:02,567 | INFO | cuda:0 epoch: 10/90 train_loss: 0.4888 valid_loss: 0.6116 epoch_time: 43.408 sec
2022-11-23 22:00:46,253 | INFO | cuda:0 epoch: 11/90 train_loss: 0.4697 valid_loss: 0.6485 epoch_time: 43.686 sec
2022-11-23 22:01:29,813 | INFO | cuda:0 epoch: 12/90 train_loss: 0.4452 valid_loss: 0.5478 epoch_time: 43.559 sec
2022-11-23 22:02:13,043 | INFO | cuda:0 epoch: 13/90 train_loss: 0.4320 valid_loss: 0.5600 epoch_time: 43.230 sec
2022-11-23 22:02:56,454 | INFO | cuda:0 epoch: 14/90 train_loss: 0.4150 valid_loss: 0.7440 epoch_time: 43.411 sec
2022-11-23 22:03:39,754 | INFO | cuda:0 epoch: 15/90 train_loss: 0.4054 valid_loss: 0.5961 epoch_time: 43.300 sec
2022-11-23 22:04:23,107 | INFO | cuda:0 epoch: 16/90 train_loss: 0.3926 valid_loss: 0.6823 epoch_time: 43.353 sec
2022-11-23 22:05:06,519 | INFO | cuda:0 epoch: 17/90 train_loss: 0.3817 valid_loss: 0.5332 epoch_time: 43.411 sec
2022-11-23 22:05:49,792 | INFO | cuda:0 epoch: 18/90 train_loss: 0.3644 valid_loss: 0.7530 epoch_time: 43.273 sec
2022-11-23 22:06:33,527 | INFO | cuda:0 epoch: 19/90 train_loss: 0.3557 valid_loss: 0.4977 epoch_time: 43.735 sec
2022-11-23 22:07:16,976 | INFO | cuda:0 epoch: 20/90 train_loss: 0.3531 valid_loss: 0.5584 epoch_time: 43.449 sec
2022-11-23 22:08:00,485 | INFO | cuda:0 epoch: 21/90 train_loss: 0.3436 valid_loss: 0.4669 epoch_time: 43.508 sec
2022-11-23 22:08:43,644 | INFO | cuda:0 epoch: 22/90 train_loss: 0.3341 valid_loss: 0.4800 epoch_time: 43.159 sec
2022-11-23 22:09:27,011 | INFO | cuda:0 epoch: 23/90 train_loss: 0.3307 valid_loss: 0.5809 epoch_time: 43.367 sec
2022-11-23 22:10:10,331 | INFO | cuda:0 epoch: 24/90 train_loss: 0.3242 valid_loss: 0.5052 epoch_time: 43.320 sec
2022-11-23 22:10:53,756 | INFO | cuda:0 epoch: 25/90 train_loss: 0.3185 valid_loss: 0.4484 epoch_time: 43.425 sec
2022-11-23 22:11:37,130 | INFO | cuda:0 epoch: 26/90 train_loss: 0.3108 valid_loss: 0.5570 epoch_time: 43.374 sec
2022-11-23 22:12:20,499 | INFO | cuda:0 epoch: 27/90 train_loss: 0.3047 valid_loss: 0.4744 epoch_time: 43.368 sec
2022-11-23 22:13:03,791 | INFO | cuda:0 epoch: 28/90 train_loss: 0.3019 valid_loss: 0.4565 epoch_time: 43.291 sec
2022-11-23 22:13:47,036 | INFO | cuda:0 epoch: 29/90 train_loss: 0.2969 valid_loss: 0.5254 epoch_time: 43.245 sec
2022-11-23 22:14:30,436 | INFO | cuda:0 epoch: 30/90 train_loss: 0.2914 valid_loss: 0.5376 epoch_time: 43.399 sec
2022-11-23 22:15:13,867 | INFO | cuda:0 epoch: 31/90 train_loss: 0.2866 valid_loss: 0.4967 epoch_time: 43.431 sec
2022-11-23 22:15:57,377 | INFO | cuda:0 epoch: 32/90 train_loss: 0.2908 valid_loss: 0.4794 epoch_time: 43.510 sec
2022-11-23 22:16:40,867 | INFO | cuda:0 epoch: 33/90 train_loss: 0.2744 valid_loss: 0.5449 epoch_time: 43.489 sec
2022-11-23 22:17:24,234 | INFO | cuda:0 epoch: 34/90 train_loss: 0.2782 valid_loss: 0.4824 epoch_time: 43.367 sec
2022-11-23 22:18:07,480 | INFO | cuda:0 epoch: 35/90 train_loss: 0.2743 valid_loss: 0.4970 epoch_time: 43.246 sec
2022-11-23 22:18:50,873 | INFO | cuda:0 epoch: 36/90 train_loss: 0.2679 valid_loss: 0.6277 epoch_time: 43.392 sec
2022-11-23 22:19:34,223 | INFO | cuda:0 epoch: 37/90 train_loss: 0.2660 valid_loss: 0.5060 epoch_time: 43.350 sec
2022-11-23 22:20:17,583 | INFO | cuda:0 epoch: 38/90 train_loss: 0.2650 valid_loss: 0.5411 epoch_time: 43.360 sec
2022-11-23 22:21:00,833 | INFO | cuda:0 epoch: 39/90 train_loss: 0.2650 valid_loss: 0.4652 epoch_time: 43.249 sec
2022-11-23 22:21:44,374 | INFO | cuda:0 epoch: 40/90 train_loss: 0.2593 valid_loss: 0.4835 epoch_time: 43.541 sec
2022-11-23 22:22:27,736 | INFO | cuda:0 epoch: 41/90 train_loss: 0.2548 valid_loss: 0.5544 epoch_time: 43.361 sec
2022-11-23 22:23:11,111 | INFO | cuda:0 epoch: 42/90 train_loss: 0.2510 valid_loss: 0.4675 epoch_time: 43.375 sec
2022-11-23 22:23:54,441 | INFO | cuda:0 epoch: 43/90 train_loss: 0.2528 valid_loss: 0.4715 epoch_time: 43.329 sec
2022-11-23 22:24:37,839 | INFO | cuda:0 epoch: 44/90 train_loss: 0.2494 valid_loss: 0.4620 epoch_time: 43.397 sec
2022-11-23 22:25:21,091 | INFO | cuda:0 epoch: 45/90 train_loss: 0.2511 valid_loss: 0.5310 epoch_time: 43.253 sec
2022-11-23 22:26:04,371 | INFO | cuda:0 epoch: 46/90 train_loss: 0.1652 valid_loss: 0.3350 epoch_time: 43.279 sec
2022-11-23 22:26:47,694 | INFO | cuda:0 epoch: 47/90 train_loss: 0.1284 valid_loss: 0.3499 epoch_time: 43.322 sec
2022-11-23 22:27:31,000 | INFO | cuda:0 epoch: 48/90 train_loss: 0.1150 valid_loss: 0.3287 epoch_time: 43.306 sec
2022-11-23 22:28:14,199 | INFO | cuda:0 epoch: 49/90 train_loss: 0.1109 valid_loss: 0.3292 epoch_time: 43.199 sec
2022-11-23 22:28:57,463 | INFO | cuda:0 epoch: 50/90 train_loss: 0.1011 valid_loss: 0.3317 epoch_time: 43.263 sec
2022-11-23 22:29:40,658 | INFO | cuda:0 epoch: 51/90 train_loss: 0.0942 valid_loss: 0.3320 epoch_time: 43.195 sec
2022-11-23 22:30:25,025 | INFO | cuda:0 epoch: 52/90 train_loss: 0.0885 valid_loss: 0.3552 epoch_time: 44.366 sec
2022-11-23 22:31:08,383 | INFO | cuda:0 epoch: 53/90 train_loss: 0.0839 valid_loss: 0.3401 epoch_time: 43.358 sec
2022-11-23 22:31:51,765 | INFO | cuda:0 epoch: 54/90 train_loss: 0.0809 valid_loss: 0.3378 epoch_time: 43.381 sec
2022-11-23 22:32:35,384 | INFO | cuda:0 epoch: 55/90 train_loss: 0.0775 valid_loss: 0.3543 epoch_time: 43.619 sec
2022-11-23 22:33:18,897 | INFO | cuda:0 epoch: 56/90 train_loss: 0.0755 valid_loss: 0.3553 epoch_time: 43.513 sec
2022-11-23 22:34:02,027 | INFO | cuda:0 epoch: 57/90 train_loss: 0.0710 valid_loss: 0.3743 epoch_time: 43.130 sec
2022-11-23 22:34:45,295 | INFO | cuda:0 epoch: 58/90 train_loss: 0.0708 valid_loss: 0.3501 epoch_time: 43.267 sec
2022-11-23 22:35:28,617 | INFO | cuda:0 epoch: 59/90 train_loss: 0.0658 valid_loss: 0.3988 epoch_time: 43.322 sec
2022-11-23 22:36:11,858 | INFO | cuda:0 epoch: 60/90 train_loss: 0.0651 valid_loss: 0.3676 epoch_time: 43.240 sec
2022-11-23 22:36:55,157 | INFO | cuda:0 epoch: 61/90 train_loss: 0.0637 valid_loss: 0.3801 epoch_time: 43.299 sec
2022-11-23 22:37:38,550 | INFO | cuda:0 epoch: 62/90 train_loss: 0.0587 valid_loss: 0.3848 epoch_time: 43.393 sec
2022-11-23 22:38:21,948 | INFO | cuda:0 epoch: 63/90 train_loss: 0.0602 valid_loss: 0.3854 epoch_time: 43.398 sec
2022-11-23 22:39:05,306 | INFO | cuda:0 epoch: 64/90 train_loss: 0.0570 valid_loss: 0.3873 epoch_time: 43.358 sec
2022-11-23 22:39:48,600 | INFO | cuda:0 epoch: 65/90 train_loss: 0.0557 valid_loss: 0.4168 epoch_time: 43.293 sec
2022-11-23 22:40:31,971 | INFO | cuda:0 epoch: 66/90 train_loss: 0.0501 valid_loss: 0.3787 epoch_time: 43.371 sec
2022-11-23 22:41:15,401 | INFO | cuda:0 epoch: 67/90 train_loss: 0.0471 valid_loss: 0.3596 epoch_time: 43.430 sec
2022-11-23 22:41:58,750 | INFO | cuda:0 epoch: 68/90 train_loss: 0.0476 valid_loss: 0.3685 epoch_time: 43.348 sec
2022-11-23 22:42:42,066 | INFO | cuda:0 epoch: 69/90 train_loss: 0.0482 valid_loss: 0.3878 epoch_time: 43.316 sec
2022-11-23 22:43:25,568 | INFO | cuda:0 epoch: 70/90 train_loss: 0.0467 valid_loss: 0.3816 epoch_time: 43.501 sec
2022-11-23 22:44:08,804 | INFO | cuda:0 epoch: 71/90 train_loss: 0.0460 valid_loss: 0.3826 epoch_time: 43.236 sec
2022-11-23 22:44:52,109 | INFO | cuda:0 epoch: 72/90 train_loss: 0.0443 valid_loss: 0.4407 epoch_time: 43.304 sec
2022-11-23 22:45:35,439 | INFO | cuda:0 epoch: 73/90 train_loss: 0.0444 valid_loss: 0.3980 epoch_time: 43.330 sec
2022-11-23 22:46:18,692 | INFO | cuda:0 epoch: 74/90 train_loss: 0.0452 valid_loss: 0.3877 epoch_time: 43.252 sec
2022-11-23 22:47:02,203 | INFO | cuda:0 epoch: 75/90 train_loss: 0.0445 valid_loss: 0.3857 epoch_time: 43.511 sec
2022-11-23 22:47:45,609 | INFO | cuda:0 epoch: 76/90 train_loss: 0.0425 valid_loss: 0.3997 epoch_time: 43.405 sec
2022-11-23 22:48:28,804 | INFO | cuda:0 epoch: 77/90 train_loss: 0.0438 valid_loss: 0.3786 epoch_time: 43.195 sec
2022-11-23 22:49:11,944 | INFO | cuda:0 epoch: 78/90 train_loss: 0.0441 valid_loss: 0.3759 epoch_time: 43.140 sec
2022-11-23 22:49:54,968 | INFO | cuda:0 epoch: 79/90 train_loss: 0.0436 valid_loss: 0.3854 epoch_time: 43.024 sec
2022-11-23 22:50:38,294 | INFO | cuda:0 epoch: 80/90 train_loss: 0.0423 valid_loss: 0.3912 epoch_time: 43.326 sec
2022-11-23 22:51:21,603 | INFO | cuda:0 epoch: 81/90 train_loss: 0.0422 valid_loss: 0.3683 epoch_time: 43.309 sec
2022-11-23 22:52:04,842 | INFO | cuda:0 epoch: 82/90 train_loss: 0.0425 valid_loss: 0.3970 epoch_time: 43.238 sec
2022-11-23 22:52:48,174 | INFO | cuda:0 epoch: 83/90 train_loss: 0.0412 valid_loss: 0.4295 epoch_time: 43.332 sec
2022-11-23 22:53:31,465 | INFO | cuda:0 epoch: 84/90 train_loss: 0.0400 valid_loss: 0.3802 epoch_time: 43.290 sec
2022-11-23 22:54:14,801 | INFO | cuda:0 epoch: 85/90 train_loss: 0.0405 valid_loss: 0.3989 epoch_time: 43.336 sec
2022-11-23 22:54:58,015 | INFO | cuda:0 epoch: 86/90 train_loss: 0.0408 valid_loss: 0.4000 epoch_time: 43.214 sec
2022-11-23 22:55:41,241 | INFO | cuda:0 epoch: 87/90 train_loss: 0.0416 valid_loss: 0.3726 epoch_time: 43.225 sec
2022-11-23 22:56:25,804 | INFO | cuda:0 epoch: 88/90 train_loss: 0.0411 valid_loss: 0.3781 epoch_time: 44.563 sec
2022-11-23 22:57:11,100 | INFO | cuda:0 epoch: 89/90 train_loss: 0.0400 valid_loss: 0.4022 epoch_time: 45.296 sec
2022-11-23 22:57:54,426 | INFO | cuda:0 epoch: 90/90 train_loss: 0.0408 valid_loss: 0.3758 epoch_time: 43.326 sec
2022-11-23 22:58:23,465 | INFO | 
train_accuracy: 0.992 train_precision: 0.993 train_recall: 0.992 train_f1: 0.992 valid_accuracy: 0.901 valid_precision: 0.908 valid_recall: 0.901 valid_f1: 0.901 total_time: 3904.719 sec
