2022-11-20 21:27:28,768 | INFO | 
model:
  name: ResNet32
  architecture:
    in_channels: 3
    out_channels: 10
    activation: ShiLU
optimizer:
  name: SGD
  parameters:
    lr: 0.04
    weight_decay: 0.0001
    momentum: 0.9
scheduler:
  num: 2
  scheduler0:
    name: LinearLR
    parameters:
      start_factor: 0.1
      end_factor: 1.0
      total_iters: 10
  scheduler1:
    name: MultiStepLR
    parameters:
      milestones: [45, 65]
      gamma: 0.1
  milestones: [10]
dataset:
  name: CIFAR10
  batch_size: 128
  split:
    train: 0.9
    valid: 0.1
    test: 1.0
train:
  epochs: 90
  device: cuda:0
  save_path: ./checkpoints/shilu/cifar10/
  log_path: ./logs/shilu/cifar10/
  seed: 42
  save_every: 10
test:
  device: cuda:0
  checkpoint: ./checkpoints/shilu/cifar10/
  log_path: ./logs/shilu/cifar10/
  seed: 42
2022-11-20 21:27:28,770 | INFO | 
ResNetCifar(
  (conv1): Conv2d(3, 16, kernel_size=(3, 3), stride=(1, 1), padding=(1, 1), bias=False)
  (bn1): BatchNorm2d(16, eps=1e-05, momentum=0.1, affine=True, track_running_stats=True)
  (layer1): Sequential(
    (0): BasicBlockCifar(
      (conv1): Conv2d(16, 16, kernel_size=(3, 3), stride=(1, 1), padding=(1, 1), bias=False)
      (bn1): BatchNorm2d(16, eps=1e-05, momentum=0.1, affine=True, track_running_stats=True)
      (conv2): Conv2d(16, 16, kernel_size=(3, 3), stride=(1, 1), padding=(1, 1), bias=False)
      (bn2): BatchNorm2d(16, eps=1e-05, momentum=0.1, affine=True, track_running_stats=True)
      (shortcut): Sequential()
      (relu): ShiLU()
    )
    (1): BasicBlockCifar(
      (conv1): Conv2d(16, 16, kernel_size=(3, 3), stride=(1, 1), padding=(1, 1), bias=False)
      (bn1): BatchNorm2d(16, eps=1e-05, momentum=0.1, affine=True, track_running_stats=True)
      (conv2): Conv2d(16, 16, kernel_size=(3, 3), stride=(1, 1), padding=(1, 1), bias=False)
      (bn2): BatchNorm2d(16, eps=1e-05, momentum=0.1, affine=True, track_running_stats=True)
      (shortcut): Sequential()
      (relu): ShiLU()
    )
    (2): BasicBlockCifar(
      (conv1): Conv2d(16, 16, kernel_size=(3, 3), stride=(1, 1), padding=(1, 1), bias=False)
      (bn1): BatchNorm2d(16, eps=1e-05, momentum=0.1, affine=True, track_running_stats=True)
      (conv2): Conv2d(16, 16, kernel_size=(3, 3), stride=(1, 1), padding=(1, 1), bias=False)
      (bn2): BatchNorm2d(16, eps=1e-05, momentum=0.1, affine=True, track_running_stats=True)
      (shortcut): Sequential()
      (relu): ShiLU()
    )
    (3): BasicBlockCifar(
      (conv1): Conv2d(16, 16, kernel_size=(3, 3), stride=(1, 1), padding=(1, 1), bias=False)
      (bn1): BatchNorm2d(16, eps=1e-05, momentum=0.1, affine=True, track_running_stats=True)
      (conv2): Conv2d(16, 16, kernel_size=(3, 3), stride=(1, 1), padding=(1, 1), bias=False)
      (bn2): BatchNorm2d(16, eps=1e-05, momentum=0.1, affine=True, track_running_stats=True)
      (shortcut): Sequential()
      (relu): ShiLU()
    )
    (4): BasicBlockCifar(
      (conv1): Conv2d(16, 16, kernel_size=(3, 3), stride=(1, 1), padding=(1, 1), bias=False)
      (bn1): BatchNorm2d(16, eps=1e-05, momentum=0.1, affine=True, track_running_stats=True)
      (conv2): Conv2d(16, 16, kernel_size=(3, 3), stride=(1, 1), padding=(1, 1), bias=False)
      (bn2): BatchNorm2d(16, eps=1e-05, momentum=0.1, affine=True, track_running_stats=True)
      (shortcut): Sequential()
      (relu): ShiLU()
    )
  )
  (layer2): Sequential(
    (0): BasicBlockCifar(
      (conv1): Conv2d(16, 32, kernel_size=(3, 3), stride=(2, 2), padding=(1, 1), bias=False)
      (bn1): BatchNorm2d(32, eps=1e-05, momentum=0.1, affine=True, track_running_stats=True)
      (conv2): Conv2d(32, 32, kernel_size=(3, 3), stride=(1, 1), padding=(1, 1), bias=False)
      (bn2): BatchNorm2d(32, eps=1e-05, momentum=0.1, affine=True, track_running_stats=True)
      (shortcut): LambdaLayerCifar()
      (relu): ShiLU()
    )
    (1): BasicBlockCifar(
      (conv1): Conv2d(32, 32, kernel_size=(3, 3), stride=(1, 1), padding=(1, 1), bias=False)
      (bn1): BatchNorm2d(32, eps=1e-05, momentum=0.1, affine=True, track_running_stats=True)
      (conv2): Conv2d(32, 32, kernel_size=(3, 3), stride=(1, 1), padding=(1, 1), bias=False)
      (bn2): BatchNorm2d(32, eps=1e-05, momentum=0.1, affine=True, track_running_stats=True)
      (shortcut): Sequential()
      (relu): ShiLU()
    )
    (2): BasicBlockCifar(
      (conv1): Conv2d(32, 32, kernel_size=(3, 3), stride=(1, 1), padding=(1, 1), bias=False)
      (bn1): BatchNorm2d(32, eps=1e-05, momentum=0.1, affine=True, track_running_stats=True)
      (conv2): Conv2d(32, 32, kernel_size=(3, 3), stride=(1, 1), padding=(1, 1), bias=False)
      (bn2): BatchNorm2d(32, eps=1e-05, momentum=0.1, affine=True, track_running_stats=True)
      (shortcut): Sequential()
      (relu): ShiLU()
    )
    (3): BasicBlockCifar(
      (conv1): Conv2d(32, 32, kernel_size=(3, 3), stride=(1, 1), padding=(1, 1), bias=False)
      (bn1): BatchNorm2d(32, eps=1e-05, momentum=0.1, affine=True, track_running_stats=True)
      (conv2): Conv2d(32, 32, kernel_size=(3, 3), stride=(1, 1), padding=(1, 1), bias=False)
      (bn2): BatchNorm2d(32, eps=1e-05, momentum=0.1, affine=True, track_running_stats=True)
      (shortcut): Sequential()
      (relu): ShiLU()
    )
    (4): BasicBlockCifar(
      (conv1): Conv2d(32, 32, kernel_size=(3, 3), stride=(1, 1), padding=(1, 1), bias=False)
      (bn1): BatchNorm2d(32, eps=1e-05, momentum=0.1, affine=True, track_running_stats=True)
      (conv2): Conv2d(32, 32, kernel_size=(3, 3), stride=(1, 1), padding=(1, 1), bias=False)
      (bn2): BatchNorm2d(32, eps=1e-05, momentum=0.1, affine=True, track_running_stats=True)
      (shortcut): Sequential()
      (relu): ShiLU()
    )
  )
  (layer3): Sequential(
    (0): BasicBlockCifar(
      (conv1): Conv2d(32, 64, kernel_size=(3, 3), stride=(2, 2), padding=(1, 1), bias=False)
      (bn1): BatchNorm2d(64, eps=1e-05, momentum=0.1, affine=True, track_running_stats=True)
      (conv2): Conv2d(64, 64, kernel_size=(3, 3), stride=(1, 1), padding=(1, 1), bias=False)
      (bn2): BatchNorm2d(64, eps=1e-05, momentum=0.1, affine=True, track_running_stats=True)
      (shortcut): LambdaLayerCifar()
      (relu): ShiLU()
    )
    (1): BasicBlockCifar(
      (conv1): Conv2d(64, 64, kernel_size=(3, 3), stride=(1, 1), padding=(1, 1), bias=False)
      (bn1): BatchNorm2d(64, eps=1e-05, momentum=0.1, affine=True, track_running_stats=True)
      (conv2): Conv2d(64, 64, kernel_size=(3, 3), stride=(1, 1), padding=(1, 1), bias=False)
      (bn2): BatchNorm2d(64, eps=1e-05, momentum=0.1, affine=True, track_running_stats=True)
      (shortcut): Sequential()
      (relu): ShiLU()
    )
    (2): BasicBlockCifar(
      (conv1): Conv2d(64, 64, kernel_size=(3, 3), stride=(1, 1), padding=(1, 1), bias=False)
      (bn1): BatchNorm2d(64, eps=1e-05, momentum=0.1, affine=True, track_running_stats=True)
      (conv2): Conv2d(64, 64, kernel_size=(3, 3), stride=(1, 1), padding=(1, 1), bias=False)
      (bn2): BatchNorm2d(64, eps=1e-05, momentum=0.1, affine=True, track_running_stats=True)
      (shortcut): Sequential()
      (relu): ShiLU()
    )
    (3): BasicBlockCifar(
      (conv1): Conv2d(64, 64, kernel_size=(3, 3), stride=(1, 1), padding=(1, 1), bias=False)
      (bn1): BatchNorm2d(64, eps=1e-05, momentum=0.1, affine=True, track_running_stats=True)
      (conv2): Conv2d(64, 64, kernel_size=(3, 3), stride=(1, 1), padding=(1, 1), bias=False)
      (bn2): BatchNorm2d(64, eps=1e-05, momentum=0.1, affine=True, track_running_stats=True)
      (shortcut): Sequential()
      (relu): ShiLU()
    )
    (4): BasicBlockCifar(
      (conv1): Conv2d(64, 64, kernel_size=(3, 3), stride=(1, 1), padding=(1, 1), bias=False)
      (bn1): BatchNorm2d(64, eps=1e-05, momentum=0.1, affine=True, track_running_stats=True)
      (conv2): Conv2d(64, 64, kernel_size=(3, 3), stride=(1, 1), padding=(1, 1), bias=False)
      (bn2): BatchNorm2d(64, eps=1e-05, momentum=0.1, affine=True, track_running_stats=True)
      (shortcut): Sequential()
      (relu): ShiLU()
    )
  )
  (fc): Linear(in_features=64, out_features=10, bias=True)
  (relu): ShiLU()
)
2022-11-20 21:27:28,771 | INFO | 
SGD (
Parameter Group 0
    dampening: 0
    initial_lr: 0.04
    lr: 0.004
    momentum: 0.9
    nesterov: False
    weight_decay: 0.0001
)
2022-11-20 21:27:28,771 | INFO | 
SequentialLR (
  _milestones: [10]
  last_epoch: 0
  _schedulers: [
    LinearLR (
      start_factor: 0.1
      end_factor: 1.0
      total_iters: 10
      base_lrs: [0.04]
      last_epoch: 0
      _step_count: 1
      verbose: False
      _get_lr_called_within_step: False
      _last_lr: [0.004]
    ),
    MultiStepLR (
      milestones: Counter({45: 1, 65: 1})
      gamma: 0.1
      base_lrs: [0.04]
      last_epoch: 0
      _step_count: 1
      verbose: False
      _get_lr_called_within_step: False
      _last_lr: [0.004]
    ),
  ]
)
2022-11-20 21:27:28,771 | INFO | 
CrossEntropyLoss()
2022-11-20 21:28:04,842 | INFO | cuda:0 epoch: 1/90 train_loss: 2.1800 valid_loss: 1.8776 epoch_time: 34.023 sec
2022-11-20 21:28:38,503 | INFO | cuda:0 epoch: 2/90 train_loss: 1.7845 valid_loss: 1.7165 epoch_time: 33.662 sec
2022-11-20 21:29:12,631 | INFO | cuda:0 epoch: 3/90 train_loss: 1.6326 valid_loss: 1.6202 epoch_time: 34.127 sec
2022-11-20 21:29:46,497 | INFO | cuda:0 epoch: 4/90 train_loss: 1.4985 valid_loss: 1.5888 epoch_time: 33.866 sec
2022-11-20 21:30:20,398 | INFO | cuda:0 epoch: 5/90 train_loss: 1.3880 valid_loss: 1.4200 epoch_time: 33.899 sec
2022-11-20 21:30:54,080 | INFO | cuda:0 epoch: 6/90 train_loss: 1.2772 valid_loss: 1.3183 epoch_time: 33.682 sec
2022-11-20 21:31:27,727 | INFO | cuda:0 epoch: 7/90 train_loss: 1.1463 valid_loss: 1.1426 epoch_time: 33.647 sec
2022-11-20 21:32:01,146 | INFO | cuda:0 epoch: 8/90 train_loss: 1.0441 valid_loss: 1.1145 epoch_time: 33.419 sec
2022-11-20 21:32:34,943 | INFO | cuda:0 epoch: 9/90 train_loss: 0.9583 valid_loss: 1.5123 epoch_time: 33.796 sec
2022-11-20 21:33:08,322 | INFO | cuda:0 epoch: 10/90 train_loss: 0.8919 valid_loss: 0.9208 epoch_time: 33.378 sec
2022-11-20 21:33:42,508 | INFO | cuda:0 epoch: 11/90 train_loss: 0.8275 valid_loss: 0.9668 epoch_time: 34.186 sec
2022-11-20 21:34:16,086 | INFO | cuda:0 epoch: 12/90 train_loss: 0.7691 valid_loss: 0.9347 epoch_time: 33.578 sec
2022-11-20 21:34:49,670 | INFO | cuda:0 epoch: 13/90 train_loss: 0.7233 valid_loss: 0.9488 epoch_time: 33.584 sec
2022-11-20 21:35:23,718 | INFO | cuda:0 epoch: 14/90 train_loss: 0.6792 valid_loss: 1.1575 epoch_time: 34.047 sec
2022-11-20 21:35:57,089 | INFO | cuda:0 epoch: 15/90 train_loss: 0.6467 valid_loss: 0.7620 epoch_time: 33.371 sec
2022-11-20 21:36:30,710 | INFO | cuda:0 epoch: 16/90 train_loss: 0.6184 valid_loss: 1.2009 epoch_time: 33.620 sec
2022-11-20 21:37:04,195 | INFO | cuda:0 epoch: 17/90 train_loss: 0.5863 valid_loss: 2.5110 epoch_time: 33.485 sec
2022-11-20 21:37:37,986 | INFO | cuda:0 epoch: 18/90 train_loss: 0.5636 valid_loss: 1.1199 epoch_time: 33.790 sec
2022-11-20 21:38:11,420 | INFO | cuda:0 epoch: 19/90 train_loss: 0.5368 valid_loss: 1.5457 epoch_time: 33.434 sec
2022-11-20 21:38:44,989 | INFO | cuda:0 epoch: 20/90 train_loss: 0.5256 valid_loss: 1.6698 epoch_time: 33.568 sec
2022-11-20 21:39:19,255 | INFO | cuda:0 epoch: 21/90 train_loss: 0.4997 valid_loss: 0.9537 epoch_time: 34.265 sec
2022-11-20 21:39:54,145 | INFO | cuda:0 epoch: 22/90 train_loss: 0.4980 valid_loss: 0.6626 epoch_time: 34.890 sec
2022-11-20 21:40:28,880 | INFO | cuda:0 epoch: 23/90 train_loss: 0.4775 valid_loss: 0.6459 epoch_time: 34.735 sec
2022-11-20 21:41:02,612 | INFO | cuda:0 epoch: 24/90 train_loss: 0.4665 valid_loss: 0.7352 epoch_time: 33.731 sec
2022-11-20 21:41:36,583 | INFO | cuda:0 epoch: 25/90 train_loss: 0.4471 valid_loss: 0.8577 epoch_time: 33.971 sec
2022-11-20 21:42:10,789 | INFO | cuda:0 epoch: 26/90 train_loss: 0.4354 valid_loss: 1.1932 epoch_time: 34.205 sec
2022-11-20 21:42:44,381 | INFO | cuda:0 epoch: 27/90 train_loss: 0.4266 valid_loss: 0.7318 epoch_time: 33.591 sec
2022-11-20 21:43:18,375 | INFO | cuda:0 epoch: 28/90 train_loss: 0.4144 valid_loss: 1.1004 epoch_time: 33.993 sec
2022-11-20 21:43:52,842 | INFO | cuda:0 epoch: 29/90 train_loss: 0.4051 valid_loss: 1.0095 epoch_time: 34.466 sec
2022-11-20 21:44:26,698 | INFO | cuda:0 epoch: 30/90 train_loss: 0.3930 valid_loss: 0.5850 epoch_time: 33.856 sec
2022-11-20 21:45:00,687 | INFO | cuda:0 epoch: 31/90 train_loss: 0.4016 valid_loss: 0.5592 epoch_time: 33.989 sec
2022-11-20 21:45:35,163 | INFO | cuda:0 epoch: 32/90 train_loss: 0.3829 valid_loss: 1.5270 epoch_time: 34.475 sec
2022-11-20 21:46:08,443 | INFO | cuda:0 epoch: 33/90 train_loss: 0.3723 valid_loss: 0.7019 epoch_time: 33.280 sec
2022-11-20 21:46:42,127 | INFO | cuda:0 epoch: 34/90 train_loss: 0.3654 valid_loss: 0.6937 epoch_time: 33.683 sec
2022-11-20 21:47:15,709 | INFO | cuda:0 epoch: 35/90 train_loss: 0.3520 valid_loss: 0.5915 epoch_time: 33.581 sec
2022-11-20 21:47:50,100 | INFO | cuda:0 epoch: 36/90 train_loss: 0.3544 valid_loss: 0.6495 epoch_time: 34.391 sec
2022-11-20 21:48:23,718 | INFO | cuda:0 epoch: 37/90 train_loss: 0.3451 valid_loss: 0.5975 epoch_time: 33.618 sec
2022-11-20 21:48:57,765 | INFO | cuda:0 epoch: 38/90 train_loss: 0.3411 valid_loss: 0.5391 epoch_time: 34.046 sec
2022-11-20 21:49:32,045 | INFO | cuda:0 epoch: 39/90 train_loss: 0.3261 valid_loss: 0.6313 epoch_time: 34.280 sec
2022-11-20 21:50:05,928 | INFO | cuda:0 epoch: 40/90 train_loss: 0.3264 valid_loss: 0.8246 epoch_time: 33.883 sec
2022-11-20 21:50:40,495 | INFO | cuda:0 epoch: 41/90 train_loss: 0.3205 valid_loss: 0.6474 epoch_time: 34.566 sec
2022-11-20 21:51:14,261 | INFO | cuda:0 epoch: 42/90 train_loss: 0.3124 valid_loss: 0.6085 epoch_time: 33.765 sec
2022-11-20 21:51:47,473 | INFO | cuda:0 epoch: 43/90 train_loss: 0.3129 valid_loss: 0.8931 epoch_time: 33.212 sec
2022-11-20 21:52:20,921 | INFO | cuda:0 epoch: 44/90 train_loss: 0.3124 valid_loss: 0.7774 epoch_time: 33.448 sec
2022-11-20 21:52:54,488 | INFO | cuda:0 epoch: 45/90 train_loss: 0.3021 valid_loss: 2.6789 epoch_time: 33.567 sec
2022-11-20 21:53:27,610 | INFO | cuda:0 epoch: 46/90 train_loss: 0.2901 valid_loss: 0.5851 epoch_time: 33.122 sec
2022-11-20 21:54:01,351 | INFO | cuda:0 epoch: 47/90 train_loss: 0.2880 valid_loss: 0.6793 epoch_time: 33.741 sec
2022-11-20 21:54:34,471 | INFO | cuda:0 epoch: 48/90 train_loss: 0.2852 valid_loss: 0.5635 epoch_time: 33.119 sec
2022-11-20 21:55:08,301 | INFO | cuda:0 epoch: 49/90 train_loss: 0.2806 valid_loss: 0.5681 epoch_time: 33.830 sec
2022-11-20 21:55:41,759 | INFO | cuda:0 epoch: 50/90 train_loss: 0.2785 valid_loss: 0.5778 epoch_time: 33.457 sec
2022-11-20 21:56:15,020 | INFO | cuda:0 epoch: 51/90 train_loss: 0.2797 valid_loss: 0.5299 epoch_time: 33.260 sec
2022-11-20 21:56:48,296 | INFO | cuda:0 epoch: 52/90 train_loss: 0.2709 valid_loss: 0.5774 epoch_time: 33.275 sec
2022-11-20 21:57:22,954 | INFO | cuda:0 epoch: 53/90 train_loss: 0.2731 valid_loss: 0.6093 epoch_time: 34.657 sec
2022-11-20 21:57:56,147 | INFO | cuda:0 epoch: 54/90 train_loss: 0.2592 valid_loss: 0.5438 epoch_time: 33.193 sec
2022-11-20 21:58:29,609 | INFO | cuda:0 epoch: 55/90 train_loss: 0.2579 valid_loss: 0.5484 epoch_time: 33.462 sec
2022-11-20 21:59:04,078 | INFO | cuda:0 epoch: 56/90 train_loss: 0.1872 valid_loss: 0.4357 epoch_time: 34.469 sec
2022-11-20 21:59:37,446 | INFO | cuda:0 epoch: 57/90 train_loss: 0.1516 valid_loss: 0.4198 epoch_time: 33.367 sec
2022-11-20 22:00:11,446 | INFO | cuda:0 epoch: 58/90 train_loss: 0.1375 valid_loss: 0.4062 epoch_time: 34.000 sec
2022-11-20 22:00:44,797 | INFO | cuda:0 epoch: 59/90 train_loss: 0.1303 valid_loss: 0.4006 epoch_time: 33.350 sec
2022-11-20 22:01:18,709 | INFO | cuda:0 epoch: 60/90 train_loss: 0.1234 valid_loss: 0.4073 epoch_time: 33.912 sec
2022-11-20 22:01:52,797 | INFO | cuda:0 epoch: 61/90 train_loss: 0.1165 valid_loss: 0.4211 epoch_time: 34.087 sec
2022-11-20 22:02:26,565 | INFO | cuda:0 epoch: 62/90 train_loss: 0.1134 valid_loss: 0.4393 epoch_time: 33.768 sec
2022-11-20 22:03:00,292 | INFO | cuda:0 epoch: 63/90 train_loss: 0.1061 valid_loss: 0.4301 epoch_time: 33.726 sec
2022-11-20 22:03:33,976 | INFO | cuda:0 epoch: 64/90 train_loss: 0.1052 valid_loss: 0.4552 epoch_time: 33.684 sec
2022-11-20 22:04:07,237 | INFO | cuda:0 epoch: 65/90 train_loss: 0.0997 valid_loss: 0.4121 epoch_time: 33.261 sec
2022-11-20 22:04:41,353 | INFO | cuda:0 epoch: 66/90 train_loss: 0.0978 valid_loss: 0.4597 epoch_time: 34.115 sec
2022-11-20 22:05:14,829 | INFO | cuda:0 epoch: 67/90 train_loss: 0.0921 valid_loss: 0.4478 epoch_time: 33.476 sec
2022-11-20 22:05:47,986 | INFO | cuda:0 epoch: 68/90 train_loss: 0.0910 valid_loss: 0.4368 epoch_time: 33.156 sec
2022-11-20 22:06:21,039 | INFO | cuda:0 epoch: 69/90 train_loss: 0.0870 valid_loss: 0.4394 epoch_time: 33.053 sec
2022-11-20 22:06:54,643 | INFO | cuda:0 epoch: 70/90 train_loss: 0.0859 valid_loss: 0.4533 epoch_time: 33.604 sec
2022-11-20 22:07:27,762 | INFO | cuda:0 epoch: 71/90 train_loss: 0.0853 valid_loss: 0.4725 epoch_time: 33.118 sec
2022-11-20 22:08:01,070 | INFO | cuda:0 epoch: 72/90 train_loss: 0.0824 valid_loss: 0.4510 epoch_time: 33.308 sec
2022-11-20 22:08:34,262 | INFO | cuda:0 epoch: 73/90 train_loss: 0.0798 valid_loss: 0.4754 epoch_time: 33.192 sec
2022-11-20 22:09:07,493 | INFO | cuda:0 epoch: 74/90 train_loss: 0.0775 valid_loss: 0.4897 epoch_time: 33.231 sec
2022-11-20 22:09:41,568 | INFO | cuda:0 epoch: 75/90 train_loss: 0.0772 valid_loss: 0.4738 epoch_time: 34.074 sec
2022-11-20 22:10:15,247 | INFO | cuda:0 epoch: 76/90 train_loss: 0.0683 valid_loss: 0.4656 epoch_time: 33.678 sec
2022-11-20 22:10:48,636 | INFO | cuda:0 epoch: 77/90 train_loss: 0.0678 valid_loss: 0.4632 epoch_time: 33.389 sec
2022-11-20 22:11:22,168 | INFO | cuda:0 epoch: 78/90 train_loss: 0.0678 valid_loss: 0.4450 epoch_time: 33.532 sec
2022-11-20 22:11:56,533 | INFO | cuda:0 epoch: 79/90 train_loss: 0.0652 valid_loss: 0.4590 epoch_time: 34.364 sec
2022-11-20 22:12:29,952 | INFO | cuda:0 epoch: 80/90 train_loss: 0.0654 valid_loss: 0.4727 epoch_time: 33.419 sec
2022-11-20 22:13:03,224 | INFO | cuda:0 epoch: 81/90 train_loss: 0.0655 valid_loss: 0.4464 epoch_time: 33.271 sec
2022-11-20 22:13:37,329 | INFO | cuda:0 epoch: 82/90 train_loss: 0.0653 valid_loss: 0.4572 epoch_time: 34.105 sec
2022-11-20 22:14:11,077 | INFO | cuda:0 epoch: 83/90 train_loss: 0.0640 valid_loss: 0.4616 epoch_time: 33.748 sec
2022-11-20 22:14:44,495 | INFO | cuda:0 epoch: 84/90 train_loss: 0.0652 valid_loss: 0.4677 epoch_time: 33.417 sec
2022-11-20 22:15:17,858 | INFO | cuda:0 epoch: 85/90 train_loss: 0.0633 valid_loss: 0.4482 epoch_time: 33.363 sec
2022-11-20 22:15:50,928 | INFO | cuda:0 epoch: 86/90 train_loss: 0.0641 valid_loss: 0.4627 epoch_time: 33.069 sec
2022-11-20 22:16:25,016 | INFO | cuda:0 epoch: 87/90 train_loss: 0.0638 valid_loss: 0.4707 epoch_time: 34.088 sec
2022-11-20 22:16:58,217 | INFO | cuda:0 epoch: 88/90 train_loss: 0.0626 valid_loss: 0.4556 epoch_time: 33.201 sec
2022-11-20 22:17:32,546 | INFO | cuda:0 epoch: 89/90 train_loss: 0.0621 valid_loss: 0.4771 epoch_time: 34.328 sec
2022-11-20 22:18:05,929 | INFO | cuda:0 epoch: 90/90 train_loss: 0.0644 valid_loss: 0.4574 epoch_time: 33.383 sec
2022-11-20 22:18:31,850 | INFO | 
train_accuracy: 0.984 train_precision: 0.986 train_recall: 0.984 train_f1: 0.984 valid_accuracy: 0.869 valid_precision: 0.879 valid_recall: 0.869 valid_f1: 0.869 total_time: 3035.111 sec
