2022-11-21 04:49:50,667 | INFO | 
model:
  name: ResNet8
  architecture:
    in_channels: 3
    out_channels: 10
    activation: HELU
optimizer:
  name: SGD
  parameters:
    lr: 0.1
    weight_decay: 0.0001
    momentum: 0.9
scheduler:
  num: 1
  scheduler0:
    name: MultiStepLR
    parameters:
      milestones: [45, 65]
      gamma: 0.1
dataset:
  name: CIFAR10
  batch_size: 128
  split:
    train: 0.9
    valid: 0.1
    test: 1.0
train:
  epochs: 90
  device: cuda:1
  save_path: ./checkpoints/helu/cifar10/
  log_path: ./logs/helu/cifar10/
  seed: 42
  save_every: 10
test:
  device: cuda:0
  checkpoint: ./checkpoints/helu/cifar10/
  log_path: ./logs/helu/cifar10/
  seed: 42
2022-11-21 04:49:50,667 | INFO | 
ResNetCifar(
  (conv1): Conv2d(3, 16, kernel_size=(3, 3), stride=(1, 1), padding=(1, 1), bias=False)
  (bn1): BatchNorm2d(16, eps=1e-05, momentum=0.1, affine=True, track_running_stats=True)
  (layer1): Sequential(
    (0): BasicBlockCifar(
      (conv1): Conv2d(16, 16, kernel_size=(3, 3), stride=(1, 1), padding=(1, 1), bias=False)
      (bn1): BatchNorm2d(16, eps=1e-05, momentum=0.1, affine=True, track_running_stats=True)
      (conv2): Conv2d(16, 16, kernel_size=(3, 3), stride=(1, 1), padding=(1, 1), bias=False)
      (bn2): BatchNorm2d(16, eps=1e-05, momentum=0.1, affine=True, track_running_stats=True)
      (shortcut): Sequential()
      (relu): HELU()
    )
  )
  (layer2): Sequential(
    (0): BasicBlockCifar(
      (conv1): Conv2d(16, 32, kernel_size=(3, 3), stride=(2, 2), padding=(1, 1), bias=False)
      (bn1): BatchNorm2d(32, eps=1e-05, momentum=0.1, affine=True, track_running_stats=True)
      (conv2): Conv2d(32, 32, kernel_size=(3, 3), stride=(1, 1), padding=(1, 1), bias=False)
      (bn2): BatchNorm2d(32, eps=1e-05, momentum=0.1, affine=True, track_running_stats=True)
      (shortcut): LambdaLayerCifar()
      (relu): HELU()
    )
  )
  (layer3): Sequential(
    (0): BasicBlockCifar(
      (conv1): Conv2d(32, 64, kernel_size=(3, 3), stride=(2, 2), padding=(1, 1), bias=False)
      (bn1): BatchNorm2d(64, eps=1e-05, momentum=0.1, affine=True, track_running_stats=True)
      (conv2): Conv2d(64, 64, kernel_size=(3, 3), stride=(1, 1), padding=(1, 1), bias=False)
      (bn2): BatchNorm2d(64, eps=1e-05, momentum=0.1, affine=True, track_running_stats=True)
      (shortcut): LambdaLayerCifar()
      (relu): HELU()
    )
  )
  (fc): Linear(in_features=64, out_features=10, bias=True)
  (relu): HELU()
)
2022-11-21 04:49:50,667 | INFO | 
SGD (
Parameter Group 0
    dampening: 0
    initial_lr: 0.1
    lr: 0.1
    momentum: 0.9
    nesterov: False
    weight_decay: 0.0001
)
2022-11-21 04:49:50,668 | INFO | 
MultiStepLR (
  milestones: Counter({45: 1, 65: 1})
  gamma: 0.1
  base_lrs: [0.1]
  last_epoch: 0
  _step_count: 1
  verbose: False
  _get_lr_called_within_step: False
  _last_lr: [0.1]
)
2022-11-21 04:49:50,668 | INFO | 
CrossEntropyLoss()
2022-11-21 04:50:18,234 | INFO | cuda:1 epoch: 1/90 train_loss: 1.6478 valid_loss: 1.4683 epoch_time: 25.501 sec
2022-11-21 04:50:43,745 | INFO | cuda:1 epoch: 2/90 train_loss: 1.2764 valid_loss: 1.1010 epoch_time: 25.512 sec
2022-11-21 04:51:09,467 | INFO | cuda:1 epoch: 3/90 train_loss: 1.0755 valid_loss: 1.0565 epoch_time: 25.721 sec
2022-11-21 04:51:35,559 | INFO | cuda:1 epoch: 4/90 train_loss: 0.9615 valid_loss: 0.9406 epoch_time: 26.092 sec
2022-11-21 04:52:01,022 | INFO | cuda:1 epoch: 5/90 train_loss: 0.8911 valid_loss: 0.9117 epoch_time: 25.463 sec
2022-11-21 04:52:26,731 | INFO | cuda:1 epoch: 6/90 train_loss: 0.8278 valid_loss: 0.8498 epoch_time: 25.709 sec
2022-11-21 04:52:52,429 | INFO | cuda:1 epoch: 7/90 train_loss: 0.7749 valid_loss: 0.7711 epoch_time: 25.697 sec
2022-11-21 04:53:18,281 | INFO | cuda:1 epoch: 8/90 train_loss: 0.7314 valid_loss: 0.7681 epoch_time: 25.852 sec
2022-11-21 04:53:43,733 | INFO | cuda:1 epoch: 9/90 train_loss: 0.6966 valid_loss: 0.7757 epoch_time: 25.452 sec
2022-11-21 04:54:09,462 | INFO | cuda:1 epoch: 10/90 train_loss: 0.6639 valid_loss: 0.6871 epoch_time: 25.729 sec
2022-11-21 04:54:35,127 | INFO | cuda:1 epoch: 11/90 train_loss: 0.6414 valid_loss: 0.6846 epoch_time: 25.665 sec
2022-11-21 04:55:00,800 | INFO | cuda:1 epoch: 12/90 train_loss: 0.6189 valid_loss: 0.7085 epoch_time: 25.673 sec
2022-11-21 04:55:26,683 | INFO | cuda:1 epoch: 13/90 train_loss: 0.6014 valid_loss: 0.7105 epoch_time: 25.882 sec
2022-11-21 04:55:52,188 | INFO | cuda:1 epoch: 14/90 train_loss: 0.5804 valid_loss: 0.6648 epoch_time: 25.505 sec
2022-11-21 04:56:17,960 | INFO | cuda:1 epoch: 15/90 train_loss: 0.5673 valid_loss: 0.6997 epoch_time: 25.772 sec
2022-11-21 04:56:43,882 | INFO | cuda:1 epoch: 16/90 train_loss: 0.5563 valid_loss: 0.6716 epoch_time: 25.921 sec
2022-11-21 04:57:09,402 | INFO | cuda:1 epoch: 17/90 train_loss: 0.5390 valid_loss: 0.6466 epoch_time: 25.519 sec
2022-11-21 04:57:34,911 | INFO | cuda:1 epoch: 18/90 train_loss: 0.5318 valid_loss: 0.6653 epoch_time: 25.510 sec
2022-11-21 04:58:00,446 | INFO | cuda:1 epoch: 19/90 train_loss: 0.5229 valid_loss: 0.6298 epoch_time: 25.535 sec
2022-11-21 04:58:26,024 | INFO | cuda:1 epoch: 20/90 train_loss: 0.5168 valid_loss: 0.5912 epoch_time: 25.578 sec
2022-11-21 04:58:51,447 | INFO | cuda:1 epoch: 21/90 train_loss: 0.5082 valid_loss: 0.6377 epoch_time: 25.422 sec
2022-11-21 04:59:17,048 | INFO | cuda:1 epoch: 22/90 train_loss: 0.4999 valid_loss: 0.6179 epoch_time: 25.601 sec
2022-11-21 04:59:42,785 | INFO | cuda:1 epoch: 23/90 train_loss: 0.4935 valid_loss: 0.6250 epoch_time: 25.736 sec
2022-11-21 05:00:08,376 | INFO | cuda:1 epoch: 24/90 train_loss: 0.4893 valid_loss: 0.6273 epoch_time: 25.591 sec
2022-11-21 05:00:34,051 | INFO | cuda:1 epoch: 25/90 train_loss: 0.4823 valid_loss: 0.5754 epoch_time: 25.675 sec
2022-11-21 05:00:59,575 | INFO | cuda:1 epoch: 26/90 train_loss: 0.4779 valid_loss: 0.6034 epoch_time: 25.523 sec
2022-11-21 05:01:25,463 | INFO | cuda:1 epoch: 27/90 train_loss: 0.4707 valid_loss: 0.5634 epoch_time: 25.888 sec
2022-11-21 05:01:51,420 | INFO | cuda:1 epoch: 28/90 train_loss: 0.4690 valid_loss: 0.5606 epoch_time: 25.956 sec
2022-11-21 05:02:16,667 | INFO | cuda:1 epoch: 29/90 train_loss: 0.4666 valid_loss: 0.5590 epoch_time: 25.247 sec
2022-11-21 05:02:42,231 | INFO | cuda:1 epoch: 30/90 train_loss: 0.4573 valid_loss: 0.5679 epoch_time: 25.563 sec
2022-11-21 05:03:07,691 | INFO | cuda:1 epoch: 31/90 train_loss: 0.4533 valid_loss: 0.5721 epoch_time: 25.460 sec
2022-11-21 05:03:33,162 | INFO | cuda:1 epoch: 32/90 train_loss: 0.4479 valid_loss: 0.5796 epoch_time: 25.471 sec
2022-11-21 05:03:58,526 | INFO | cuda:1 epoch: 33/90 train_loss: 0.4490 valid_loss: 0.5700 epoch_time: 25.364 sec
2022-11-21 05:04:24,085 | INFO | cuda:1 epoch: 34/90 train_loss: 0.4453 valid_loss: 0.5837 epoch_time: 25.558 sec
2022-11-21 05:04:49,596 | INFO | cuda:1 epoch: 35/90 train_loss: 0.4425 valid_loss: 0.5872 epoch_time: 25.510 sec
2022-11-21 05:05:15,331 | INFO | cuda:1 epoch: 36/90 train_loss: 0.4360 valid_loss: 0.5272 epoch_time: 25.735 sec
2022-11-21 05:05:40,529 | INFO | cuda:1 epoch: 37/90 train_loss: 0.4302 valid_loss: 0.5332 epoch_time: 25.198 sec
2022-11-21 05:06:05,813 | INFO | cuda:1 epoch: 38/90 train_loss: 0.4401 valid_loss: 0.5615 epoch_time: 25.284 sec
2022-11-21 05:06:31,456 | INFO | cuda:1 epoch: 39/90 train_loss: 0.4287 valid_loss: 0.5548 epoch_time: 25.642 sec
2022-11-21 05:06:57,064 | INFO | cuda:1 epoch: 40/90 train_loss: 0.4313 valid_loss: 0.5193 epoch_time: 25.608 sec
2022-11-21 05:07:22,472 | INFO | cuda:1 epoch: 41/90 train_loss: 0.4256 valid_loss: 0.5506 epoch_time: 25.407 sec
2022-11-21 05:07:47,858 | INFO | cuda:1 epoch: 42/90 train_loss: 0.4211 valid_loss: 0.5708 epoch_time: 25.386 sec
2022-11-21 05:08:13,389 | INFO | cuda:1 epoch: 43/90 train_loss: 0.4149 valid_loss: 0.5582 epoch_time: 25.531 sec
2022-11-21 05:08:38,981 | INFO | cuda:1 epoch: 44/90 train_loss: 0.4174 valid_loss: 0.5467 epoch_time: 25.592 sec
2022-11-21 05:09:04,450 | INFO | cuda:1 epoch: 45/90 train_loss: 0.4132 valid_loss: 0.5347 epoch_time: 25.468 sec
2022-11-21 05:09:29,919 | INFO | cuda:1 epoch: 46/90 train_loss: 0.3356 valid_loss: 0.4630 epoch_time: 25.469 sec
2022-11-21 05:09:55,740 | INFO | cuda:1 epoch: 47/90 train_loss: 0.3173 valid_loss: 0.4483 epoch_time: 25.821 sec
2022-11-21 05:10:21,092 | INFO | cuda:1 epoch: 48/90 train_loss: 0.3131 valid_loss: 0.4375 epoch_time: 25.352 sec
2022-11-21 05:10:46,540 | INFO | cuda:1 epoch: 49/90 train_loss: 0.3056 valid_loss: 0.4437 epoch_time: 25.447 sec
2022-11-21 05:11:11,902 | INFO | cuda:1 epoch: 50/90 train_loss: 0.3011 valid_loss: 0.4351 epoch_time: 25.362 sec
2022-11-21 05:11:37,320 | INFO | cuda:1 epoch: 51/90 train_loss: 0.2980 valid_loss: 0.4381 epoch_time: 25.417 sec
2022-11-21 05:12:02,773 | INFO | cuda:1 epoch: 52/90 train_loss: 0.2938 valid_loss: 0.4501 epoch_time: 25.453 sec
2022-11-21 05:12:29,040 | INFO | cuda:1 epoch: 53/90 train_loss: 0.2956 valid_loss: 0.4334 epoch_time: 26.267 sec
2022-11-21 05:12:54,390 | INFO | cuda:1 epoch: 54/90 train_loss: 0.2876 valid_loss: 0.4432 epoch_time: 25.350 sec
2022-11-21 05:13:19,638 | INFO | cuda:1 epoch: 55/90 train_loss: 0.2872 valid_loss: 0.4505 epoch_time: 25.248 sec
2022-11-21 05:13:45,064 | INFO | cuda:1 epoch: 56/90 train_loss: 0.2862 valid_loss: 0.4351 epoch_time: 25.426 sec
2022-11-21 05:14:10,754 | INFO | cuda:1 epoch: 57/90 train_loss: 0.2814 valid_loss: 0.4432 epoch_time: 25.689 sec
2022-11-21 05:14:36,379 | INFO | cuda:1 epoch: 58/90 train_loss: 0.2817 valid_loss: 0.4731 epoch_time: 25.625 sec
2022-11-21 05:15:01,953 | INFO | cuda:1 epoch: 59/90 train_loss: 0.2791 valid_loss: 0.4499 epoch_time: 25.573 sec
2022-11-21 05:15:27,256 | INFO | cuda:1 epoch: 60/90 train_loss: 0.2804 valid_loss: 0.4410 epoch_time: 25.303 sec
2022-11-21 05:15:52,996 | INFO | cuda:1 epoch: 61/90 train_loss: 0.2786 valid_loss: 0.4440 epoch_time: 25.740 sec
2022-11-21 05:16:18,431 | INFO | cuda:1 epoch: 62/90 train_loss: 0.2759 valid_loss: 0.4399 epoch_time: 25.435 sec
2022-11-21 05:16:45,487 | INFO | cuda:1 epoch: 63/90 train_loss: 0.2738 valid_loss: 0.4613 epoch_time: 27.055 sec
2022-11-21 05:17:12,093 | INFO | cuda:1 epoch: 64/90 train_loss: 0.2730 valid_loss: 0.4370 epoch_time: 26.606 sec
2022-11-21 05:17:38,400 | INFO | cuda:1 epoch: 65/90 train_loss: 0.2714 valid_loss: 0.4474 epoch_time: 26.307 sec
2022-11-21 05:18:04,699 | INFO | cuda:1 epoch: 66/90 train_loss: 0.2612 valid_loss: 0.4379 epoch_time: 26.299 sec
2022-11-21 05:18:30,858 | INFO | cuda:1 epoch: 67/90 train_loss: 0.2601 valid_loss: 0.4494 epoch_time: 26.159 sec
2022-11-21 05:18:56,433 | INFO | cuda:1 epoch: 68/90 train_loss: 0.2606 valid_loss: 0.4403 epoch_time: 25.574 sec
2022-11-21 05:19:21,691 | INFO | cuda:1 epoch: 69/90 train_loss: 0.2585 valid_loss: 0.4423 epoch_time: 25.258 sec
2022-11-21 05:19:47,294 | INFO | cuda:1 epoch: 70/90 train_loss: 0.2572 valid_loss: 0.4299 epoch_time: 25.603 sec
2022-11-21 05:20:12,731 | INFO | cuda:1 epoch: 71/90 train_loss: 0.2562 valid_loss: 0.4402 epoch_time: 25.437 sec
2022-11-21 05:20:38,409 | INFO | cuda:1 epoch: 72/90 train_loss: 0.2555 valid_loss: 0.4224 epoch_time: 25.678 sec
2022-11-21 05:21:03,839 | INFO | cuda:1 epoch: 73/90 train_loss: 0.2566 valid_loss: 0.4297 epoch_time: 25.429 sec
2022-11-21 05:21:28,912 | INFO | cuda:1 epoch: 74/90 train_loss: 0.2570 valid_loss: 0.4433 epoch_time: 25.073 sec
2022-11-21 05:21:54,776 | INFO | cuda:1 epoch: 75/90 train_loss: 0.2545 valid_loss: 0.4516 epoch_time: 25.864 sec
2022-11-21 05:22:20,220 | INFO | cuda:1 epoch: 76/90 train_loss: 0.2591 valid_loss: 0.4433 epoch_time: 25.444 sec
2022-11-21 05:22:45,696 | INFO | cuda:1 epoch: 77/90 train_loss: 0.2583 valid_loss: 0.4464 epoch_time: 25.476 sec
2022-11-21 05:23:10,960 | INFO | cuda:1 epoch: 78/90 train_loss: 0.2556 valid_loss: 0.4247 epoch_time: 25.263 sec
2022-11-21 05:23:35,989 | INFO | cuda:1 epoch: 79/90 train_loss: 0.2542 valid_loss: 0.4316 epoch_time: 25.028 sec
2022-11-21 05:24:01,328 | INFO | cuda:1 epoch: 80/90 train_loss: 0.2577 valid_loss: 0.4436 epoch_time: 25.339 sec
2022-11-21 05:24:26,910 | INFO | cuda:1 epoch: 81/90 train_loss: 0.2539 valid_loss: 0.4341 epoch_time: 25.582 sec
2022-11-21 05:24:52,249 | INFO | cuda:1 epoch: 82/90 train_loss: 0.2517 valid_loss: 0.4390 epoch_time: 25.338 sec
2022-11-21 05:25:17,733 | INFO | cuda:1 epoch: 83/90 train_loss: 0.2508 valid_loss: 0.4394 epoch_time: 25.484 sec
2022-11-21 05:25:43,095 | INFO | cuda:1 epoch: 84/90 train_loss: 0.2569 valid_loss: 0.4297 epoch_time: 25.362 sec
2022-11-21 05:26:08,732 | INFO | cuda:1 epoch: 85/90 train_loss: 0.2504 valid_loss: 0.4543 epoch_time: 25.636 sec
2022-11-21 05:26:33,941 | INFO | cuda:1 epoch: 86/90 train_loss: 0.2519 valid_loss: 0.4502 epoch_time: 25.209 sec
2022-11-21 05:26:59,471 | INFO | cuda:1 epoch: 87/90 train_loss: 0.2525 valid_loss: 0.4286 epoch_time: 25.530 sec
2022-11-21 05:27:24,768 | INFO | cuda:1 epoch: 88/90 train_loss: 0.2527 valid_loss: 0.4378 epoch_time: 25.297 sec
2022-11-21 05:27:49,906 | INFO | cuda:1 epoch: 89/90 train_loss: 0.2566 valid_loss: 0.4470 epoch_time: 25.138 sec
2022-11-21 05:28:15,580 | INFO | cuda:1 epoch: 90/90 train_loss: 0.2523 valid_loss: 0.4332 epoch_time: 25.673 sec
2022-11-21 05:28:38,758 | INFO | 
train_accuracy: 0.920 train_precision: 0.926 train_recall: 0.920 train_f1: 0.920 valid_accuracy: 0.852 valid_precision: 0.860 valid_recall: 0.852 valid_f1: 0.852 total_time: 2302.848 sec
