2022-11-21 15:54:19,603 | INFO | 
model:
  name: ResNet20
  architecture:
    in_channels: 3
    out_channels: 10
    activation: HELU
optimizer:
  name: SGD
  parameters:
    lr: 0.1
    weight_decay: 0.0001
    momentum: 0.9
scheduler:
  num: 1
  scheduler0:
    name: MultiStepLR
    parameters:
      milestones: [45, 65]
      gamma: 0.1
dataset:
  name: CIFAR10
  batch_size: 128
  split:
    train: 0.9
    valid: 0.1
    test: 1.0
train:
  epochs: 90
  device: cuda:1
  save_path: ./checkpoints/helu/cifar10/
  log_path: ./logs/helu/cifar10/
  seed: 42
  save_every: 10
test:
  device: cuda:0
  checkpoint: ./checkpoints/helu/cifar10/
  log_path: ./logs/helu/cifar10/
  seed: 42
2022-11-21 15:54:19,604 | INFO | 
ResNetCifar(
  (conv1): Conv2d(3, 16, kernel_size=(3, 3), stride=(1, 1), padding=(1, 1), bias=False)
  (bn1): BatchNorm2d(16, eps=1e-05, momentum=0.1, affine=True, track_running_stats=True)
  (layer1): Sequential(
    (0): BasicBlockCifar(
      (conv1): Conv2d(16, 16, kernel_size=(3, 3), stride=(1, 1), padding=(1, 1), bias=False)
      (bn1): BatchNorm2d(16, eps=1e-05, momentum=0.1, affine=True, track_running_stats=True)
      (conv2): Conv2d(16, 16, kernel_size=(3, 3), stride=(1, 1), padding=(1, 1), bias=False)
      (bn2): BatchNorm2d(16, eps=1e-05, momentum=0.1, affine=True, track_running_stats=True)
      (shortcut): Sequential()
      (relu): HELU()
    )
    (1): BasicBlockCifar(
      (conv1): Conv2d(16, 16, kernel_size=(3, 3), stride=(1, 1), padding=(1, 1), bias=False)
      (bn1): BatchNorm2d(16, eps=1e-05, momentum=0.1, affine=True, track_running_stats=True)
      (conv2): Conv2d(16, 16, kernel_size=(3, 3), stride=(1, 1), padding=(1, 1), bias=False)
      (bn2): BatchNorm2d(16, eps=1e-05, momentum=0.1, affine=True, track_running_stats=True)
      (shortcut): Sequential()
      (relu): HELU()
    )
    (2): BasicBlockCifar(
      (conv1): Conv2d(16, 16, kernel_size=(3, 3), stride=(1, 1), padding=(1, 1), bias=False)
      (bn1): BatchNorm2d(16, eps=1e-05, momentum=0.1, affine=True, track_running_stats=True)
      (conv2): Conv2d(16, 16, kernel_size=(3, 3), stride=(1, 1), padding=(1, 1), bias=False)
      (bn2): BatchNorm2d(16, eps=1e-05, momentum=0.1, affine=True, track_running_stats=True)
      (shortcut): Sequential()
      (relu): HELU()
    )
  )
  (layer2): Sequential(
    (0): BasicBlockCifar(
      (conv1): Conv2d(16, 32, kernel_size=(3, 3), stride=(2, 2), padding=(1, 1), bias=False)
      (bn1): BatchNorm2d(32, eps=1e-05, momentum=0.1, affine=True, track_running_stats=True)
      (conv2): Conv2d(32, 32, kernel_size=(3, 3), stride=(1, 1), padding=(1, 1), bias=False)
      (bn2): BatchNorm2d(32, eps=1e-05, momentum=0.1, affine=True, track_running_stats=True)
      (shortcut): LambdaLayerCifar()
      (relu): HELU()
    )
    (1): BasicBlockCifar(
      (conv1): Conv2d(32, 32, kernel_size=(3, 3), stride=(1, 1), padding=(1, 1), bias=False)
      (bn1): BatchNorm2d(32, eps=1e-05, momentum=0.1, affine=True, track_running_stats=True)
      (conv2): Conv2d(32, 32, kernel_size=(3, 3), stride=(1, 1), padding=(1, 1), bias=False)
      (bn2): BatchNorm2d(32, eps=1e-05, momentum=0.1, affine=True, track_running_stats=True)
      (shortcut): Sequential()
      (relu): HELU()
    )
    (2): BasicBlockCifar(
      (conv1): Conv2d(32, 32, kernel_size=(3, 3), stride=(1, 1), padding=(1, 1), bias=False)
      (bn1): BatchNorm2d(32, eps=1e-05, momentum=0.1, affine=True, track_running_stats=True)
      (conv2): Conv2d(32, 32, kernel_size=(3, 3), stride=(1, 1), padding=(1, 1), bias=False)
      (bn2): BatchNorm2d(32, eps=1e-05, momentum=0.1, affine=True, track_running_stats=True)
      (shortcut): Sequential()
      (relu): HELU()
    )
  )
  (layer3): Sequential(
    (0): BasicBlockCifar(
      (conv1): Conv2d(32, 64, kernel_size=(3, 3), stride=(2, 2), padding=(1, 1), bias=False)
      (bn1): BatchNorm2d(64, eps=1e-05, momentum=0.1, affine=True, track_running_stats=True)
      (conv2): Conv2d(64, 64, kernel_size=(3, 3), stride=(1, 1), padding=(1, 1), bias=False)
      (bn2): BatchNorm2d(64, eps=1e-05, momentum=0.1, affine=True, track_running_stats=True)
      (shortcut): LambdaLayerCifar()
      (relu): HELU()
    )
    (1): BasicBlockCifar(
      (conv1): Conv2d(64, 64, kernel_size=(3, 3), stride=(1, 1), padding=(1, 1), bias=False)
      (bn1): BatchNorm2d(64, eps=1e-05, momentum=0.1, affine=True, track_running_stats=True)
      (conv2): Conv2d(64, 64, kernel_size=(3, 3), stride=(1, 1), padding=(1, 1), bias=False)
      (bn2): BatchNorm2d(64, eps=1e-05, momentum=0.1, affine=True, track_running_stats=True)
      (shortcut): Sequential()
      (relu): HELU()
    )
    (2): BasicBlockCifar(
      (conv1): Conv2d(64, 64, kernel_size=(3, 3), stride=(1, 1), padding=(1, 1), bias=False)
      (bn1): BatchNorm2d(64, eps=1e-05, momentum=0.1, affine=True, track_running_stats=True)
      (conv2): Conv2d(64, 64, kernel_size=(3, 3), stride=(1, 1), padding=(1, 1), bias=False)
      (bn2): BatchNorm2d(64, eps=1e-05, momentum=0.1, affine=True, track_running_stats=True)
      (shortcut): Sequential()
      (relu): HELU()
    )
  )
  (fc): Linear(in_features=64, out_features=10, bias=True)
  (relu): HELU()
)
2022-11-21 15:54:19,605 | INFO | 
SGD (
Parameter Group 0
    dampening: 0
    initial_lr: 0.1
    lr: 0.1
    momentum: 0.9
    nesterov: False
    weight_decay: 0.0001
)
2022-11-21 15:54:19,605 | INFO | 
MultiStepLR (
  milestones: Counter({45: 1, 65: 1})
  gamma: 0.1
  base_lrs: [0.1]
  last_epoch: 0
  _step_count: 1
  verbose: False
  _get_lr_called_within_step: False
  _last_lr: [0.1]
)
2022-11-21 15:54:19,605 | INFO | 
CrossEntropyLoss()
2022-11-21 15:54:55,284 | INFO | cuda:1 epoch: 1/90 train_loss: 1.6120 valid_loss: 1.5415 epoch_time: 33.662 sec
2022-11-21 15:55:28,641 | INFO | cuda:1 epoch: 2/90 train_loss: 1.1471 valid_loss: 1.4071 epoch_time: 33.357 sec
2022-11-21 15:56:02,385 | INFO | cuda:1 epoch: 3/90 train_loss: 0.9599 valid_loss: 0.9679 epoch_time: 33.744 sec
2022-11-21 15:56:36,257 | INFO | cuda:1 epoch: 4/90 train_loss: 0.8348 valid_loss: 0.8379 epoch_time: 33.871 sec
2022-11-21 15:57:10,043 | INFO | cuda:1 epoch: 5/90 train_loss: 0.7469 valid_loss: 0.7520 epoch_time: 33.786 sec
2022-11-21 15:57:44,287 | INFO | cuda:1 epoch: 6/90 train_loss: 0.6817 valid_loss: 0.7808 epoch_time: 34.244 sec
2022-11-21 15:58:18,701 | INFO | cuda:1 epoch: 7/90 train_loss: 0.6329 valid_loss: 0.7812 epoch_time: 34.414 sec
2022-11-21 15:58:53,836 | INFO | cuda:1 epoch: 8/90 train_loss: 0.5960 valid_loss: 0.7002 epoch_time: 35.134 sec
2022-11-21 15:59:27,587 | INFO | cuda:1 epoch: 9/90 train_loss: 0.5579 valid_loss: 0.7307 epoch_time: 33.751 sec
2022-11-21 16:00:01,047 | INFO | cuda:1 epoch: 10/90 train_loss: 0.5317 valid_loss: 0.6496 epoch_time: 33.459 sec
2022-11-21 16:00:34,945 | INFO | cuda:1 epoch: 11/90 train_loss: 0.5049 valid_loss: 0.5886 epoch_time: 33.899 sec
2022-11-21 16:01:08,673 | INFO | cuda:1 epoch: 12/90 train_loss: 0.4757 valid_loss: 0.5770 epoch_time: 33.727 sec
2022-11-21 16:01:41,918 | INFO | cuda:1 epoch: 13/90 train_loss: 0.4607 valid_loss: 0.5517 epoch_time: 33.245 sec
2022-11-21 16:02:16,246 | INFO | cuda:1 epoch: 14/90 train_loss: 0.4490 valid_loss: 0.5475 epoch_time: 34.327 sec
2022-11-21 16:02:50,565 | INFO | cuda:1 epoch: 15/90 train_loss: 0.4332 valid_loss: 0.6088 epoch_time: 34.319 sec
2022-11-21 16:03:25,027 | INFO | cuda:1 epoch: 16/90 train_loss: 0.4148 valid_loss: 0.5597 epoch_time: 34.461 sec
2022-11-21 16:03:58,807 | INFO | cuda:1 epoch: 17/90 train_loss: 0.4056 valid_loss: 0.7272 epoch_time: 33.779 sec
2022-11-21 16:04:32,628 | INFO | cuda:1 epoch: 18/90 train_loss: 0.3891 valid_loss: 0.4953 epoch_time: 33.821 sec
2022-11-21 16:05:06,557 | INFO | cuda:1 epoch: 19/90 train_loss: 0.3819 valid_loss: 0.4978 epoch_time: 33.929 sec
2022-11-21 16:05:40,172 | INFO | cuda:1 epoch: 20/90 train_loss: 0.3745 valid_loss: 0.5531 epoch_time: 33.614 sec
2022-11-21 16:06:14,022 | INFO | cuda:1 epoch: 21/90 train_loss: 0.3623 valid_loss: 0.4869 epoch_time: 33.850 sec
2022-11-21 16:06:47,728 | INFO | cuda:1 epoch: 22/90 train_loss: 0.3568 valid_loss: 0.4619 epoch_time: 33.705 sec
2022-11-21 16:07:21,428 | INFO | cuda:1 epoch: 23/90 train_loss: 0.3445 valid_loss: 0.4940 epoch_time: 33.699 sec
2022-11-21 16:07:54,940 | INFO | cuda:1 epoch: 24/90 train_loss: 0.3359 valid_loss: 0.4395 epoch_time: 33.512 sec
2022-11-21 16:08:28,975 | INFO | cuda:1 epoch: 25/90 train_loss: 0.3333 valid_loss: 0.4434 epoch_time: 34.034 sec
2022-11-21 16:09:02,280 | INFO | cuda:1 epoch: 26/90 train_loss: 0.3243 valid_loss: 0.5063 epoch_time: 33.305 sec
2022-11-21 16:09:36,150 | INFO | cuda:1 epoch: 27/90 train_loss: 0.3166 valid_loss: 0.4904 epoch_time: 33.869 sec
2022-11-21 16:10:09,633 | INFO | cuda:1 epoch: 28/90 train_loss: 0.3118 valid_loss: 0.4601 epoch_time: 33.483 sec
2022-11-21 16:10:43,299 | INFO | cuda:1 epoch: 29/90 train_loss: 0.3124 valid_loss: 0.5370 epoch_time: 33.666 sec
2022-11-21 16:11:17,288 | INFO | cuda:1 epoch: 30/90 train_loss: 0.3029 valid_loss: 0.4471 epoch_time: 33.988 sec
2022-11-21 16:11:51,062 | INFO | cuda:1 epoch: 31/90 train_loss: 0.2981 valid_loss: 0.4811 epoch_time: 33.774 sec
2022-11-21 16:12:24,958 | INFO | cuda:1 epoch: 32/90 train_loss: 0.3001 valid_loss: 0.5264 epoch_time: 33.896 sec
2022-11-21 16:12:58,984 | INFO | cuda:1 epoch: 33/90 train_loss: 0.2867 valid_loss: 0.4417 epoch_time: 34.025 sec
2022-11-21 16:13:33,593 | INFO | cuda:1 epoch: 34/90 train_loss: 0.2916 valid_loss: 0.5276 epoch_time: 34.609 sec
2022-11-21 16:14:07,239 | INFO | cuda:1 epoch: 35/90 train_loss: 0.2761 valid_loss: 0.4916 epoch_time: 33.645 sec
2022-11-21 16:14:40,850 | INFO | cuda:1 epoch: 36/90 train_loss: 0.2780 valid_loss: 0.4852 epoch_time: 33.611 sec
2022-11-21 16:15:14,447 | INFO | cuda:1 epoch: 37/90 train_loss: 0.2720 valid_loss: 0.5019 epoch_time: 33.596 sec
2022-11-21 16:15:48,195 | INFO | cuda:1 epoch: 38/90 train_loss: 0.2706 valid_loss: 0.4792 epoch_time: 33.747 sec
2022-11-21 16:16:21,967 | INFO | cuda:1 epoch: 39/90 train_loss: 0.2639 valid_loss: 0.5433 epoch_time: 33.772 sec
2022-11-21 16:16:55,484 | INFO | cuda:1 epoch: 40/90 train_loss: 0.2657 valid_loss: 0.5047 epoch_time: 33.517 sec
2022-11-21 16:17:29,118 | INFO | cuda:1 epoch: 41/90 train_loss: 0.2617 valid_loss: 0.5313 epoch_time: 33.635 sec
2022-11-21 16:18:02,693 | INFO | cuda:1 epoch: 42/90 train_loss: 0.2604 valid_loss: 0.4869 epoch_time: 33.574 sec
2022-11-21 16:18:36,738 | INFO | cuda:1 epoch: 43/90 train_loss: 0.2597 valid_loss: 0.4482 epoch_time: 34.045 sec
2022-11-21 16:19:10,907 | INFO | cuda:1 epoch: 44/90 train_loss: 0.2605 valid_loss: 0.4670 epoch_time: 34.169 sec
2022-11-21 16:19:44,714 | INFO | cuda:1 epoch: 45/90 train_loss: 0.2487 valid_loss: 0.4619 epoch_time: 33.807 sec
2022-11-21 16:20:18,786 | INFO | cuda:1 epoch: 46/90 train_loss: 0.1668 valid_loss: 0.3321 epoch_time: 34.071 sec
2022-11-21 16:20:53,080 | INFO | cuda:1 epoch: 47/90 train_loss: 0.1361 valid_loss: 0.3599 epoch_time: 34.294 sec
2022-11-21 16:21:27,221 | INFO | cuda:1 epoch: 48/90 train_loss: 0.1213 valid_loss: 0.3382 epoch_time: 34.141 sec
2022-11-21 16:22:00,900 | INFO | cuda:1 epoch: 49/90 train_loss: 0.1159 valid_loss: 0.3233 epoch_time: 33.678 sec
2022-11-21 16:22:34,862 | INFO | cuda:1 epoch: 50/90 train_loss: 0.1065 valid_loss: 0.3472 epoch_time: 33.961 sec
2022-11-21 16:23:08,518 | INFO | cuda:1 epoch: 51/90 train_loss: 0.1017 valid_loss: 0.3367 epoch_time: 33.656 sec
2022-11-21 16:23:42,323 | INFO | cuda:1 epoch: 52/90 train_loss: 0.0968 valid_loss: 0.3585 epoch_time: 33.805 sec
2022-11-21 16:24:16,054 | INFO | cuda:1 epoch: 53/90 train_loss: 0.0919 valid_loss: 0.3629 epoch_time: 33.731 sec
2022-11-21 16:24:50,242 | INFO | cuda:1 epoch: 54/90 train_loss: 0.0876 valid_loss: 0.3549 epoch_time: 34.188 sec
2022-11-21 16:25:24,105 | INFO | cuda:1 epoch: 55/90 train_loss: 0.0845 valid_loss: 0.3561 epoch_time: 33.862 sec
2022-11-21 16:25:57,935 | INFO | cuda:1 epoch: 56/90 train_loss: 0.0829 valid_loss: 0.3507 epoch_time: 33.830 sec
2022-11-21 16:26:31,943 | INFO | cuda:1 epoch: 57/90 train_loss: 0.0810 valid_loss: 0.3686 epoch_time: 34.008 sec
2022-11-21 16:27:06,645 | INFO | cuda:1 epoch: 58/90 train_loss: 0.0771 valid_loss: 0.3520 epoch_time: 34.701 sec
2022-11-21 16:27:40,752 | INFO | cuda:1 epoch: 59/90 train_loss: 0.0730 valid_loss: 0.3776 epoch_time: 34.107 sec
2022-11-21 16:28:14,704 | INFO | cuda:1 epoch: 60/90 train_loss: 0.0727 valid_loss: 0.3708 epoch_time: 33.952 sec
2022-11-21 16:28:49,069 | INFO | cuda:1 epoch: 61/90 train_loss: 0.0722 valid_loss: 0.3865 epoch_time: 34.364 sec
2022-11-21 16:29:22,586 | INFO | cuda:1 epoch: 62/90 train_loss: 0.0698 valid_loss: 0.3731 epoch_time: 33.517 sec
2022-11-21 16:29:56,329 | INFO | cuda:1 epoch: 63/90 train_loss: 0.0662 valid_loss: 0.3906 epoch_time: 33.743 sec
2022-11-21 16:30:30,261 | INFO | cuda:1 epoch: 64/90 train_loss: 0.0652 valid_loss: 0.3965 epoch_time: 33.932 sec
2022-11-21 16:31:04,345 | INFO | cuda:1 epoch: 65/90 train_loss: 0.0629 valid_loss: 0.3908 epoch_time: 34.083 sec
2022-11-21 16:31:38,147 | INFO | cuda:1 epoch: 66/90 train_loss: 0.0570 valid_loss: 0.3538 epoch_time: 33.802 sec
2022-11-21 16:32:11,816 | INFO | cuda:1 epoch: 67/90 train_loss: 0.0547 valid_loss: 0.3784 epoch_time: 33.669 sec
2022-11-21 16:32:45,630 | INFO | cuda:1 epoch: 68/90 train_loss: 0.0535 valid_loss: 0.3603 epoch_time: 33.813 sec
2022-11-21 16:33:19,475 | INFO | cuda:1 epoch: 69/90 train_loss: 0.0554 valid_loss: 0.3717 epoch_time: 33.845 sec
2022-11-21 16:33:53,322 | INFO | cuda:1 epoch: 70/90 train_loss: 0.0537 valid_loss: 0.3691 epoch_time: 33.847 sec
2022-11-21 16:34:26,969 | INFO | cuda:1 epoch: 71/90 train_loss: 0.0523 valid_loss: 0.3708 epoch_time: 33.647 sec
2022-11-21 16:35:01,351 | INFO | cuda:1 epoch: 72/90 train_loss: 0.0522 valid_loss: 0.3916 epoch_time: 34.382 sec
2022-11-21 16:35:34,931 | INFO | cuda:1 epoch: 73/90 train_loss: 0.0544 valid_loss: 0.3650 epoch_time: 33.579 sec
2022-11-21 16:36:08,600 | INFO | cuda:1 epoch: 74/90 train_loss: 0.0522 valid_loss: 0.3741 epoch_time: 33.668 sec
2022-11-21 16:36:42,175 | INFO | cuda:1 epoch: 75/90 train_loss: 0.0514 valid_loss: 0.3760 epoch_time: 33.576 sec
2022-11-21 16:37:16,709 | INFO | cuda:1 epoch: 76/90 train_loss: 0.0506 valid_loss: 0.3925 epoch_time: 34.533 sec
2022-11-21 16:37:50,844 | INFO | cuda:1 epoch: 77/90 train_loss: 0.0514 valid_loss: 0.3922 epoch_time: 34.134 sec
2022-11-21 16:38:24,530 | INFO | cuda:1 epoch: 78/90 train_loss: 0.0493 valid_loss: 0.3885 epoch_time: 33.685 sec
2022-11-21 16:38:58,396 | INFO | cuda:1 epoch: 79/90 train_loss: 0.0506 valid_loss: 0.3708 epoch_time: 33.866 sec
2022-11-21 16:39:32,852 | INFO | cuda:1 epoch: 80/90 train_loss: 0.0505 valid_loss: 0.3717 epoch_time: 34.455 sec
2022-11-21 16:40:06,610 | INFO | cuda:1 epoch: 81/90 train_loss: 0.0487 valid_loss: 0.3721 epoch_time: 33.758 sec
2022-11-21 16:40:40,755 | INFO | cuda:1 epoch: 82/90 train_loss: 0.0506 valid_loss: 0.3826 epoch_time: 34.145 sec
2022-11-21 16:41:14,829 | INFO | cuda:1 epoch: 83/90 train_loss: 0.0498 valid_loss: 0.3662 epoch_time: 34.074 sec
2022-11-21 16:41:48,976 | INFO | cuda:1 epoch: 84/90 train_loss: 0.0491 valid_loss: 0.3660 epoch_time: 34.147 sec
2022-11-21 16:42:22,953 | INFO | cuda:1 epoch: 85/90 train_loss: 0.0483 valid_loss: 0.3624 epoch_time: 33.976 sec
2022-11-21 16:42:57,766 | INFO | cuda:1 epoch: 86/90 train_loss: 0.0482 valid_loss: 0.3783 epoch_time: 34.813 sec
2022-11-21 16:43:32,834 | INFO | cuda:1 epoch: 87/90 train_loss: 0.0493 valid_loss: 0.3718 epoch_time: 35.067 sec
2022-11-21 16:44:07,660 | INFO | cuda:1 epoch: 88/90 train_loss: 0.0488 valid_loss: 0.3783 epoch_time: 34.826 sec
2022-11-21 16:44:42,493 | INFO | cuda:1 epoch: 89/90 train_loss: 0.0473 valid_loss: 0.3952 epoch_time: 34.834 sec
2022-11-21 16:45:16,611 | INFO | cuda:1 epoch: 90/90 train_loss: 0.0486 valid_loss: 0.3941 epoch_time: 34.117 sec
2022-11-21 16:45:44,512 | INFO | 
train_accuracy: 0.989 train_precision: 0.990 train_recall: 0.989 train_f1: 0.989 valid_accuracy: 0.892 valid_precision: 0.897 valid_recall: 0.892 valid_f1: 0.890 total_time: 3054.989 sec
