2023-01-10 10:42:51,713 | INFO | 
model:
  name: DNN3
  architecture:
    in_channels: 784
    out_channels: 10
    activation: HELU
optimizer:
  name: Adam
  parameters:
    lr: 0.0003
    weight_decay: 1e-05
scheduler:
  num: 1
  scheduler0:
    name: ExponentialLR
    parameters:
      gamma: 0.5
dataset:
  name: MNIST
  batch_size: 32
  split:
    train: 0.9
    valid: 0.1
    test: 1.0
train:
  epochs: 10
  device: cuda:0
  save_path: ./checkpoints/helu/mnist/
  log_path: ./logs/helu/mnist/
  seed: 42
  save_every: 2
test:
  device: cuda:0
  checkpoint: ./checkpoints/helu/mnist/
  log_path: ./logs/helu/mnist/
  seed: 42
2023-01-10 10:42:51,714 | INFO | 
DNN(
  (first_fc): Linear(in_features=784, out_features=392, bias=True)
  (first_act): HELU()
  (layers): Sequential(
    (0): Linear(in_features=392, out_features=196, bias=True)
    (1): HELU()
  )
  (last_fc): Linear(in_features=196, out_features=10, bias=True)
)
2023-01-10 10:42:51,714 | INFO | 
Adam (
Parameter Group 0
    amsgrad: False
    betas: (0.9, 0.999)
    eps: 1e-08
    initial_lr: 0.0003
    lr: 0.0003
    weight_decay: 1e-05
)
2023-01-10 10:42:51,714 | INFO | 
ExponentialLR (
  gamma: 0.5
  base_lrs: [0.0003]
  last_epoch: 0
  _step_count: 1
  verbose: False
  _get_lr_called_within_step: False
  _last_lr: [0.0003]
)
2023-01-10 10:42:51,714 | INFO | 
CrossEntropyLoss()
2023-01-10 10:43:17,823 | INFO | cuda:0 epoch: 1/10 train_loss: 0.6032 valid_loss: 0.3125 epoch_time: 26.034 sec
2023-01-10 10:43:43,701 | INFO | cuda:0 epoch: 2/10 train_loss: 0.2482 valid_loss: 0.2271 epoch_time: 25.878 sec
2023-01-10 10:44:09,943 | INFO | cuda:0 epoch: 3/10 train_loss: 0.1957 valid_loss: 0.1964 epoch_time: 26.241 sec
2023-01-10 10:44:35,841 | INFO | cuda:0 epoch: 4/10 train_loss: 0.1762 valid_loss: 0.1909 epoch_time: 25.898 sec
2023-01-10 10:45:01,873 | INFO | cuda:0 epoch: 5/10 train_loss: 0.1645 valid_loss: 0.1726 epoch_time: 26.031 sec
2023-01-10 10:45:34,552 | INFO | cuda:0 epoch: 6/10 train_loss: 0.1612 valid_loss: 0.1739 epoch_time: 32.679 sec
2023-01-10 10:46:11,194 | INFO | cuda:0 epoch: 7/10 train_loss: 0.1560 valid_loss: 0.1791 epoch_time: 36.641 sec
2023-01-10 10:46:36,939 | INFO | cuda:0 epoch: 8/10 train_loss: 0.1556 valid_loss: 0.1663 epoch_time: 25.745 sec
2023-01-10 10:47:02,577 | INFO | cuda:0 epoch: 9/10 train_loss: 0.1561 valid_loss: 0.1711 epoch_time: 25.638 sec
2023-01-10 10:47:28,015 | INFO | cuda:0 epoch: 10/10 train_loss: 0.1553 valid_loss: 0.1721 epoch_time: 25.437 sec
2023-01-10 10:47:56,829 | INFO | 
train_accuracy: 0.953 train_precision: 0.964 train_recall: 0.953 train_f1: 0.953 valid_accuracy: 0.950 valid_precision: 0.962 valid_recall: 0.950 valid_f1: 0.950 total_time: 276.226 sec
