2023-01-10 11:27:32,061 | INFO | 
model:
  name: DNN5
  architecture:
    in_channels: 784
    out_channels: 10
    activation: CosLU
optimizer:
  name: Adam
  parameters:
    lr: 0.0003
    weight_decay: 1e-05
scheduler:
  num: 1
  scheduler0:
    name: ExponentialLR
    parameters:
      gamma: 0.5
dataset:
  name: MNIST
  batch_size: 32
  split:
    train: 0.9
    valid: 0.1
    test: 1.0
train:
  epochs: 10
  device: cuda:0
  save_path: ./checkpoints/coslu/mnist/
  log_path: ./logs/coslu/mnist/
  seed: 42
  save_every: 2
test:
  device: cuda:0
  checkpoint: ./checkpoints/coslu/mnist/
  log_path: ./logs/coslu/mnist/
  seed: 42
2023-01-10 11:27:32,061 | INFO | 
DNN(
  (first_fc): Linear(in_features=784, out_features=512, bias=True)
  (first_act): CosLU()
  (layers): Sequential(
    (0): Linear(in_features=512, out_features=256, bias=True)
    (1): CosLU()
    (2): Linear(in_features=256, out_features=128, bias=True)
    (3): CosLU()
    (4): Linear(in_features=128, out_features=64, bias=True)
    (5): CosLU()
  )
  (last_fc): Linear(in_features=64, out_features=10, bias=True)
)
2023-01-10 11:27:32,061 | INFO | 
Adam (
Parameter Group 0
    amsgrad: False
    betas: (0.9, 0.999)
    eps: 1e-08
    initial_lr: 0.0003
    lr: 0.0003
    weight_decay: 1e-05
)
2023-01-10 11:27:32,062 | INFO | 
ExponentialLR (
  gamma: 0.5
  base_lrs: [0.0003]
  last_epoch: 0
  _step_count: 1
  verbose: False
  _get_lr_called_within_step: False
  _last_lr: [0.0003]
)
2023-01-10 11:27:32,062 | INFO | 
CrossEntropyLoss()
2023-01-10 11:28:01,039 | INFO | cuda:0 epoch: 1/10 train_loss: 0.6594 valid_loss: 0.3286 epoch_time: 28.880 sec
2023-01-10 11:28:34,957 | INFO | cuda:0 epoch: 2/10 train_loss: 0.2469 valid_loss: 0.2346 epoch_time: 33.917 sec
2023-01-10 11:29:03,955 | INFO | cuda:0 epoch: 3/10 train_loss: 0.1905 valid_loss: 0.1961 epoch_time: 28.997 sec
2023-01-10 11:29:32,601 | INFO | cuda:0 epoch: 4/10 train_loss: 0.1643 valid_loss: 0.1820 epoch_time: 28.646 sec
2023-01-10 11:30:01,374 | INFO | cuda:0 epoch: 5/10 train_loss: 0.1505 valid_loss: 0.1720 epoch_time: 28.773 sec
2023-01-10 11:30:30,391 | INFO | cuda:0 epoch: 6/10 train_loss: 0.1457 valid_loss: 0.1616 epoch_time: 29.017 sec
2023-01-10 11:30:59,420 | INFO | cuda:0 epoch: 7/10 train_loss: 0.1427 valid_loss: 0.1600 epoch_time: 29.029 sec
2023-01-10 11:31:28,877 | INFO | cuda:0 epoch: 8/10 train_loss: 0.1431 valid_loss: 0.1613 epoch_time: 29.456 sec
2023-01-10 11:31:57,562 | INFO | cuda:0 epoch: 9/10 train_loss: 0.1386 valid_loss: 0.1523 epoch_time: 28.685 sec
2023-01-10 11:32:27,199 | INFO | cuda:0 epoch: 10/10 train_loss: 0.1371 valid_loss: 0.1562 epoch_time: 29.636 sec
2023-01-10 11:32:56,471 | INFO | 
train_accuracy: 0.957 train_precision: 0.968 train_recall: 0.957 train_f1: 0.957 valid_accuracy: 0.954 valid_precision: 0.965 valid_recall: 0.954 valid_f1: 0.954 total_time: 295.041 sec
