2022-11-18 12:14:00,316 | INFO | 
model:
  name: ResNet20
  architecture:
    in_channels: 3
    out_channels: 10
    activation: Default
optimizer:
  name: SGD
  parameters:
    lr: 0.1
    weight_decay: 0.0001
    momentum: 0.9
scheduler:
  num: 1
  scheduler0:
    name: MultiStepLR
    parameters:
      milestones: [45, 65]
      gamma: 0.1
dataset:
  name: CIFAR10
  batch_size: 128
  split:
    train: 0.9
    valid: 0.1
    test: 1.0
train:
  epochs: 90
  device: cuda:0
  save_path: ./checkpoints/default/cifar10/
  log_path: ./logs/default/cifar10/
  seed: 42
  save_every: 10
test:
  device: cuda:0
  checkpoint: ./checkpoints/default/cifar10/
  log_path: ./logs/default/cifar10/
  seed: 42
2022-11-18 12:14:00,318 | INFO | 
ResNetCifar(
  (conv1): Conv2d(3, 16, kernel_size=(3, 3), stride=(1, 1), padding=(1, 1), bias=False)
  (bn1): BatchNorm2d(16, eps=1e-05, momentum=0.1, affine=True, track_running_stats=True)
  (layer1): Sequential(
    (0): BasicBlockCifar(
      (conv1): Conv2d(16, 16, kernel_size=(3, 3), stride=(1, 1), padding=(1, 1), bias=False)
      (bn1): BatchNorm2d(16, eps=1e-05, momentum=0.1, affine=True, track_running_stats=True)
      (conv2): Conv2d(16, 16, kernel_size=(3, 3), stride=(1, 1), padding=(1, 1), bias=False)
      (bn2): BatchNorm2d(16, eps=1e-05, momentum=0.1, affine=True, track_running_stats=True)
      (shortcut): Sequential()
      (relu): ReLU()
    )
    (1): BasicBlockCifar(
      (conv1): Conv2d(16, 16, kernel_size=(3, 3), stride=(1, 1), padding=(1, 1), bias=False)
      (bn1): BatchNorm2d(16, eps=1e-05, momentum=0.1, affine=True, track_running_stats=True)
      (conv2): Conv2d(16, 16, kernel_size=(3, 3), stride=(1, 1), padding=(1, 1), bias=False)
      (bn2): BatchNorm2d(16, eps=1e-05, momentum=0.1, affine=True, track_running_stats=True)
      (shortcut): Sequential()
      (relu): ReLU()
    )
    (2): BasicBlockCifar(
      (conv1): Conv2d(16, 16, kernel_size=(3, 3), stride=(1, 1), padding=(1, 1), bias=False)
      (bn1): BatchNorm2d(16, eps=1e-05, momentum=0.1, affine=True, track_running_stats=True)
      (conv2): Conv2d(16, 16, kernel_size=(3, 3), stride=(1, 1), padding=(1, 1), bias=False)
      (bn2): BatchNorm2d(16, eps=1e-05, momentum=0.1, affine=True, track_running_stats=True)
      (shortcut): Sequential()
      (relu): ReLU()
    )
  )
  (layer2): Sequential(
    (0): BasicBlockCifar(
      (conv1): Conv2d(16, 32, kernel_size=(3, 3), stride=(2, 2), padding=(1, 1), bias=False)
      (bn1): BatchNorm2d(32, eps=1e-05, momentum=0.1, affine=True, track_running_stats=True)
      (conv2): Conv2d(32, 32, kernel_size=(3, 3), stride=(1, 1), padding=(1, 1), bias=False)
      (bn2): BatchNorm2d(32, eps=1e-05, momentum=0.1, affine=True, track_running_stats=True)
      (shortcut): LambdaLayerCifar()
      (relu): ReLU()
    )
    (1): BasicBlockCifar(
      (conv1): Conv2d(32, 32, kernel_size=(3, 3), stride=(1, 1), padding=(1, 1), bias=False)
      (bn1): BatchNorm2d(32, eps=1e-05, momentum=0.1, affine=True, track_running_stats=True)
      (conv2): Conv2d(32, 32, kernel_size=(3, 3), stride=(1, 1), padding=(1, 1), bias=False)
      (bn2): BatchNorm2d(32, eps=1e-05, momentum=0.1, affine=True, track_running_stats=True)
      (shortcut): Sequential()
      (relu): ReLU()
    )
    (2): BasicBlockCifar(
      (conv1): Conv2d(32, 32, kernel_size=(3, 3), stride=(1, 1), padding=(1, 1), bias=False)
      (bn1): BatchNorm2d(32, eps=1e-05, momentum=0.1, affine=True, track_running_stats=True)
      (conv2): Conv2d(32, 32, kernel_size=(3, 3), stride=(1, 1), padding=(1, 1), bias=False)
      (bn2): BatchNorm2d(32, eps=1e-05, momentum=0.1, affine=True, track_running_stats=True)
      (shortcut): Sequential()
      (relu): ReLU()
    )
  )
  (layer3): Sequential(
    (0): BasicBlockCifar(
      (conv1): Conv2d(32, 64, kernel_size=(3, 3), stride=(2, 2), padding=(1, 1), bias=False)
      (bn1): BatchNorm2d(64, eps=1e-05, momentum=0.1, affine=True, track_running_stats=True)
      (conv2): Conv2d(64, 64, kernel_size=(3, 3), stride=(1, 1), padding=(1, 1), bias=False)
      (bn2): BatchNorm2d(64, eps=1e-05, momentum=0.1, affine=True, track_running_stats=True)
      (shortcut): LambdaLayerCifar()
      (relu): ReLU()
    )
    (1): BasicBlockCifar(
      (conv1): Conv2d(64, 64, kernel_size=(3, 3), stride=(1, 1), padding=(1, 1), bias=False)
      (bn1): BatchNorm2d(64, eps=1e-05, momentum=0.1, affine=True, track_running_stats=True)
      (conv2): Conv2d(64, 64, kernel_size=(3, 3), stride=(1, 1), padding=(1, 1), bias=False)
      (bn2): BatchNorm2d(64, eps=1e-05, momentum=0.1, affine=True, track_running_stats=True)
      (shortcut): Sequential()
      (relu): ReLU()
    )
    (2): BasicBlockCifar(
      (conv1): Conv2d(64, 64, kernel_size=(3, 3), stride=(1, 1), padding=(1, 1), bias=False)
      (bn1): BatchNorm2d(64, eps=1e-05, momentum=0.1, affine=True, track_running_stats=True)
      (conv2): Conv2d(64, 64, kernel_size=(3, 3), stride=(1, 1), padding=(1, 1), bias=False)
      (bn2): BatchNorm2d(64, eps=1e-05, momentum=0.1, affine=True, track_running_stats=True)
      (shortcut): Sequential()
      (relu): ReLU()
    )
  )
  (fc): Linear(in_features=64, out_features=10, bias=True)
  (relu): ReLU()
)
2022-11-18 12:14:00,318 | INFO | 
SGD (
Parameter Group 0
    dampening: 0
    initial_lr: 0.1
    lr: 0.1
    momentum: 0.9
    nesterov: False
    weight_decay: 0.0001
)
2022-11-18 12:14:00,318 | INFO | 
MultiStepLR (
  milestones: Counter({45: 1, 65: 1})
  gamma: 0.1
  base_lrs: [0.1]
  last_epoch: 0
  _step_count: 1
  verbose: False
  _get_lr_called_within_step: False
  _last_lr: [0.1]
)
2022-11-18 12:14:00,318 | INFO | 
CrossEntropyLoss()
2022-11-18 12:14:31,023 | INFO | cuda:0 epoch: 1/90 train_loss: 1.6223 valid_loss: 1.7775 epoch_time: 28.500 sec
2022-11-18 12:14:59,119 | INFO | cuda:0 epoch: 2/90 train_loss: 1.0877 valid_loss: 1.2951 epoch_time: 28.096 sec
2022-11-18 12:15:27,201 | INFO | cuda:0 epoch: 3/90 train_loss: 0.8690 valid_loss: 0.8373 epoch_time: 28.082 sec
2022-11-18 12:15:55,457 | INFO | cuda:0 epoch: 4/90 train_loss: 0.7476 valid_loss: 1.1553 epoch_time: 28.256 sec
2022-11-18 12:16:23,712 | INFO | cuda:0 epoch: 5/90 train_loss: 0.6609 valid_loss: 0.7542 epoch_time: 28.254 sec
2022-11-18 12:16:51,817 | INFO | cuda:0 epoch: 6/90 train_loss: 0.6032 valid_loss: 0.6877 epoch_time: 28.105 sec
2022-11-18 12:17:19,906 | INFO | cuda:0 epoch: 7/90 train_loss: 0.5640 valid_loss: 0.6858 epoch_time: 28.089 sec
2022-11-18 12:17:48,086 | INFO | cuda:0 epoch: 8/90 train_loss: 0.5288 valid_loss: 0.6255 epoch_time: 28.180 sec
2022-11-18 12:18:16,054 | INFO | cuda:0 epoch: 9/90 train_loss: 0.5030 valid_loss: 0.6829 epoch_time: 27.967 sec
2022-11-18 12:18:44,272 | INFO | cuda:0 epoch: 10/90 train_loss: 0.4755 valid_loss: 0.6548 epoch_time: 28.218 sec
2022-11-18 12:19:12,336 | INFO | cuda:0 epoch: 11/90 train_loss: 0.4510 valid_loss: 0.6987 epoch_time: 28.063 sec
2022-11-18 12:19:40,287 | INFO | cuda:0 epoch: 12/90 train_loss: 0.4340 valid_loss: 0.6423 epoch_time: 27.951 sec
2022-11-18 12:20:08,535 | INFO | cuda:0 epoch: 13/90 train_loss: 0.4184 valid_loss: 0.5282 epoch_time: 28.247 sec
2022-11-18 12:20:36,707 | INFO | cuda:0 epoch: 14/90 train_loss: 0.4055 valid_loss: 0.6123 epoch_time: 28.172 sec
2022-11-18 12:21:04,756 | INFO | cuda:0 epoch: 15/90 train_loss: 0.3959 valid_loss: 0.5838 epoch_time: 28.049 sec
2022-11-18 12:21:32,889 | INFO | cuda:0 epoch: 16/90 train_loss: 0.3800 valid_loss: 0.5725 epoch_time: 28.133 sec
2022-11-18 12:22:00,862 | INFO | cuda:0 epoch: 17/90 train_loss: 0.3666 valid_loss: 0.5005 epoch_time: 27.973 sec
2022-11-18 12:22:28,943 | INFO | cuda:0 epoch: 18/90 train_loss: 0.3518 valid_loss: 0.5621 epoch_time: 28.080 sec
2022-11-18 12:22:57,028 | INFO | cuda:0 epoch: 19/90 train_loss: 0.3472 valid_loss: 0.5352 epoch_time: 28.084 sec
2022-11-18 12:23:24,968 | INFO | cuda:0 epoch: 20/90 train_loss: 0.3443 valid_loss: 0.5145 epoch_time: 27.940 sec
2022-11-18 12:23:52,974 | INFO | cuda:0 epoch: 21/90 train_loss: 0.3350 valid_loss: 0.5462 epoch_time: 28.006 sec
2022-11-18 12:24:21,057 | INFO | cuda:0 epoch: 22/90 train_loss: 0.3240 valid_loss: 0.5543 epoch_time: 28.082 sec
2022-11-18 12:24:49,067 | INFO | cuda:0 epoch: 23/90 train_loss: 0.3157 valid_loss: 0.5249 epoch_time: 28.010 sec
2022-11-18 12:25:17,008 | INFO | cuda:0 epoch: 24/90 train_loss: 0.3112 valid_loss: 0.4839 epoch_time: 27.941 sec
2022-11-18 12:25:45,067 | INFO | cuda:0 epoch: 25/90 train_loss: 0.3062 valid_loss: 0.4812 epoch_time: 28.058 sec
2022-11-18 12:26:13,174 | INFO | cuda:0 epoch: 26/90 train_loss: 0.2981 valid_loss: 0.4816 epoch_time: 28.107 sec
2022-11-18 12:26:41,224 | INFO | cuda:0 epoch: 27/90 train_loss: 0.2936 valid_loss: 0.5414 epoch_time: 28.050 sec
2022-11-18 12:27:09,232 | INFO | cuda:0 epoch: 28/90 train_loss: 0.2855 valid_loss: 0.5125 epoch_time: 28.007 sec
2022-11-18 12:27:37,116 | INFO | cuda:0 epoch: 29/90 train_loss: 0.2842 valid_loss: 0.4741 epoch_time: 27.883 sec
2022-11-18 12:28:05,254 | INFO | cuda:0 epoch: 30/90 train_loss: 0.2793 valid_loss: 0.4957 epoch_time: 28.138 sec
2022-11-18 12:28:33,327 | INFO | cuda:0 epoch: 31/90 train_loss: 0.2801 valid_loss: 0.5971 epoch_time: 28.073 sec
2022-11-18 12:29:01,254 | INFO | cuda:0 epoch: 32/90 train_loss: 0.2742 valid_loss: 0.4439 epoch_time: 27.927 sec
2022-11-18 12:29:29,542 | INFO | cuda:0 epoch: 33/90 train_loss: 0.2647 valid_loss: 0.4797 epoch_time: 28.287 sec
2022-11-18 12:29:57,676 | INFO | cuda:0 epoch: 34/90 train_loss: 0.2672 valid_loss: 0.5184 epoch_time: 28.133 sec
2022-11-18 12:30:25,829 | INFO | cuda:0 epoch: 35/90 train_loss: 0.2610 valid_loss: 0.5515 epoch_time: 28.153 sec
2022-11-18 12:30:53,933 | INFO | cuda:0 epoch: 36/90 train_loss: 0.2592 valid_loss: 0.5711 epoch_time: 28.103 sec
2022-11-18 12:31:22,153 | INFO | cuda:0 epoch: 37/90 train_loss: 0.2453 valid_loss: 0.5003 epoch_time: 28.219 sec
2022-11-18 12:31:50,129 | INFO | cuda:0 epoch: 38/90 train_loss: 0.2512 valid_loss: 0.4285 epoch_time: 27.976 sec
2022-11-18 12:32:18,117 | INFO | cuda:0 epoch: 39/90 train_loss: 0.2433 valid_loss: 0.5104 epoch_time: 27.987 sec
2022-11-18 12:32:46,124 | INFO | cuda:0 epoch: 40/90 train_loss: 0.2455 valid_loss: 0.4821 epoch_time: 28.007 sec
2022-11-18 12:33:14,167 | INFO | cuda:0 epoch: 41/90 train_loss: 0.2454 valid_loss: 0.5211 epoch_time: 28.042 sec
2022-11-18 12:33:42,177 | INFO | cuda:0 epoch: 42/90 train_loss: 0.2415 valid_loss: 0.5258 epoch_time: 28.010 sec
2022-11-18 12:34:10,255 | INFO | cuda:0 epoch: 43/90 train_loss: 0.2413 valid_loss: 0.5158 epoch_time: 28.077 sec
2022-11-18 12:34:38,201 | INFO | cuda:0 epoch: 44/90 train_loss: 0.2399 valid_loss: 0.5143 epoch_time: 27.946 sec
2022-11-18 12:35:06,153 | INFO | cuda:0 epoch: 45/90 train_loss: 0.2380 valid_loss: 0.6261 epoch_time: 27.952 sec
2022-11-18 12:35:34,129 | INFO | cuda:0 epoch: 46/90 train_loss: 0.1495 valid_loss: 0.3102 epoch_time: 27.976 sec
2022-11-18 12:36:02,233 | INFO | cuda:0 epoch: 47/90 train_loss: 0.1166 valid_loss: 0.3171 epoch_time: 28.103 sec
2022-11-18 12:36:30,178 | INFO | cuda:0 epoch: 48/90 train_loss: 0.1033 valid_loss: 0.3149 epoch_time: 27.945 sec
2022-11-18 12:36:58,151 | INFO | cuda:0 epoch: 49/90 train_loss: 0.0981 valid_loss: 0.3134 epoch_time: 27.973 sec
2022-11-18 12:37:26,093 | INFO | cuda:0 epoch: 50/90 train_loss: 0.0897 valid_loss: 0.3225 epoch_time: 27.941 sec
2022-11-18 12:37:54,003 | INFO | cuda:0 epoch: 51/90 train_loss: 0.0850 valid_loss: 0.3123 epoch_time: 27.910 sec
2022-11-18 12:38:22,066 | INFO | cuda:0 epoch: 52/90 train_loss: 0.0831 valid_loss: 0.3402 epoch_time: 28.062 sec
2022-11-18 12:38:50,048 | INFO | cuda:0 epoch: 53/90 train_loss: 0.0759 valid_loss: 0.3278 epoch_time: 27.982 sec
2022-11-18 12:39:17,988 | INFO | cuda:0 epoch: 54/90 train_loss: 0.0726 valid_loss: 0.3278 epoch_time: 27.940 sec
2022-11-18 12:39:45,908 | INFO | cuda:0 epoch: 55/90 train_loss: 0.0699 valid_loss: 0.3332 epoch_time: 27.920 sec
2022-11-18 12:40:13,926 | INFO | cuda:0 epoch: 56/90 train_loss: 0.0693 valid_loss: 0.3444 epoch_time: 28.018 sec
2022-11-18 12:40:41,998 | INFO | cuda:0 epoch: 57/90 train_loss: 0.0665 valid_loss: 0.3407 epoch_time: 28.071 sec
2022-11-18 12:41:10,126 | INFO | cuda:0 epoch: 58/90 train_loss: 0.0652 valid_loss: 0.3443 epoch_time: 28.128 sec
2022-11-18 12:41:37,975 | INFO | cuda:0 epoch: 59/90 train_loss: 0.0619 valid_loss: 0.3614 epoch_time: 27.848 sec
2022-11-18 12:42:05,847 | INFO | cuda:0 epoch: 60/90 train_loss: 0.0596 valid_loss: 0.3440 epoch_time: 27.872 sec
2022-11-18 12:42:33,852 | INFO | cuda:0 epoch: 61/90 train_loss: 0.0590 valid_loss: 0.3670 epoch_time: 28.004 sec
2022-11-18 12:43:02,178 | INFO | cuda:0 epoch: 62/90 train_loss: 0.0574 valid_loss: 0.3520 epoch_time: 28.326 sec
2022-11-18 12:43:30,647 | INFO | cuda:0 epoch: 63/90 train_loss: 0.0569 valid_loss: 0.3549 epoch_time: 28.468 sec
2022-11-18 12:43:58,704 | INFO | cuda:0 epoch: 64/90 train_loss: 0.0531 valid_loss: 0.3551 epoch_time: 28.056 sec
2022-11-18 12:44:26,630 | INFO | cuda:0 epoch: 65/90 train_loss: 0.0520 valid_loss: 0.3694 epoch_time: 27.926 sec
2022-11-18 12:44:54,604 | INFO | cuda:0 epoch: 66/90 train_loss: 0.0465 valid_loss: 0.3622 epoch_time: 27.973 sec
2022-11-18 12:45:22,542 | INFO | cuda:0 epoch: 67/90 train_loss: 0.0429 valid_loss: 0.3350 epoch_time: 27.938 sec
2022-11-18 12:45:50,572 | INFO | cuda:0 epoch: 68/90 train_loss: 0.0442 valid_loss: 0.3312 epoch_time: 28.030 sec
2022-11-18 12:46:18,712 | INFO | cuda:0 epoch: 69/90 train_loss: 0.0431 valid_loss: 0.3501 epoch_time: 28.139 sec
2022-11-18 12:46:46,723 | INFO | cuda:0 epoch: 70/90 train_loss: 0.0423 valid_loss: 0.3481 epoch_time: 28.010 sec
2022-11-18 12:47:14,624 | INFO | cuda:0 epoch: 71/90 train_loss: 0.0445 valid_loss: 0.3563 epoch_time: 27.901 sec
2022-11-18 12:47:42,563 | INFO | cuda:0 epoch: 72/90 train_loss: 0.0410 valid_loss: 0.3940 epoch_time: 27.939 sec
2022-11-18 12:48:10,618 | INFO | cuda:0 epoch: 73/90 train_loss: 0.0425 valid_loss: 0.3700 epoch_time: 28.055 sec
2022-11-18 12:48:38,563 | INFO | cuda:0 epoch: 74/90 train_loss: 0.0418 valid_loss: 0.3440 epoch_time: 27.944 sec
2022-11-18 12:49:06,900 | INFO | cuda:0 epoch: 75/90 train_loss: 0.0400 valid_loss: 0.3338 epoch_time: 28.337 sec
2022-11-18 12:49:34,960 | INFO | cuda:0 epoch: 76/90 train_loss: 0.0406 valid_loss: 0.3648 epoch_time: 28.059 sec
2022-11-18 12:50:03,109 | INFO | cuda:0 epoch: 77/90 train_loss: 0.0410 valid_loss: 0.3611 epoch_time: 28.149 sec
2022-11-18 12:50:31,180 | INFO | cuda:0 epoch: 78/90 train_loss: 0.0407 valid_loss: 0.3385 epoch_time: 28.070 sec
2022-11-18 12:50:59,227 | INFO | cuda:0 epoch: 79/90 train_loss: 0.0414 valid_loss: 0.3617 epoch_time: 28.047 sec
2022-11-18 12:51:27,319 | INFO | cuda:0 epoch: 80/90 train_loss: 0.0387 valid_loss: 0.3549 epoch_time: 28.092 sec
2022-11-18 12:51:55,339 | INFO | cuda:0 epoch: 81/90 train_loss: 0.0388 valid_loss: 0.3431 epoch_time: 28.019 sec
2022-11-18 12:52:23,390 | INFO | cuda:0 epoch: 82/90 train_loss: 0.0393 valid_loss: 0.3692 epoch_time: 28.051 sec
2022-11-18 12:52:51,567 | INFO | cuda:0 epoch: 83/90 train_loss: 0.0386 valid_loss: 0.3668 epoch_time: 28.177 sec
2022-11-18 12:53:19,591 | INFO | cuda:0 epoch: 84/90 train_loss: 0.0386 valid_loss: 0.3447 epoch_time: 28.024 sec
2022-11-18 12:53:47,573 | INFO | cuda:0 epoch: 85/90 train_loss: 0.0378 valid_loss: 0.3504 epoch_time: 27.981 sec
2022-11-18 12:54:15,766 | INFO | cuda:0 epoch: 86/90 train_loss: 0.0387 valid_loss: 0.3624 epoch_time: 28.192 sec
2022-11-18 12:54:43,935 | INFO | cuda:0 epoch: 87/90 train_loss: 0.0393 valid_loss: 0.3433 epoch_time: 28.169 sec
2022-11-18 12:55:12,093 | INFO | cuda:0 epoch: 88/90 train_loss: 0.0377 valid_loss: 0.3556 epoch_time: 28.158 sec
2022-11-18 12:55:40,027 | INFO | cuda:0 epoch: 89/90 train_loss: 0.0396 valid_loss: 0.3428 epoch_time: 27.933 sec
2022-11-18 12:56:07,892 | INFO | cuda:0 epoch: 90/90 train_loss: 0.0383 valid_loss: 0.3482 epoch_time: 27.865 sec
2022-11-18 12:56:32,096 | INFO | 
train_accuracy: 0.992 train_precision: 0.993 train_recall: 0.992 train_f1: 0.992 valid_accuracy: 0.895 valid_precision: 0.899 valid_recall: 0.895 valid_f1: 0.893 total_time: 2525.370 sec
