2022-11-23 19:26:47,381 | INFO | 
model:
  name: ResNet56
  architecture:
    in_channels: 3
    out_channels: 10
    activation: CosLU
optimizer:
  name: SGD
  parameters:
    lr: 0.02
    weight_decay: 0.0001
    momentum: 0.9
scheduler:
  num: 2
  scheduler0:
    name: LinearLR
    parameters:
      start_factor: 0.1
      end_factor: 1.0
      total_iters: 10
  scheduler1:
    name: MultiStepLR
    parameters:
      milestones: [45, 65]
      gamma: 0.1
  milestones: [10]
dataset:
  name: CIFAR10
  batch_size: 128
  split:
    train: 0.9
    valid: 0.1
    test: 1.0
train:
  epochs: 90
  device: cuda:1
  save_path: ./checkpoints/coslu/cifar10/
  log_path: ./logs/coslu/cifar10/
  seed: 42
  save_every: 10
test:
  device: cuda:0
  checkpoint: ./checkpoints/coslu/cifar10/
  log_path: ./logs/coslu/cifar10/
  seed: 42
2022-11-23 19:26:47,383 | INFO | 
ResNetCifar(
  (conv1): Conv2d(3, 16, kernel_size=(3, 3), stride=(1, 1), padding=(1, 1), bias=False)
  (bn1): BatchNorm2d(16, eps=1e-05, momentum=0.1, affine=True, track_running_stats=True)
  (layer1): Sequential(
    (0): BasicBlockCifar(
      (conv1): Conv2d(16, 16, kernel_size=(3, 3), stride=(1, 1), padding=(1, 1), bias=False)
      (bn1): BatchNorm2d(16, eps=1e-05, momentum=0.1, affine=True, track_running_stats=True)
      (conv2): Conv2d(16, 16, kernel_size=(3, 3), stride=(1, 1), padding=(1, 1), bias=False)
      (bn2): BatchNorm2d(16, eps=1e-05, momentum=0.1, affine=True, track_running_stats=True)
      (shortcut): Sequential()
      (relu): CosLU()
    )
    (1): BasicBlockCifar(
      (conv1): Conv2d(16, 16, kernel_size=(3, 3), stride=(1, 1), padding=(1, 1), bias=False)
      (bn1): BatchNorm2d(16, eps=1e-05, momentum=0.1, affine=True, track_running_stats=True)
      (conv2): Conv2d(16, 16, kernel_size=(3, 3), stride=(1, 1), padding=(1, 1), bias=False)
      (bn2): BatchNorm2d(16, eps=1e-05, momentum=0.1, affine=True, track_running_stats=True)
      (shortcut): Sequential()
      (relu): CosLU()
    )
    (2): BasicBlockCifar(
      (conv1): Conv2d(16, 16, kernel_size=(3, 3), stride=(1, 1), padding=(1, 1), bias=False)
      (bn1): BatchNorm2d(16, eps=1e-05, momentum=0.1, affine=True, track_running_stats=True)
      (conv2): Conv2d(16, 16, kernel_size=(3, 3), stride=(1, 1), padding=(1, 1), bias=False)
      (bn2): BatchNorm2d(16, eps=1e-05, momentum=0.1, affine=True, track_running_stats=True)
      (shortcut): Sequential()
      (relu): CosLU()
    )
    (3): BasicBlockCifar(
      (conv1): Conv2d(16, 16, kernel_size=(3, 3), stride=(1, 1), padding=(1, 1), bias=False)
      (bn1): BatchNorm2d(16, eps=1e-05, momentum=0.1, affine=True, track_running_stats=True)
      (conv2): Conv2d(16, 16, kernel_size=(3, 3), stride=(1, 1), padding=(1, 1), bias=False)
      (bn2): BatchNorm2d(16, eps=1e-05, momentum=0.1, affine=True, track_running_stats=True)
      (shortcut): Sequential()
      (relu): CosLU()
    )
    (4): BasicBlockCifar(
      (conv1): Conv2d(16, 16, kernel_size=(3, 3), stride=(1, 1), padding=(1, 1), bias=False)
      (bn1): BatchNorm2d(16, eps=1e-05, momentum=0.1, affine=True, track_running_stats=True)
      (conv2): Conv2d(16, 16, kernel_size=(3, 3), stride=(1, 1), padding=(1, 1), bias=False)
      (bn2): BatchNorm2d(16, eps=1e-05, momentum=0.1, affine=True, track_running_stats=True)
      (shortcut): Sequential()
      (relu): CosLU()
    )
    (5): BasicBlockCifar(
      (conv1): Conv2d(16, 16, kernel_size=(3, 3), stride=(1, 1), padding=(1, 1), bias=False)
      (bn1): BatchNorm2d(16, eps=1e-05, momentum=0.1, affine=True, track_running_stats=True)
      (conv2): Conv2d(16, 16, kernel_size=(3, 3), stride=(1, 1), padding=(1, 1), bias=False)
      (bn2): BatchNorm2d(16, eps=1e-05, momentum=0.1, affine=True, track_running_stats=True)
      (shortcut): Sequential()
      (relu): CosLU()
    )
    (6): BasicBlockCifar(
      (conv1): Conv2d(16, 16, kernel_size=(3, 3), stride=(1, 1), padding=(1, 1), bias=False)
      (bn1): BatchNorm2d(16, eps=1e-05, momentum=0.1, affine=True, track_running_stats=True)
      (conv2): Conv2d(16, 16, kernel_size=(3, 3), stride=(1, 1), padding=(1, 1), bias=False)
      (bn2): BatchNorm2d(16, eps=1e-05, momentum=0.1, affine=True, track_running_stats=True)
      (shortcut): Sequential()
      (relu): CosLU()
    )
    (7): BasicBlockCifar(
      (conv1): Conv2d(16, 16, kernel_size=(3, 3), stride=(1, 1), padding=(1, 1), bias=False)
      (bn1): BatchNorm2d(16, eps=1e-05, momentum=0.1, affine=True, track_running_stats=True)
      (conv2): Conv2d(16, 16, kernel_size=(3, 3), stride=(1, 1), padding=(1, 1), bias=False)
      (bn2): BatchNorm2d(16, eps=1e-05, momentum=0.1, affine=True, track_running_stats=True)
      (shortcut): Sequential()
      (relu): CosLU()
    )
    (8): BasicBlockCifar(
      (conv1): Conv2d(16, 16, kernel_size=(3, 3), stride=(1, 1), padding=(1, 1), bias=False)
      (bn1): BatchNorm2d(16, eps=1e-05, momentum=0.1, affine=True, track_running_stats=True)
      (conv2): Conv2d(16, 16, kernel_size=(3, 3), stride=(1, 1), padding=(1, 1), bias=False)
      (bn2): BatchNorm2d(16, eps=1e-05, momentum=0.1, affine=True, track_running_stats=True)
      (shortcut): Sequential()
      (relu): CosLU()
    )
  )
  (layer2): Sequential(
    (0): BasicBlockCifar(
      (conv1): Conv2d(16, 32, kernel_size=(3, 3), stride=(2, 2), padding=(1, 1), bias=False)
      (bn1): BatchNorm2d(32, eps=1e-05, momentum=0.1, affine=True, track_running_stats=True)
      (conv2): Conv2d(32, 32, kernel_size=(3, 3), stride=(1, 1), padding=(1, 1), bias=False)
      (bn2): BatchNorm2d(32, eps=1e-05, momentum=0.1, affine=True, track_running_stats=True)
      (shortcut): LambdaLayerCifar()
      (relu): CosLU()
    )
    (1): BasicBlockCifar(
      (conv1): Conv2d(32, 32, kernel_size=(3, 3), stride=(1, 1), padding=(1, 1), bias=False)
      (bn1): BatchNorm2d(32, eps=1e-05, momentum=0.1, affine=True, track_running_stats=True)
      (conv2): Conv2d(32, 32, kernel_size=(3, 3), stride=(1, 1), padding=(1, 1), bias=False)
      (bn2): BatchNorm2d(32, eps=1e-05, momentum=0.1, affine=True, track_running_stats=True)
      (shortcut): Sequential()
      (relu): CosLU()
    )
    (2): BasicBlockCifar(
      (conv1): Conv2d(32, 32, kernel_size=(3, 3), stride=(1, 1), padding=(1, 1), bias=False)
      (bn1): BatchNorm2d(32, eps=1e-05, momentum=0.1, affine=True, track_running_stats=True)
      (conv2): Conv2d(32, 32, kernel_size=(3, 3), stride=(1, 1), padding=(1, 1), bias=False)
      (bn2): BatchNorm2d(32, eps=1e-05, momentum=0.1, affine=True, track_running_stats=True)
      (shortcut): Sequential()
      (relu): CosLU()
    )
    (3): BasicBlockCifar(
      (conv1): Conv2d(32, 32, kernel_size=(3, 3), stride=(1, 1), padding=(1, 1), bias=False)
      (bn1): BatchNorm2d(32, eps=1e-05, momentum=0.1, affine=True, track_running_stats=True)
      (conv2): Conv2d(32, 32, kernel_size=(3, 3), stride=(1, 1), padding=(1, 1), bias=False)
      (bn2): BatchNorm2d(32, eps=1e-05, momentum=0.1, affine=True, track_running_stats=True)
      (shortcut): Sequential()
      (relu): CosLU()
    )
    (4): BasicBlockCifar(
      (conv1): Conv2d(32, 32, kernel_size=(3, 3), stride=(1, 1), padding=(1, 1), bias=False)
      (bn1): BatchNorm2d(32, eps=1e-05, momentum=0.1, affine=True, track_running_stats=True)
      (conv2): Conv2d(32, 32, kernel_size=(3, 3), stride=(1, 1), padding=(1, 1), bias=False)
      (bn2): BatchNorm2d(32, eps=1e-05, momentum=0.1, affine=True, track_running_stats=True)
      (shortcut): Sequential()
      (relu): CosLU()
    )
    (5): BasicBlockCifar(
      (conv1): Conv2d(32, 32, kernel_size=(3, 3), stride=(1, 1), padding=(1, 1), bias=False)
      (bn1): BatchNorm2d(32, eps=1e-05, momentum=0.1, affine=True, track_running_stats=True)
      (conv2): Conv2d(32, 32, kernel_size=(3, 3), stride=(1, 1), padding=(1, 1), bias=False)
      (bn2): BatchNorm2d(32, eps=1e-05, momentum=0.1, affine=True, track_running_stats=True)
      (shortcut): Sequential()
      (relu): CosLU()
    )
    (6): BasicBlockCifar(
      (conv1): Conv2d(32, 32, kernel_size=(3, 3), stride=(1, 1), padding=(1, 1), bias=False)
      (bn1): BatchNorm2d(32, eps=1e-05, momentum=0.1, affine=True, track_running_stats=True)
      (conv2): Conv2d(32, 32, kernel_size=(3, 3), stride=(1, 1), padding=(1, 1), bias=False)
      (bn2): BatchNorm2d(32, eps=1e-05, momentum=0.1, affine=True, track_running_stats=True)
      (shortcut): Sequential()
      (relu): CosLU()
    )
    (7): BasicBlockCifar(
      (conv1): Conv2d(32, 32, kernel_size=(3, 3), stride=(1, 1), padding=(1, 1), bias=False)
      (bn1): BatchNorm2d(32, eps=1e-05, momentum=0.1, affine=True, track_running_stats=True)
      (conv2): Conv2d(32, 32, kernel_size=(3, 3), stride=(1, 1), padding=(1, 1), bias=False)
      (bn2): BatchNorm2d(32, eps=1e-05, momentum=0.1, affine=True, track_running_stats=True)
      (shortcut): Sequential()
      (relu): CosLU()
    )
    (8): BasicBlockCifar(
      (conv1): Conv2d(32, 32, kernel_size=(3, 3), stride=(1, 1), padding=(1, 1), bias=False)
      (bn1): BatchNorm2d(32, eps=1e-05, momentum=0.1, affine=True, track_running_stats=True)
      (conv2): Conv2d(32, 32, kernel_size=(3, 3), stride=(1, 1), padding=(1, 1), bias=False)
      (bn2): BatchNorm2d(32, eps=1e-05, momentum=0.1, affine=True, track_running_stats=True)
      (shortcut): Sequential()
      (relu): CosLU()
    )
  )
  (layer3): Sequential(
    (0): BasicBlockCifar(
      (conv1): Conv2d(32, 64, kernel_size=(3, 3), stride=(2, 2), padding=(1, 1), bias=False)
      (bn1): BatchNorm2d(64, eps=1e-05, momentum=0.1, affine=True, track_running_stats=True)
      (conv2): Conv2d(64, 64, kernel_size=(3, 3), stride=(1, 1), padding=(1, 1), bias=False)
      (bn2): BatchNorm2d(64, eps=1e-05, momentum=0.1, affine=True, track_running_stats=True)
      (shortcut): LambdaLayerCifar()
      (relu): CosLU()
    )
    (1): BasicBlockCifar(
      (conv1): Conv2d(64, 64, kernel_size=(3, 3), stride=(1, 1), padding=(1, 1), bias=False)
      (bn1): BatchNorm2d(64, eps=1e-05, momentum=0.1, affine=True, track_running_stats=True)
      (conv2): Conv2d(64, 64, kernel_size=(3, 3), stride=(1, 1), padding=(1, 1), bias=False)
      (bn2): BatchNorm2d(64, eps=1e-05, momentum=0.1, affine=True, track_running_stats=True)
      (shortcut): Sequential()
      (relu): CosLU()
    )
    (2): BasicBlockCifar(
      (conv1): Conv2d(64, 64, kernel_size=(3, 3), stride=(1, 1), padding=(1, 1), bias=False)
      (bn1): BatchNorm2d(64, eps=1e-05, momentum=0.1, affine=True, track_running_stats=True)
      (conv2): Conv2d(64, 64, kernel_size=(3, 3), stride=(1, 1), padding=(1, 1), bias=False)
      (bn2): BatchNorm2d(64, eps=1e-05, momentum=0.1, affine=True, track_running_stats=True)
      (shortcut): Sequential()
      (relu): CosLU()
    )
    (3): BasicBlockCifar(
      (conv1): Conv2d(64, 64, kernel_size=(3, 3), stride=(1, 1), padding=(1, 1), bias=False)
      (bn1): BatchNorm2d(64, eps=1e-05, momentum=0.1, affine=True, track_running_stats=True)
      (conv2): Conv2d(64, 64, kernel_size=(3, 3), stride=(1, 1), padding=(1, 1), bias=False)
      (bn2): BatchNorm2d(64, eps=1e-05, momentum=0.1, affine=True, track_running_stats=True)
      (shortcut): Sequential()
      (relu): CosLU()
    )
    (4): BasicBlockCifar(
      (conv1): Conv2d(64, 64, kernel_size=(3, 3), stride=(1, 1), padding=(1, 1), bias=False)
      (bn1): BatchNorm2d(64, eps=1e-05, momentum=0.1, affine=True, track_running_stats=True)
      (conv2): Conv2d(64, 64, kernel_size=(3, 3), stride=(1, 1), padding=(1, 1), bias=False)
      (bn2): BatchNorm2d(64, eps=1e-05, momentum=0.1, affine=True, track_running_stats=True)
      (shortcut): Sequential()
      (relu): CosLU()
    )
    (5): BasicBlockCifar(
      (conv1): Conv2d(64, 64, kernel_size=(3, 3), stride=(1, 1), padding=(1, 1), bias=False)
      (bn1): BatchNorm2d(64, eps=1e-05, momentum=0.1, affine=True, track_running_stats=True)
      (conv2): Conv2d(64, 64, kernel_size=(3, 3), stride=(1, 1), padding=(1, 1), bias=False)
      (bn2): BatchNorm2d(64, eps=1e-05, momentum=0.1, affine=True, track_running_stats=True)
      (shortcut): Sequential()
      (relu): CosLU()
    )
    (6): BasicBlockCifar(
      (conv1): Conv2d(64, 64, kernel_size=(3, 3), stride=(1, 1), padding=(1, 1), bias=False)
      (bn1): BatchNorm2d(64, eps=1e-05, momentum=0.1, affine=True, track_running_stats=True)
      (conv2): Conv2d(64, 64, kernel_size=(3, 3), stride=(1, 1), padding=(1, 1), bias=False)
      (bn2): BatchNorm2d(64, eps=1e-05, momentum=0.1, affine=True, track_running_stats=True)
      (shortcut): Sequential()
      (relu): CosLU()
    )
    (7): BasicBlockCifar(
      (conv1): Conv2d(64, 64, kernel_size=(3, 3), stride=(1, 1), padding=(1, 1), bias=False)
      (bn1): BatchNorm2d(64, eps=1e-05, momentum=0.1, affine=True, track_running_stats=True)
      (conv2): Conv2d(64, 64, kernel_size=(3, 3), stride=(1, 1), padding=(1, 1), bias=False)
      (bn2): BatchNorm2d(64, eps=1e-05, momentum=0.1, affine=True, track_running_stats=True)
      (shortcut): Sequential()
      (relu): CosLU()
    )
    (8): BasicBlockCifar(
      (conv1): Conv2d(64, 64, kernel_size=(3, 3), stride=(1, 1), padding=(1, 1), bias=False)
      (bn1): BatchNorm2d(64, eps=1e-05, momentum=0.1, affine=True, track_running_stats=True)
      (conv2): Conv2d(64, 64, kernel_size=(3, 3), stride=(1, 1), padding=(1, 1), bias=False)
      (bn2): BatchNorm2d(64, eps=1e-05, momentum=0.1, affine=True, track_running_stats=True)
      (shortcut): Sequential()
      (relu): CosLU()
    )
  )
  (fc): Linear(in_features=64, out_features=10, bias=True)
  (relu): CosLU()
)
2022-11-23 19:26:47,383 | INFO | 
SGD (
Parameter Group 0
    dampening: 0
    initial_lr: 0.02
    lr: 0.002
    momentum: 0.9
    nesterov: False
    weight_decay: 0.0001
)
2022-11-23 19:26:47,383 | INFO | 
SequentialLR (
  _milestones: [10]
  last_epoch: 0
  _schedulers: [
    LinearLR (
      start_factor: 0.1
      end_factor: 1.0
      total_iters: 10
      base_lrs: [0.02]
      last_epoch: 0
      _step_count: 1
      verbose: False
      _get_lr_called_within_step: False
      _last_lr: [0.002]
    ),
    MultiStepLR (
      milestones: Counter({45: 1, 65: 1})
      gamma: 0.1
      base_lrs: [0.02]
      last_epoch: 0
      _step_count: 1
      verbose: False
      _get_lr_called_within_step: False
      _last_lr: [0.002]
    ),
  ]
)
2022-11-23 19:26:47,383 | INFO | 
CrossEntropyLoss()
2022-11-23 19:27:47,078 | INFO | cuda:1 epoch: 1/90 train_loss: 2.1781 valid_loss: 1.9738 epoch_time: 57.667 sec
2022-11-23 19:28:44,334 | INFO | cuda:1 epoch: 2/90 train_loss: 1.7952 valid_loss: 1.6556 epoch_time: 57.256 sec
2022-11-23 19:29:41,834 | INFO | cuda:1 epoch: 3/90 train_loss: 1.5649 valid_loss: 1.4596 epoch_time: 57.500 sec
2022-11-23 19:30:39,365 | INFO | cuda:1 epoch: 4/90 train_loss: 1.3972 valid_loss: 1.3244 epoch_time: 57.531 sec
2022-11-23 19:31:36,670 | INFO | cuda:1 epoch: 5/90 train_loss: 1.2495 valid_loss: 1.1887 epoch_time: 57.305 sec
2022-11-23 19:32:34,016 | INFO | cuda:1 epoch: 6/90 train_loss: 1.1188 valid_loss: 1.1099 epoch_time: 57.345 sec
2022-11-23 19:33:31,366 | INFO | cuda:1 epoch: 7/90 train_loss: 0.9989 valid_loss: 0.9455 epoch_time: 57.350 sec
2022-11-23 19:34:28,770 | INFO | cuda:1 epoch: 8/90 train_loss: 0.9025 valid_loss: 0.9427 epoch_time: 57.404 sec
2022-11-23 19:35:26,161 | INFO | cuda:1 epoch: 9/90 train_loss: 0.8125 valid_loss: 0.8410 epoch_time: 57.391 sec
2022-11-23 19:36:23,844 | INFO | cuda:1 epoch: 10/90 train_loss: 0.7406 valid_loss: 0.8770 epoch_time: 57.683 sec
2022-11-23 19:37:21,428 | INFO | cuda:1 epoch: 11/90 train_loss: 0.6802 valid_loss: 0.8007 epoch_time: 57.584 sec
2022-11-23 19:38:18,836 | INFO | cuda:1 epoch: 12/90 train_loss: 0.6206 valid_loss: 0.7006 epoch_time: 57.408 sec
2022-11-23 19:39:16,206 | INFO | cuda:1 epoch: 13/90 train_loss: 0.5702 valid_loss: 0.8925 epoch_time: 57.369 sec
2022-11-23 19:40:13,780 | INFO | cuda:1 epoch: 14/90 train_loss: 0.5338 valid_loss: 0.6262 epoch_time: 57.574 sec
2022-11-23 19:41:11,180 | INFO | cuda:1 epoch: 15/90 train_loss: 0.5004 valid_loss: 0.5972 epoch_time: 57.400 sec
2022-11-23 19:42:08,557 | INFO | cuda:1 epoch: 16/90 train_loss: 0.4707 valid_loss: 0.6944 epoch_time: 57.376 sec
2022-11-23 19:43:05,777 | INFO | cuda:1 epoch: 17/90 train_loss: 0.4443 valid_loss: 0.5692 epoch_time: 57.220 sec
2022-11-23 19:44:02,882 | INFO | cuda:1 epoch: 18/90 train_loss: 0.4202 valid_loss: 0.5942 epoch_time: 57.105 sec
2022-11-23 19:44:59,957 | INFO | cuda:1 epoch: 19/90 train_loss: 0.3980 valid_loss: 0.6159 epoch_time: 57.075 sec
2022-11-23 19:45:57,059 | INFO | cuda:1 epoch: 20/90 train_loss: 0.3765 valid_loss: 0.5771 epoch_time: 57.102 sec
2022-11-23 19:46:54,436 | INFO | cuda:1 epoch: 21/90 train_loss: 0.3627 valid_loss: 0.5733 epoch_time: 57.376 sec
2022-11-23 19:47:52,865 | INFO | cuda:1 epoch: 22/90 train_loss: 0.3373 valid_loss: 0.5400 epoch_time: 58.429 sec
2022-11-23 19:48:50,210 | INFO | cuda:1 epoch: 23/90 train_loss: 0.3296 valid_loss: 0.5355 epoch_time: 57.345 sec
2022-11-23 19:49:47,605 | INFO | cuda:1 epoch: 24/90 train_loss: 0.3114 valid_loss: 0.6640 epoch_time: 57.394 sec
2022-11-23 19:50:44,993 | INFO | cuda:1 epoch: 25/90 train_loss: 0.3002 valid_loss: 0.5568 epoch_time: 57.388 sec
2022-11-23 19:51:42,419 | INFO | cuda:1 epoch: 26/90 train_loss: 0.2866 valid_loss: 0.5127 epoch_time: 57.426 sec
2022-11-23 19:52:39,809 | INFO | cuda:1 epoch: 27/90 train_loss: 0.2758 valid_loss: 0.5767 epoch_time: 57.389 sec
2022-11-23 19:53:37,132 | INFO | cuda:1 epoch: 28/90 train_loss: 0.2638 valid_loss: 0.5442 epoch_time: 57.323 sec
2022-11-23 19:54:34,921 | INFO | cuda:1 epoch: 29/90 train_loss: 0.2504 valid_loss: 0.5090 epoch_time: 57.789 sec
2022-11-23 19:55:32,251 | INFO | cuda:1 epoch: 30/90 train_loss: 0.2452 valid_loss: 0.5139 epoch_time: 57.329 sec
2022-11-23 19:56:29,591 | INFO | cuda:1 epoch: 31/90 train_loss: 0.2382 valid_loss: 0.6013 epoch_time: 57.340 sec
2022-11-23 19:57:26,990 | INFO | cuda:1 epoch: 32/90 train_loss: 0.2270 valid_loss: 0.5453 epoch_time: 57.399 sec
2022-11-23 19:58:24,420 | INFO | cuda:1 epoch: 33/90 train_loss: 0.2181 valid_loss: 0.5222 epoch_time: 57.430 sec
2022-11-23 19:59:21,878 | INFO | cuda:1 epoch: 34/90 train_loss: 0.2078 valid_loss: 0.5647 epoch_time: 57.457 sec
2022-11-23 20:00:19,317 | INFO | cuda:1 epoch: 35/90 train_loss: 0.1999 valid_loss: 0.5149 epoch_time: 57.438 sec
2022-11-23 20:01:16,769 | INFO | cuda:1 epoch: 36/90 train_loss: 0.1997 valid_loss: 0.5930 epoch_time: 57.451 sec
2022-11-23 20:02:14,162 | INFO | cuda:1 epoch: 37/90 train_loss: 0.1893 valid_loss: 0.5171 epoch_time: 57.393 sec
2022-11-23 20:03:11,433 | INFO | cuda:1 epoch: 38/90 train_loss: 0.1845 valid_loss: 0.5533 epoch_time: 57.271 sec
2022-11-23 20:04:08,554 | INFO | cuda:1 epoch: 39/90 train_loss: 0.1790 valid_loss: 0.4984 epoch_time: 57.121 sec
2022-11-23 20:05:05,948 | INFO | cuda:1 epoch: 40/90 train_loss: 0.1688 valid_loss: 0.5424 epoch_time: 57.393 sec
2022-11-23 20:06:03,278 | INFO | cuda:1 epoch: 41/90 train_loss: 0.1673 valid_loss: 0.4931 epoch_time: 57.330 sec
2022-11-23 20:07:00,600 | INFO | cuda:1 epoch: 42/90 train_loss: 0.1580 valid_loss: 0.4956 epoch_time: 57.322 sec
2022-11-23 20:07:57,933 | INFO | cuda:1 epoch: 43/90 train_loss: 0.1625 valid_loss: 0.5829 epoch_time: 57.332 sec
2022-11-23 20:08:55,497 | INFO | cuda:1 epoch: 44/90 train_loss: 0.1485 valid_loss: 0.6162 epoch_time: 57.563 sec
2022-11-23 20:09:52,933 | INFO | cuda:1 epoch: 45/90 train_loss: 0.1477 valid_loss: 0.5007 epoch_time: 57.435 sec
2022-11-23 20:10:50,241 | INFO | cuda:1 epoch: 46/90 train_loss: 0.1430 valid_loss: 0.5082 epoch_time: 57.308 sec
2022-11-23 20:11:47,639 | INFO | cuda:1 epoch: 47/90 train_loss: 0.1447 valid_loss: 0.5326 epoch_time: 57.397 sec
2022-11-23 20:12:45,113 | INFO | cuda:1 epoch: 48/90 train_loss: 0.1397 valid_loss: 0.5472 epoch_time: 57.474 sec
2022-11-23 20:13:42,844 | INFO | cuda:1 epoch: 49/90 train_loss: 0.1303 valid_loss: 0.5399 epoch_time: 57.730 sec
2022-11-23 20:14:40,313 | INFO | cuda:1 epoch: 50/90 train_loss: 0.1263 valid_loss: 0.5121 epoch_time: 57.468 sec
2022-11-23 20:15:37,662 | INFO | cuda:1 epoch: 51/90 train_loss: 0.1311 valid_loss: 0.5987 epoch_time: 57.349 sec
2022-11-23 20:16:34,895 | INFO | cuda:1 epoch: 52/90 train_loss: 0.1288 valid_loss: 0.5241 epoch_time: 57.232 sec
2022-11-23 20:17:32,210 | INFO | cuda:1 epoch: 53/90 train_loss: 0.1177 valid_loss: 0.5828 epoch_time: 57.315 sec
2022-11-23 20:18:30,377 | INFO | cuda:1 epoch: 54/90 train_loss: 0.1211 valid_loss: 0.5435 epoch_time: 58.167 sec
2022-11-23 20:19:28,586 | INFO | cuda:1 epoch: 55/90 train_loss: 0.1195 valid_loss: 0.6162 epoch_time: 58.208 sec
2022-11-23 20:20:25,914 | INFO | cuda:1 epoch: 56/90 train_loss: 0.0669 valid_loss: 0.4293 epoch_time: 57.328 sec
2022-11-23 20:21:23,040 | INFO | cuda:1 epoch: 57/90 train_loss: 0.0487 valid_loss: 0.4481 epoch_time: 57.126 sec
2022-11-23 20:22:20,287 | INFO | cuda:1 epoch: 58/90 train_loss: 0.0445 valid_loss: 0.4480 epoch_time: 57.247 sec
2022-11-23 20:23:17,222 | INFO | cuda:1 epoch: 59/90 train_loss: 0.0393 valid_loss: 0.4342 epoch_time: 56.934 sec
2022-11-23 20:24:14,981 | INFO | cuda:1 epoch: 60/90 train_loss: 0.0365 valid_loss: 0.4879 epoch_time: 57.759 sec
2022-11-23 20:25:12,513 | INFO | cuda:1 epoch: 61/90 train_loss: 0.0339 valid_loss: 0.4543 epoch_time: 57.532 sec
2022-11-23 20:26:09,833 | INFO | cuda:1 epoch: 62/90 train_loss: 0.0321 valid_loss: 0.4719 epoch_time: 57.320 sec
2022-11-23 20:27:07,164 | INFO | cuda:1 epoch: 63/90 train_loss: 0.0312 valid_loss: 0.4635 epoch_time: 57.331 sec
2022-11-23 20:28:04,445 | INFO | cuda:1 epoch: 64/90 train_loss: 0.0279 valid_loss: 0.4510 epoch_time: 57.280 sec
2022-11-23 20:29:03,656 | INFO | cuda:1 epoch: 65/90 train_loss: 0.0276 valid_loss: 0.4637 epoch_time: 59.211 sec
2022-11-23 20:30:00,822 | INFO | cuda:1 epoch: 66/90 train_loss: 0.0276 valid_loss: 0.4842 epoch_time: 57.166 sec
2022-11-23 20:30:58,061 | INFO | cuda:1 epoch: 67/90 train_loss: 0.0251 valid_loss: 0.4663 epoch_time: 57.239 sec
2022-11-23 20:31:55,257 | INFO | cuda:1 epoch: 68/90 train_loss: 0.0252 valid_loss: 0.4836 epoch_time: 57.196 sec
2022-11-23 20:32:52,469 | INFO | cuda:1 epoch: 69/90 train_loss: 0.0234 valid_loss: 0.4828 epoch_time: 57.212 sec
2022-11-23 20:33:49,892 | INFO | cuda:1 epoch: 70/90 train_loss: 0.0222 valid_loss: 0.4790 epoch_time: 57.423 sec
2022-11-23 20:34:47,315 | INFO | cuda:1 epoch: 71/90 train_loss: 0.0224 valid_loss: 0.4855 epoch_time: 57.422 sec
2022-11-23 20:35:44,561 | INFO | cuda:1 epoch: 72/90 train_loss: 0.0202 valid_loss: 0.4951 epoch_time: 57.246 sec
2022-11-23 20:36:41,713 | INFO | cuda:1 epoch: 73/90 train_loss: 0.0209 valid_loss: 0.4708 epoch_time: 57.151 sec
2022-11-23 20:37:39,003 | INFO | cuda:1 epoch: 74/90 train_loss: 0.0195 valid_loss: 0.4884 epoch_time: 57.290 sec
2022-11-23 20:38:36,320 | INFO | cuda:1 epoch: 75/90 train_loss: 0.0182 valid_loss: 0.4969 epoch_time: 57.316 sec
2022-11-23 20:39:33,669 | INFO | cuda:1 epoch: 76/90 train_loss: 0.0177 valid_loss: 0.4954 epoch_time: 57.348 sec
2022-11-23 20:40:30,985 | INFO | cuda:1 epoch: 77/90 train_loss: 0.0181 valid_loss: 0.5026 epoch_time: 57.316 sec
2022-11-23 20:41:28,545 | INFO | cuda:1 epoch: 78/90 train_loss: 0.0170 valid_loss: 0.4812 epoch_time: 57.560 sec
2022-11-23 20:42:25,932 | INFO | cuda:1 epoch: 79/90 train_loss: 0.0167 valid_loss: 0.5415 epoch_time: 57.386 sec
2022-11-23 20:43:23,317 | INFO | cuda:1 epoch: 80/90 train_loss: 0.0176 valid_loss: 0.4961 epoch_time: 57.385 sec
2022-11-23 20:44:20,680 | INFO | cuda:1 epoch: 81/90 train_loss: 0.0172 valid_loss: 0.4864 epoch_time: 57.363 sec
2022-11-23 20:45:18,058 | INFO | cuda:1 epoch: 82/90 train_loss: 0.0169 valid_loss: 0.4895 epoch_time: 57.378 sec
2022-11-23 20:46:15,409 | INFO | cuda:1 epoch: 83/90 train_loss: 0.0172 valid_loss: 0.4932 epoch_time: 57.350 sec
2022-11-23 20:47:13,959 | INFO | cuda:1 epoch: 84/90 train_loss: 0.0164 valid_loss: 0.4814 epoch_time: 58.550 sec
2022-11-23 20:48:11,393 | INFO | cuda:1 epoch: 85/90 train_loss: 0.0177 valid_loss: 0.4877 epoch_time: 57.433 sec
2022-11-23 20:49:08,741 | INFO | cuda:1 epoch: 86/90 train_loss: 0.0169 valid_loss: 0.4915 epoch_time: 57.348 sec
2022-11-23 20:50:06,081 | INFO | cuda:1 epoch: 87/90 train_loss: 0.0165 valid_loss: 0.4984 epoch_time: 57.340 sec
2022-11-23 20:51:03,426 | INFO | cuda:1 epoch: 88/90 train_loss: 0.0169 valid_loss: 0.4909 epoch_time: 57.344 sec
2022-11-23 20:52:00,735 | INFO | cuda:1 epoch: 89/90 train_loss: 0.0162 valid_loss: 0.4838 epoch_time: 57.309 sec
2022-11-23 20:52:58,098 | INFO | cuda:1 epoch: 90/90 train_loss: 0.0162 valid_loss: 0.5425 epoch_time: 57.362 sec
2022-11-23 20:53:30,850 | INFO | 
train_accuracy: 0.998 train_precision: 0.998 train_recall: 0.998 train_f1: 0.998 valid_accuracy: 0.879 valid_precision: 0.887 valid_recall: 0.879 valid_f1: 0.878 total_time: 5168.688 sec
