2022-11-19 19:42:54,269 | INFO | 
model:
  name: ResNet14
  architecture:
    in_channels: 3
    out_channels: 10
    activation: Default
optimizer:
  name: SGD
  parameters:
    lr: 0.1
    weight_decay: 0.0001
    momentum: 0.9
scheduler:
  num: 1
  scheduler0:
    name: MultiStepLR
    parameters:
      milestones: [45, 65]
      gamma: 0.1
dataset:
  name: CIFAR10
  batch_size: 128
  split:
    train: 0.9
    valid: 0.1
    test: 1.0
train:
  epochs: 90
  device: cuda:0
  save_path: ./checkpoints/default/cifar10/
  log_path: ./logs/default/cifar10/
  seed: 42
  save_every: 10
test:
  device: cuda:0
  checkpoint: ./checkpoints/default/cifar10/
  log_path: ./logs/default/cifar10/
  seed: 42
2022-11-19 19:42:54,270 | INFO | 
ResNetCifar(
  (conv1): Conv2d(3, 16, kernel_size=(3, 3), stride=(1, 1), padding=(1, 1), bias=False)
  (bn1): BatchNorm2d(16, eps=1e-05, momentum=0.1, affine=True, track_running_stats=True)
  (layer1): Sequential(
    (0): BasicBlockCifar(
      (conv1): Conv2d(16, 16, kernel_size=(3, 3), stride=(1, 1), padding=(1, 1), bias=False)
      (bn1): BatchNorm2d(16, eps=1e-05, momentum=0.1, affine=True, track_running_stats=True)
      (conv2): Conv2d(16, 16, kernel_size=(3, 3), stride=(1, 1), padding=(1, 1), bias=False)
      (bn2): BatchNorm2d(16, eps=1e-05, momentum=0.1, affine=True, track_running_stats=True)
      (shortcut): Sequential()
      (relu): ReLU()
    )
    (1): BasicBlockCifar(
      (conv1): Conv2d(16, 16, kernel_size=(3, 3), stride=(1, 1), padding=(1, 1), bias=False)
      (bn1): BatchNorm2d(16, eps=1e-05, momentum=0.1, affine=True, track_running_stats=True)
      (conv2): Conv2d(16, 16, kernel_size=(3, 3), stride=(1, 1), padding=(1, 1), bias=False)
      (bn2): BatchNorm2d(16, eps=1e-05, momentum=0.1, affine=True, track_running_stats=True)
      (shortcut): Sequential()
      (relu): ReLU()
    )
  )
  (layer2): Sequential(
    (0): BasicBlockCifar(
      (conv1): Conv2d(16, 32, kernel_size=(3, 3), stride=(2, 2), padding=(1, 1), bias=False)
      (bn1): BatchNorm2d(32, eps=1e-05, momentum=0.1, affine=True, track_running_stats=True)
      (conv2): Conv2d(32, 32, kernel_size=(3, 3), stride=(1, 1), padding=(1, 1), bias=False)
      (bn2): BatchNorm2d(32, eps=1e-05, momentum=0.1, affine=True, track_running_stats=True)
      (shortcut): LambdaLayerCifar()
      (relu): ReLU()
    )
    (1): BasicBlockCifar(
      (conv1): Conv2d(32, 32, kernel_size=(3, 3), stride=(1, 1), padding=(1, 1), bias=False)
      (bn1): BatchNorm2d(32, eps=1e-05, momentum=0.1, affine=True, track_running_stats=True)
      (conv2): Conv2d(32, 32, kernel_size=(3, 3), stride=(1, 1), padding=(1, 1), bias=False)
      (bn2): BatchNorm2d(32, eps=1e-05, momentum=0.1, affine=True, track_running_stats=True)
      (shortcut): Sequential()
      (relu): ReLU()
    )
  )
  (layer3): Sequential(
    (0): BasicBlockCifar(
      (conv1): Conv2d(32, 64, kernel_size=(3, 3), stride=(2, 2), padding=(1, 1), bias=False)
      (bn1): BatchNorm2d(64, eps=1e-05, momentum=0.1, affine=True, track_running_stats=True)
      (conv2): Conv2d(64, 64, kernel_size=(3, 3), stride=(1, 1), padding=(1, 1), bias=False)
      (bn2): BatchNorm2d(64, eps=1e-05, momentum=0.1, affine=True, track_running_stats=True)
      (shortcut): LambdaLayerCifar()
      (relu): ReLU()
    )
    (1): BasicBlockCifar(
      (conv1): Conv2d(64, 64, kernel_size=(3, 3), stride=(1, 1), padding=(1, 1), bias=False)
      (bn1): BatchNorm2d(64, eps=1e-05, momentum=0.1, affine=True, track_running_stats=True)
      (conv2): Conv2d(64, 64, kernel_size=(3, 3), stride=(1, 1), padding=(1, 1), bias=False)
      (bn2): BatchNorm2d(64, eps=1e-05, momentum=0.1, affine=True, track_running_stats=True)
      (shortcut): Sequential()
      (relu): ReLU()
    )
  )
  (fc): Linear(in_features=64, out_features=10, bias=True)
  (relu): ReLU()
)
2022-11-19 19:42:54,270 | INFO | 
SGD (
Parameter Group 0
    dampening: 0
    initial_lr: 0.1
    lr: 0.1
    momentum: 0.9
    nesterov: False
    weight_decay: 0.0001
)
2022-11-19 19:42:54,271 | INFO | 
MultiStepLR (
  milestones: Counter({45: 1, 65: 1})
  gamma: 0.1
  base_lrs: [0.1]
  last_epoch: 0
  _step_count: 1
  verbose: False
  _get_lr_called_within_step: False
  _last_lr: [0.1]
)
2022-11-19 19:42:54,271 | INFO | 
CrossEntropyLoss()
2022-11-19 19:43:23,816 | INFO | cuda:0 epoch: 1/90 train_loss: 1.5892 valid_loss: 1.5745 epoch_time: 27.407 sec
2022-11-19 19:43:51,430 | INFO | cuda:0 epoch: 2/90 train_loss: 1.1079 valid_loss: 1.1020 epoch_time: 27.613 sec
2022-11-19 19:44:18,986 | INFO | cuda:0 epoch: 3/90 train_loss: 0.9060 valid_loss: 0.9748 epoch_time: 27.556 sec
2022-11-19 19:44:46,484 | INFO | cuda:0 epoch: 4/90 train_loss: 0.7842 valid_loss: 0.8178 epoch_time: 27.497 sec
2022-11-19 19:45:14,100 | INFO | cuda:0 epoch: 5/90 train_loss: 0.6950 valid_loss: 0.8328 epoch_time: 27.615 sec
2022-11-19 19:45:41,803 | INFO | cuda:0 epoch: 6/90 train_loss: 0.6449 valid_loss: 0.8056 epoch_time: 27.703 sec
2022-11-19 19:46:09,136 | INFO | cuda:0 epoch: 7/90 train_loss: 0.5953 valid_loss: 0.6652 epoch_time: 27.332 sec
2022-11-19 19:46:36,623 | INFO | cuda:0 epoch: 8/90 train_loss: 0.5651 valid_loss: 0.7132 epoch_time: 27.487 sec
2022-11-19 19:47:04,022 | INFO | cuda:0 epoch: 9/90 train_loss: 0.5340 valid_loss: 0.6258 epoch_time: 27.398 sec
2022-11-19 19:47:31,399 | INFO | cuda:0 epoch: 10/90 train_loss: 0.5094 valid_loss: 0.6929 epoch_time: 27.376 sec
2022-11-19 19:47:58,846 | INFO | cuda:0 epoch: 11/90 train_loss: 0.4845 valid_loss: 0.6543 epoch_time: 27.447 sec
2022-11-19 19:48:26,352 | INFO | cuda:0 epoch: 12/90 train_loss: 0.4699 valid_loss: 0.6310 epoch_time: 27.506 sec
2022-11-19 19:48:53,875 | INFO | cuda:0 epoch: 13/90 train_loss: 0.4600 valid_loss: 0.5691 epoch_time: 27.522 sec
2022-11-19 19:49:21,370 | INFO | cuda:0 epoch: 14/90 train_loss: 0.4442 valid_loss: 0.5988 epoch_time: 27.495 sec
2022-11-19 19:49:48,747 | INFO | cuda:0 epoch: 15/90 train_loss: 0.4272 valid_loss: 0.6142 epoch_time: 27.377 sec
2022-11-19 19:50:16,148 | INFO | cuda:0 epoch: 16/90 train_loss: 0.4110 valid_loss: 0.6375 epoch_time: 27.400 sec
2022-11-19 19:50:43,561 | INFO | cuda:0 epoch: 17/90 train_loss: 0.4043 valid_loss: 0.5396 epoch_time: 27.414 sec
2022-11-19 19:51:10,957 | INFO | cuda:0 epoch: 18/90 train_loss: 0.3981 valid_loss: 0.5391 epoch_time: 27.396 sec
2022-11-19 19:51:38,546 | INFO | cuda:0 epoch: 19/90 train_loss: 0.3900 valid_loss: 0.5372 epoch_time: 27.588 sec
2022-11-19 19:52:06,393 | INFO | cuda:0 epoch: 20/90 train_loss: 0.3760 valid_loss: 0.6705 epoch_time: 27.847 sec
2022-11-19 19:52:33,953 | INFO | cuda:0 epoch: 21/90 train_loss: 0.3704 valid_loss: 0.5980 epoch_time: 27.560 sec
2022-11-19 19:53:01,320 | INFO | cuda:0 epoch: 22/90 train_loss: 0.3692 valid_loss: 0.5264 epoch_time: 27.367 sec
2022-11-19 19:53:28,625 | INFO | cuda:0 epoch: 23/90 train_loss: 0.3586 valid_loss: 0.5478 epoch_time: 27.304 sec
2022-11-19 19:53:55,996 | INFO | cuda:0 epoch: 24/90 train_loss: 0.3515 valid_loss: 0.5462 epoch_time: 27.370 sec
2022-11-19 19:54:23,422 | INFO | cuda:0 epoch: 25/90 train_loss: 0.3471 valid_loss: 0.5381 epoch_time: 27.426 sec
2022-11-19 19:54:50,846 | INFO | cuda:0 epoch: 26/90 train_loss: 0.3399 valid_loss: 0.5175 epoch_time: 27.423 sec
2022-11-19 19:55:18,197 | INFO | cuda:0 epoch: 27/90 train_loss: 0.3327 valid_loss: 0.4207 epoch_time: 27.351 sec
2022-11-19 19:55:45,519 | INFO | cuda:0 epoch: 28/90 train_loss: 0.3262 valid_loss: 0.5840 epoch_time: 27.322 sec
2022-11-19 19:56:12,917 | INFO | cuda:0 epoch: 29/90 train_loss: 0.3264 valid_loss: 0.4908 epoch_time: 27.398 sec
2022-11-19 19:56:40,418 | INFO | cuda:0 epoch: 30/90 train_loss: 0.3211 valid_loss: 0.4994 epoch_time: 27.500 sec
2022-11-19 19:57:07,870 | INFO | cuda:0 epoch: 31/90 train_loss: 0.3132 valid_loss: 0.5730 epoch_time: 27.452 sec
2022-11-19 19:57:35,533 | INFO | cuda:0 epoch: 32/90 train_loss: 0.3136 valid_loss: 0.5328 epoch_time: 27.662 sec
2022-11-19 19:58:02,913 | INFO | cuda:0 epoch: 33/90 train_loss: 0.3126 valid_loss: 0.5107 epoch_time: 27.380 sec
2022-11-19 19:58:30,410 | INFO | cuda:0 epoch: 34/90 train_loss: 0.3069 valid_loss: 0.5205 epoch_time: 27.497 sec
2022-11-19 19:58:57,749 | INFO | cuda:0 epoch: 35/90 train_loss: 0.3023 valid_loss: 0.5564 epoch_time: 27.339 sec
2022-11-19 19:59:25,089 | INFO | cuda:0 epoch: 36/90 train_loss: 0.2994 valid_loss: 0.4875 epoch_time: 27.340 sec
2022-11-19 19:59:52,443 | INFO | cuda:0 epoch: 37/90 train_loss: 0.2986 valid_loss: 0.6704 epoch_time: 27.353 sec
2022-11-19 20:00:19,831 | INFO | cuda:0 epoch: 38/90 train_loss: 0.2966 valid_loss: 0.5897 epoch_time: 27.388 sec
2022-11-19 20:00:47,217 | INFO | cuda:0 epoch: 39/90 train_loss: 0.2853 valid_loss: 0.4631 epoch_time: 27.385 sec
2022-11-19 20:01:14,585 | INFO | cuda:0 epoch: 40/90 train_loss: 0.2913 valid_loss: 0.5339 epoch_time: 27.368 sec
2022-11-19 20:01:41,933 | INFO | cuda:0 epoch: 41/90 train_loss: 0.2869 valid_loss: 0.5372 epoch_time: 27.347 sec
2022-11-19 20:02:09,275 | INFO | cuda:0 epoch: 42/90 train_loss: 0.2830 valid_loss: 0.4903 epoch_time: 27.342 sec
2022-11-19 20:02:36,639 | INFO | cuda:0 epoch: 43/90 train_loss: 0.2814 valid_loss: 0.5149 epoch_time: 27.364 sec
2022-11-19 20:03:04,127 | INFO | cuda:0 epoch: 44/90 train_loss: 0.2847 valid_loss: 0.4462 epoch_time: 27.488 sec
2022-11-19 20:03:31,431 | INFO | cuda:0 epoch: 45/90 train_loss: 0.2786 valid_loss: 0.4921 epoch_time: 27.303 sec
2022-11-19 20:03:58,741 | INFO | cuda:0 epoch: 46/90 train_loss: 0.1896 valid_loss: 0.3451 epoch_time: 27.309 sec
2022-11-19 20:04:26,052 | INFO | cuda:0 epoch: 47/90 train_loss: 0.1595 valid_loss: 0.3764 epoch_time: 27.311 sec
2022-11-19 20:04:53,396 | INFO | cuda:0 epoch: 48/90 train_loss: 0.1482 valid_loss: 0.3376 epoch_time: 27.344 sec
2022-11-19 20:05:20,836 | INFO | cuda:0 epoch: 49/90 train_loss: 0.1410 valid_loss: 0.3420 epoch_time: 27.440 sec
2022-11-19 20:05:48,286 | INFO | cuda:0 epoch: 50/90 train_loss: 0.1337 valid_loss: 0.3341 epoch_time: 27.449 sec
2022-11-19 20:06:16,094 | INFO | cuda:0 epoch: 51/90 train_loss: 0.1316 valid_loss: 0.3438 epoch_time: 27.807 sec
2022-11-19 20:06:43,458 | INFO | cuda:0 epoch: 52/90 train_loss: 0.1234 valid_loss: 0.3361 epoch_time: 27.364 sec
2022-11-19 20:07:11,068 | INFO | cuda:0 epoch: 53/90 train_loss: 0.1230 valid_loss: 0.3508 epoch_time: 27.610 sec
2022-11-19 20:07:38,409 | INFO | cuda:0 epoch: 54/90 train_loss: 0.1215 valid_loss: 0.3407 epoch_time: 27.340 sec
2022-11-19 20:08:06,052 | INFO | cuda:0 epoch: 55/90 train_loss: 0.1165 valid_loss: 0.3355 epoch_time: 27.642 sec
2022-11-19 20:08:33,496 | INFO | cuda:0 epoch: 56/90 train_loss: 0.1106 valid_loss: 0.3493 epoch_time: 27.443 sec
2022-11-19 20:09:00,744 | INFO | cuda:0 epoch: 57/90 train_loss: 0.1085 valid_loss: 0.3653 epoch_time: 27.248 sec
2022-11-19 20:09:28,066 | INFO | cuda:0 epoch: 58/90 train_loss: 0.1106 valid_loss: 0.3481 epoch_time: 27.322 sec
2022-11-19 20:09:55,284 | INFO | cuda:0 epoch: 59/90 train_loss: 0.1050 valid_loss: 0.3511 epoch_time: 27.217 sec
2022-11-19 20:10:22,622 | INFO | cuda:0 epoch: 60/90 train_loss: 0.1040 valid_loss: 0.3841 epoch_time: 27.338 sec
2022-11-19 20:10:50,053 | INFO | cuda:0 epoch: 61/90 train_loss: 0.1021 valid_loss: 0.3649 epoch_time: 27.430 sec
2022-11-19 20:11:17,421 | INFO | cuda:0 epoch: 62/90 train_loss: 0.0991 valid_loss: 0.3668 epoch_time: 27.368 sec
2022-11-19 20:11:44,806 | INFO | cuda:0 epoch: 63/90 train_loss: 0.0956 valid_loss: 0.3618 epoch_time: 27.385 sec
2022-11-19 20:12:12,133 | INFO | cuda:0 epoch: 64/90 train_loss: 0.0953 valid_loss: 0.3761 epoch_time: 27.327 sec
2022-11-19 20:12:39,488 | INFO | cuda:0 epoch: 65/90 train_loss: 0.0973 valid_loss: 0.3587 epoch_time: 27.355 sec
2022-11-19 20:13:06,940 | INFO | cuda:0 epoch: 66/90 train_loss: 0.0862 valid_loss: 0.3895 epoch_time: 27.451 sec
2022-11-19 20:13:34,308 | INFO | cuda:0 epoch: 67/90 train_loss: 0.0837 valid_loss: 0.3917 epoch_time: 27.368 sec
2022-11-19 20:14:01,757 | INFO | cuda:0 epoch: 68/90 train_loss: 0.0814 valid_loss: 0.3660 epoch_time: 27.449 sec
2022-11-19 20:14:29,294 | INFO | cuda:0 epoch: 69/90 train_loss: 0.0799 valid_loss: 0.3405 epoch_time: 27.536 sec
2022-11-19 20:14:56,603 | INFO | cuda:0 epoch: 70/90 train_loss: 0.0808 valid_loss: 0.3536 epoch_time: 27.309 sec
2022-11-19 20:15:23,853 | INFO | cuda:0 epoch: 71/90 train_loss: 0.0803 valid_loss: 0.3595 epoch_time: 27.249 sec
2022-11-19 20:15:51,274 | INFO | cuda:0 epoch: 72/90 train_loss: 0.0800 valid_loss: 0.3477 epoch_time: 27.421 sec
2022-11-19 20:16:18,650 | INFO | cuda:0 epoch: 73/90 train_loss: 0.0795 valid_loss: 0.3605 epoch_time: 27.375 sec
2022-11-19 20:16:46,135 | INFO | cuda:0 epoch: 74/90 train_loss: 0.0786 valid_loss: 0.3854 epoch_time: 27.485 sec
2022-11-19 20:17:13,678 | INFO | cuda:0 epoch: 75/90 train_loss: 0.0796 valid_loss: 0.3771 epoch_time: 27.542 sec
2022-11-19 20:17:41,228 | INFO | cuda:0 epoch: 76/90 train_loss: 0.0758 valid_loss: 0.3679 epoch_time: 27.549 sec
2022-11-19 20:18:08,536 | INFO | cuda:0 epoch: 77/90 train_loss: 0.0783 valid_loss: 0.3643 epoch_time: 27.308 sec
2022-11-19 20:18:36,005 | INFO | cuda:0 epoch: 78/90 train_loss: 0.0787 valid_loss: 0.3624 epoch_time: 27.468 sec
2022-11-19 20:19:03,614 | INFO | cuda:0 epoch: 79/90 train_loss: 0.0783 valid_loss: 0.3557 epoch_time: 27.609 sec
2022-11-19 20:19:31,133 | INFO | cuda:0 epoch: 80/90 train_loss: 0.0787 valid_loss: 0.3651 epoch_time: 27.518 sec
2022-11-19 20:19:58,458 | INFO | cuda:0 epoch: 81/90 train_loss: 0.0770 valid_loss: 0.3893 epoch_time: 27.325 sec
2022-11-19 20:20:25,855 | INFO | cuda:0 epoch: 82/90 train_loss: 0.0748 valid_loss: 0.4010 epoch_time: 27.397 sec
2022-11-19 20:20:53,349 | INFO | cuda:0 epoch: 83/90 train_loss: 0.0767 valid_loss: 0.3893 epoch_time: 27.493 sec
2022-11-19 20:21:20,694 | INFO | cuda:0 epoch: 84/90 train_loss: 0.0780 valid_loss: 0.3663 epoch_time: 27.345 sec
2022-11-19 20:21:47,997 | INFO | cuda:0 epoch: 85/90 train_loss: 0.0765 valid_loss: 0.3750 epoch_time: 27.303 sec
2022-11-19 20:22:16,532 | INFO | cuda:0 epoch: 86/90 train_loss: 0.0748 valid_loss: 0.3722 epoch_time: 28.535 sec
2022-11-19 20:22:43,853 | INFO | cuda:0 epoch: 87/90 train_loss: 0.0770 valid_loss: 0.3654 epoch_time: 27.320 sec
2022-11-19 20:23:11,291 | INFO | cuda:0 epoch: 88/90 train_loss: 0.0762 valid_loss: 0.3669 epoch_time: 27.438 sec
2022-11-19 20:23:38,848 | INFO | cuda:0 epoch: 89/90 train_loss: 0.0751 valid_loss: 0.3646 epoch_time: 27.556 sec
2022-11-19 20:24:06,287 | INFO | cuda:0 epoch: 90/90 train_loss: 0.0766 valid_loss: 0.3731 epoch_time: 27.438 sec
2022-11-19 20:24:28,815 | INFO | 
train_accuracy: 0.981 train_precision: 0.983 train_recall: 0.981 train_f1: 0.981 valid_accuracy: 0.896 valid_precision: 0.900 valid_recall: 0.896 valid_f1: 0.894 total_time: 2469.879 sec
