2023-01-10 09:58:58,150 | INFO | 
model:
  name: DNN2
  architecture:
    in_channels: 784
    out_channels: 10
    activation:
      name: LinComb
      activations: ['relu', 'sigmoid', 'tanh', 'softsign']
optimizer:
  name: Adam
  parameters:
    lr: 0.0003
    weight_decay: 1e-05
scheduler:
  num: 1
  scheduler0:
    name: ExponentialLR
    parameters:
      gamma: 0.5
dataset:
  name: MNIST
  batch_size: 32
  split:
    train: 0.9
    valid: 0.1
    test: 1.0
train:
  epochs: 10
  device: cuda:0
  save_path: ./checkpoints/lincomb/mnist/
  log_path: ./logs/lincomb/mnist/
  seed: 42
  save_every: 2
test:
  device: cuda:0
  checkpoint: ./checkpoints/lincomb/mnist/
  log_path: ./logs/lincomb/mnist/
  seed: 42
2023-01-10 09:58:58,150 | INFO | 
DNN(
  (first_fc): Linear(in_features=784, out_features=392, bias=True)
  (first_act): LinComb()
  (last_fc): Linear(in_features=392, out_features=10, bias=True)
)
2023-01-10 09:58:58,151 | INFO | 
Adam (
Parameter Group 0
    amsgrad: False
    betas: (0.9, 0.999)
    eps: 1e-08
    initial_lr: 0.0003
    lr: 0.0003
    weight_decay: 1e-05
)
2023-01-10 09:58:58,151 | INFO | 
ExponentialLR (
  gamma: 0.5
  base_lrs: [0.0003]
  last_epoch: 0
  _step_count: 1
  verbose: False
  _get_lr_called_within_step: False
  _last_lr: [0.0003]
)
2023-01-10 09:58:58,151 | INFO | 
CrossEntropyLoss()
2023-01-10 09:59:24,357 | INFO | cuda:0 epoch: 1/10 train_loss: 0.8797 valid_loss: 0.4567 epoch_time: 26.127 sec
2023-01-10 09:59:50,524 | INFO | cuda:0 epoch: 2/10 train_loss: 0.3529 valid_loss: 0.3058 epoch_time: 26.166 sec
2023-01-10 10:00:16,712 | INFO | cuda:0 epoch: 3/10 train_loss: 0.2762 valid_loss: 0.2747 epoch_time: 26.188 sec
2023-01-10 10:00:42,968 | INFO | cuda:0 epoch: 4/10 train_loss: 0.2455 valid_loss: 0.2569 epoch_time: 26.256 sec
2023-01-10 10:01:09,189 | INFO | cuda:0 epoch: 5/10 train_loss: 0.2362 valid_loss: 0.2497 epoch_time: 26.220 sec
2023-01-10 10:01:35,834 | INFO | cuda:0 epoch: 6/10 train_loss: 0.2285 valid_loss: 0.2382 epoch_time: 26.645 sec
2023-01-10 10:02:02,410 | INFO | cuda:0 epoch: 7/10 train_loss: 0.2234 valid_loss: 0.2335 epoch_time: 26.575 sec
2023-01-10 10:02:28,592 | INFO | cuda:0 epoch: 8/10 train_loss: 0.2221 valid_loss: 0.2391 epoch_time: 26.182 sec
2023-01-10 10:02:55,013 | INFO | cuda:0 epoch: 9/10 train_loss: 0.2210 valid_loss: 0.2324 epoch_time: 26.421 sec
2023-01-10 10:03:21,197 | INFO | cuda:0 epoch: 10/10 train_loss: 0.2232 valid_loss: 0.2440 epoch_time: 26.183 sec
2023-01-10 10:03:50,225 | INFO | 
train_accuracy: 0.934 train_precision: 0.950 train_recall: 0.934 train_f1: 0.934 valid_accuracy: 0.934 valid_precision: 0.951 valid_recall: 0.934 valid_f1: 0.935 total_time: 262.968 sec
