2023-01-10 11:37:57,314 | INFO | 
model:
  name: DNN5
  architecture:
    in_channels: 784
    out_channels: 10
    activation: DELU
optimizer:
  name: Adam
  parameters:
    lr: 0.0003
    weight_decay: 1e-05
scheduler:
  num: 1
  scheduler0:
    name: ExponentialLR
    parameters:
      gamma: 0.5
dataset:
  name: MNIST
  batch_size: 32
  split:
    train: 0.9
    valid: 0.1
    test: 1.0
train:
  epochs: 10
  device: cuda:0
  save_path: ./checkpoints/delu/mnist/
  log_path: ./logs/delu/mnist/
  seed: 42
  save_every: 2
test:
  device: cuda:0
  checkpoint: ./checkpoints/delu/mnist/
  log_path: ./logs/delu/mnist/
  seed: 42
2023-01-10 11:37:57,315 | INFO | 
DNN(
  (first_fc): Linear(in_features=784, out_features=512, bias=True)
  (first_act): DELU()
  (layers): Sequential(
    (0): Linear(in_features=512, out_features=256, bias=True)
    (1): DELU()
    (2): Linear(in_features=256, out_features=128, bias=True)
    (3): DELU()
    (4): Linear(in_features=128, out_features=64, bias=True)
    (5): DELU()
  )
  (last_fc): Linear(in_features=64, out_features=10, bias=True)
)
2023-01-10 11:37:57,315 | INFO | 
Adam (
Parameter Group 0
    amsgrad: False
    betas: (0.9, 0.999)
    eps: 1e-08
    initial_lr: 0.0003
    lr: 0.0003
    weight_decay: 1e-05
)
2023-01-10 11:37:57,315 | INFO | 
ExponentialLR (
  gamma: 0.5
  base_lrs: [0.0003]
  last_epoch: 0
  _step_count: 1
  verbose: False
  _get_lr_called_within_step: False
  _last_lr: [0.0003]
)
2023-01-10 11:37:57,315 | INFO | 
CrossEntropyLoss()
2023-01-10 11:38:27,487 | INFO | cuda:0 epoch: 1/10 train_loss: 0.5344 valid_loss: 0.2776 epoch_time: 30.097 sec
2023-01-10 11:38:57,301 | INFO | cuda:0 epoch: 2/10 train_loss: 0.2132 valid_loss: 0.2091 epoch_time: 29.814 sec
2023-01-10 11:39:27,664 | INFO | cuda:0 epoch: 3/10 train_loss: 0.1661 valid_loss: 0.1738 epoch_time: 30.362 sec
2023-01-10 11:39:57,544 | INFO | cuda:0 epoch: 4/10 train_loss: 0.1361 valid_loss: 0.1597 epoch_time: 29.880 sec
2023-01-10 11:40:27,815 | INFO | cuda:0 epoch: 5/10 train_loss: 0.1226 valid_loss: 0.1446 epoch_time: 30.270 sec
2023-01-10 11:40:59,101 | INFO | cuda:0 epoch: 6/10 train_loss: 0.1180 valid_loss: 0.1415 epoch_time: 31.286 sec
2023-01-10 11:41:29,142 | INFO | cuda:0 epoch: 7/10 train_loss: 0.1169 valid_loss: 0.1375 epoch_time: 30.041 sec
2023-01-10 11:41:59,036 | INFO | cuda:0 epoch: 8/10 train_loss: 0.1128 valid_loss: 0.1364 epoch_time: 29.893 sec
2023-01-10 11:42:28,862 | INFO | cuda:0 epoch: 9/10 train_loss: 0.1119 valid_loss: 0.1305 epoch_time: 29.825 sec
2023-01-10 11:42:59,554 | INFO | cuda:0 epoch: 10/10 train_loss: 0.1100 valid_loss: 0.1328 epoch_time: 30.692 sec
2023-01-10 11:43:30,536 | INFO | 
train_accuracy: 0.966 train_precision: 0.975 train_recall: 0.966 train_f1: 0.966 valid_accuracy: 0.961 valid_precision: 0.970 valid_recall: 0.961 valid_f1: 0.961 total_time: 302.165 sec
