2022-11-21 01:24:38,453 | INFO | 
model:
  name: ResNet56
  architecture:
    in_channels: 3
    out_channels: 10
    activation: ShiLU
optimizer:
  name: SGD
  parameters:
    lr: 0.01
    weight_decay: 0.0001
    momentum: 0.9
scheduler:
  num: 2
  scheduler0:
    name: LinearLR
    parameters:
      start_factor: 0.1
      end_factor: 1.0
      total_iters: 10
  scheduler1:
    name: MultiStepLR
    parameters:
      milestones: [45, 65]
      gamma: 0.1
  milestones: [10]
dataset:
  name: CIFAR10
  batch_size: 128
  split:
    train: 0.9
    valid: 0.1
    test: 1.0
train:
  epochs: 90
  device: cuda:1
  save_path: ./checkpoints/shilu/cifar10/
  log_path: ./logs/shilu/cifar10/
  seed: 42
  save_every: 10
test:
  device: cuda:0
  checkpoint: ./checkpoints/shilu/cifar10/
  log_path: ./logs/shilu/cifar10/
  seed: 42
2022-11-21 01:24:38,454 | INFO | 
ResNetCifar(
  (conv1): Conv2d(3, 16, kernel_size=(3, 3), stride=(1, 1), padding=(1, 1), bias=False)
  (bn1): BatchNorm2d(16, eps=1e-05, momentum=0.1, affine=True, track_running_stats=True)
  (layer1): Sequential(
    (0): BasicBlockCifar(
      (conv1): Conv2d(16, 16, kernel_size=(3, 3), stride=(1, 1), padding=(1, 1), bias=False)
      (bn1): BatchNorm2d(16, eps=1e-05, momentum=0.1, affine=True, track_running_stats=True)
      (conv2): Conv2d(16, 16, kernel_size=(3, 3), stride=(1, 1), padding=(1, 1), bias=False)
      (bn2): BatchNorm2d(16, eps=1e-05, momentum=0.1, affine=True, track_running_stats=True)
      (shortcut): Sequential()
      (relu): ShiLU()
    )
    (1): BasicBlockCifar(
      (conv1): Conv2d(16, 16, kernel_size=(3, 3), stride=(1, 1), padding=(1, 1), bias=False)
      (bn1): BatchNorm2d(16, eps=1e-05, momentum=0.1, affine=True, track_running_stats=True)
      (conv2): Conv2d(16, 16, kernel_size=(3, 3), stride=(1, 1), padding=(1, 1), bias=False)
      (bn2): BatchNorm2d(16, eps=1e-05, momentum=0.1, affine=True, track_running_stats=True)
      (shortcut): Sequential()
      (relu): ShiLU()
    )
    (2): BasicBlockCifar(
      (conv1): Conv2d(16, 16, kernel_size=(3, 3), stride=(1, 1), padding=(1, 1), bias=False)
      (bn1): BatchNorm2d(16, eps=1e-05, momentum=0.1, affine=True, track_running_stats=True)
      (conv2): Conv2d(16, 16, kernel_size=(3, 3), stride=(1, 1), padding=(1, 1), bias=False)
      (bn2): BatchNorm2d(16, eps=1e-05, momentum=0.1, affine=True, track_running_stats=True)
      (shortcut): Sequential()
      (relu): ShiLU()
    )
    (3): BasicBlockCifar(
      (conv1): Conv2d(16, 16, kernel_size=(3, 3), stride=(1, 1), padding=(1, 1), bias=False)
      (bn1): BatchNorm2d(16, eps=1e-05, momentum=0.1, affine=True, track_running_stats=True)
      (conv2): Conv2d(16, 16, kernel_size=(3, 3), stride=(1, 1), padding=(1, 1), bias=False)
      (bn2): BatchNorm2d(16, eps=1e-05, momentum=0.1, affine=True, track_running_stats=True)
      (shortcut): Sequential()
      (relu): ShiLU()
    )
    (4): BasicBlockCifar(
      (conv1): Conv2d(16, 16, kernel_size=(3, 3), stride=(1, 1), padding=(1, 1), bias=False)
      (bn1): BatchNorm2d(16, eps=1e-05, momentum=0.1, affine=True, track_running_stats=True)
      (conv2): Conv2d(16, 16, kernel_size=(3, 3), stride=(1, 1), padding=(1, 1), bias=False)
      (bn2): BatchNorm2d(16, eps=1e-05, momentum=0.1, affine=True, track_running_stats=True)
      (shortcut): Sequential()
      (relu): ShiLU()
    )
    (5): BasicBlockCifar(
      (conv1): Conv2d(16, 16, kernel_size=(3, 3), stride=(1, 1), padding=(1, 1), bias=False)
      (bn1): BatchNorm2d(16, eps=1e-05, momentum=0.1, affine=True, track_running_stats=True)
      (conv2): Conv2d(16, 16, kernel_size=(3, 3), stride=(1, 1), padding=(1, 1), bias=False)
      (bn2): BatchNorm2d(16, eps=1e-05, momentum=0.1, affine=True, track_running_stats=True)
      (shortcut): Sequential()
      (relu): ShiLU()
    )
    (6): BasicBlockCifar(
      (conv1): Conv2d(16, 16, kernel_size=(3, 3), stride=(1, 1), padding=(1, 1), bias=False)
      (bn1): BatchNorm2d(16, eps=1e-05, momentum=0.1, affine=True, track_running_stats=True)
      (conv2): Conv2d(16, 16, kernel_size=(3, 3), stride=(1, 1), padding=(1, 1), bias=False)
      (bn2): BatchNorm2d(16, eps=1e-05, momentum=0.1, affine=True, track_running_stats=True)
      (shortcut): Sequential()
      (relu): ShiLU()
    )
    (7): BasicBlockCifar(
      (conv1): Conv2d(16, 16, kernel_size=(3, 3), stride=(1, 1), padding=(1, 1), bias=False)
      (bn1): BatchNorm2d(16, eps=1e-05, momentum=0.1, affine=True, track_running_stats=True)
      (conv2): Conv2d(16, 16, kernel_size=(3, 3), stride=(1, 1), padding=(1, 1), bias=False)
      (bn2): BatchNorm2d(16, eps=1e-05, momentum=0.1, affine=True, track_running_stats=True)
      (shortcut): Sequential()
      (relu): ShiLU()
    )
    (8): BasicBlockCifar(
      (conv1): Conv2d(16, 16, kernel_size=(3, 3), stride=(1, 1), padding=(1, 1), bias=False)
      (bn1): BatchNorm2d(16, eps=1e-05, momentum=0.1, affine=True, track_running_stats=True)
      (conv2): Conv2d(16, 16, kernel_size=(3, 3), stride=(1, 1), padding=(1, 1), bias=False)
      (bn2): BatchNorm2d(16, eps=1e-05, momentum=0.1, affine=True, track_running_stats=True)
      (shortcut): Sequential()
      (relu): ShiLU()
    )
  )
  (layer2): Sequential(
    (0): BasicBlockCifar(
      (conv1): Conv2d(16, 32, kernel_size=(3, 3), stride=(2, 2), padding=(1, 1), bias=False)
      (bn1): BatchNorm2d(32, eps=1e-05, momentum=0.1, affine=True, track_running_stats=True)
      (conv2): Conv2d(32, 32, kernel_size=(3, 3), stride=(1, 1), padding=(1, 1), bias=False)
      (bn2): BatchNorm2d(32, eps=1e-05, momentum=0.1, affine=True, track_running_stats=True)
      (shortcut): LambdaLayerCifar()
      (relu): ShiLU()
    )
    (1): BasicBlockCifar(
      (conv1): Conv2d(32, 32, kernel_size=(3, 3), stride=(1, 1), padding=(1, 1), bias=False)
      (bn1): BatchNorm2d(32, eps=1e-05, momentum=0.1, affine=True, track_running_stats=True)
      (conv2): Conv2d(32, 32, kernel_size=(3, 3), stride=(1, 1), padding=(1, 1), bias=False)
      (bn2): BatchNorm2d(32, eps=1e-05, momentum=0.1, affine=True, track_running_stats=True)
      (shortcut): Sequential()
      (relu): ShiLU()
    )
    (2): BasicBlockCifar(
      (conv1): Conv2d(32, 32, kernel_size=(3, 3), stride=(1, 1), padding=(1, 1), bias=False)
      (bn1): BatchNorm2d(32, eps=1e-05, momentum=0.1, affine=True, track_running_stats=True)
      (conv2): Conv2d(32, 32, kernel_size=(3, 3), stride=(1, 1), padding=(1, 1), bias=False)
      (bn2): BatchNorm2d(32, eps=1e-05, momentum=0.1, affine=True, track_running_stats=True)
      (shortcut): Sequential()
      (relu): ShiLU()
    )
    (3): BasicBlockCifar(
      (conv1): Conv2d(32, 32, kernel_size=(3, 3), stride=(1, 1), padding=(1, 1), bias=False)
      (bn1): BatchNorm2d(32, eps=1e-05, momentum=0.1, affine=True, track_running_stats=True)
      (conv2): Conv2d(32, 32, kernel_size=(3, 3), stride=(1, 1), padding=(1, 1), bias=False)
      (bn2): BatchNorm2d(32, eps=1e-05, momentum=0.1, affine=True, track_running_stats=True)
      (shortcut): Sequential()
      (relu): ShiLU()
    )
    (4): BasicBlockCifar(
      (conv1): Conv2d(32, 32, kernel_size=(3, 3), stride=(1, 1), padding=(1, 1), bias=False)
      (bn1): BatchNorm2d(32, eps=1e-05, momentum=0.1, affine=True, track_running_stats=True)
      (conv2): Conv2d(32, 32, kernel_size=(3, 3), stride=(1, 1), padding=(1, 1), bias=False)
      (bn2): BatchNorm2d(32, eps=1e-05, momentum=0.1, affine=True, track_running_stats=True)
      (shortcut): Sequential()
      (relu): ShiLU()
    )
    (5): BasicBlockCifar(
      (conv1): Conv2d(32, 32, kernel_size=(3, 3), stride=(1, 1), padding=(1, 1), bias=False)
      (bn1): BatchNorm2d(32, eps=1e-05, momentum=0.1, affine=True, track_running_stats=True)
      (conv2): Conv2d(32, 32, kernel_size=(3, 3), stride=(1, 1), padding=(1, 1), bias=False)
      (bn2): BatchNorm2d(32, eps=1e-05, momentum=0.1, affine=True, track_running_stats=True)
      (shortcut): Sequential()
      (relu): ShiLU()
    )
    (6): BasicBlockCifar(
      (conv1): Conv2d(32, 32, kernel_size=(3, 3), stride=(1, 1), padding=(1, 1), bias=False)
      (bn1): BatchNorm2d(32, eps=1e-05, momentum=0.1, affine=True, track_running_stats=True)
      (conv2): Conv2d(32, 32, kernel_size=(3, 3), stride=(1, 1), padding=(1, 1), bias=False)
      (bn2): BatchNorm2d(32, eps=1e-05, momentum=0.1, affine=True, track_running_stats=True)
      (shortcut): Sequential()
      (relu): ShiLU()
    )
    (7): BasicBlockCifar(
      (conv1): Conv2d(32, 32, kernel_size=(3, 3), stride=(1, 1), padding=(1, 1), bias=False)
      (bn1): BatchNorm2d(32, eps=1e-05, momentum=0.1, affine=True, track_running_stats=True)
      (conv2): Conv2d(32, 32, kernel_size=(3, 3), stride=(1, 1), padding=(1, 1), bias=False)
      (bn2): BatchNorm2d(32, eps=1e-05, momentum=0.1, affine=True, track_running_stats=True)
      (shortcut): Sequential()
      (relu): ShiLU()
    )
    (8): BasicBlockCifar(
      (conv1): Conv2d(32, 32, kernel_size=(3, 3), stride=(1, 1), padding=(1, 1), bias=False)
      (bn1): BatchNorm2d(32, eps=1e-05, momentum=0.1, affine=True, track_running_stats=True)
      (conv2): Conv2d(32, 32, kernel_size=(3, 3), stride=(1, 1), padding=(1, 1), bias=False)
      (bn2): BatchNorm2d(32, eps=1e-05, momentum=0.1, affine=True, track_running_stats=True)
      (shortcut): Sequential()
      (relu): ShiLU()
    )
  )
  (layer3): Sequential(
    (0): BasicBlockCifar(
      (conv1): Conv2d(32, 64, kernel_size=(3, 3), stride=(2, 2), padding=(1, 1), bias=False)
      (bn1): BatchNorm2d(64, eps=1e-05, momentum=0.1, affine=True, track_running_stats=True)
      (conv2): Conv2d(64, 64, kernel_size=(3, 3), stride=(1, 1), padding=(1, 1), bias=False)
      (bn2): BatchNorm2d(64, eps=1e-05, momentum=0.1, affine=True, track_running_stats=True)
      (shortcut): LambdaLayerCifar()
      (relu): ShiLU()
    )
    (1): BasicBlockCifar(
      (conv1): Conv2d(64, 64, kernel_size=(3, 3), stride=(1, 1), padding=(1, 1), bias=False)
      (bn1): BatchNorm2d(64, eps=1e-05, momentum=0.1, affine=True, track_running_stats=True)
      (conv2): Conv2d(64, 64, kernel_size=(3, 3), stride=(1, 1), padding=(1, 1), bias=False)
      (bn2): BatchNorm2d(64, eps=1e-05, momentum=0.1, affine=True, track_running_stats=True)
      (shortcut): Sequential()
      (relu): ShiLU()
    )
    (2): BasicBlockCifar(
      (conv1): Conv2d(64, 64, kernel_size=(3, 3), stride=(1, 1), padding=(1, 1), bias=False)
      (bn1): BatchNorm2d(64, eps=1e-05, momentum=0.1, affine=True, track_running_stats=True)
      (conv2): Conv2d(64, 64, kernel_size=(3, 3), stride=(1, 1), padding=(1, 1), bias=False)
      (bn2): BatchNorm2d(64, eps=1e-05, momentum=0.1, affine=True, track_running_stats=True)
      (shortcut): Sequential()
      (relu): ShiLU()
    )
    (3): BasicBlockCifar(
      (conv1): Conv2d(64, 64, kernel_size=(3, 3), stride=(1, 1), padding=(1, 1), bias=False)
      (bn1): BatchNorm2d(64, eps=1e-05, momentum=0.1, affine=True, track_running_stats=True)
      (conv2): Conv2d(64, 64, kernel_size=(3, 3), stride=(1, 1), padding=(1, 1), bias=False)
      (bn2): BatchNorm2d(64, eps=1e-05, momentum=0.1, affine=True, track_running_stats=True)
      (shortcut): Sequential()
      (relu): ShiLU()
    )
    (4): BasicBlockCifar(
      (conv1): Conv2d(64, 64, kernel_size=(3, 3), stride=(1, 1), padding=(1, 1), bias=False)
      (bn1): BatchNorm2d(64, eps=1e-05, momentum=0.1, affine=True, track_running_stats=True)
      (conv2): Conv2d(64, 64, kernel_size=(3, 3), stride=(1, 1), padding=(1, 1), bias=False)
      (bn2): BatchNorm2d(64, eps=1e-05, momentum=0.1, affine=True, track_running_stats=True)
      (shortcut): Sequential()
      (relu): ShiLU()
    )
    (5): BasicBlockCifar(
      (conv1): Conv2d(64, 64, kernel_size=(3, 3), stride=(1, 1), padding=(1, 1), bias=False)
      (bn1): BatchNorm2d(64, eps=1e-05, momentum=0.1, affine=True, track_running_stats=True)
      (conv2): Conv2d(64, 64, kernel_size=(3, 3), stride=(1, 1), padding=(1, 1), bias=False)
      (bn2): BatchNorm2d(64, eps=1e-05, momentum=0.1, affine=True, track_running_stats=True)
      (shortcut): Sequential()
      (relu): ShiLU()
    )
    (6): BasicBlockCifar(
      (conv1): Conv2d(64, 64, kernel_size=(3, 3), stride=(1, 1), padding=(1, 1), bias=False)
      (bn1): BatchNorm2d(64, eps=1e-05, momentum=0.1, affine=True, track_running_stats=True)
      (conv2): Conv2d(64, 64, kernel_size=(3, 3), stride=(1, 1), padding=(1, 1), bias=False)
      (bn2): BatchNorm2d(64, eps=1e-05, momentum=0.1, affine=True, track_running_stats=True)
      (shortcut): Sequential()
      (relu): ShiLU()
    )
    (7): BasicBlockCifar(
      (conv1): Conv2d(64, 64, kernel_size=(3, 3), stride=(1, 1), padding=(1, 1), bias=False)
      (bn1): BatchNorm2d(64, eps=1e-05, momentum=0.1, affine=True, track_running_stats=True)
      (conv2): Conv2d(64, 64, kernel_size=(3, 3), stride=(1, 1), padding=(1, 1), bias=False)
      (bn2): BatchNorm2d(64, eps=1e-05, momentum=0.1, affine=True, track_running_stats=True)
      (shortcut): Sequential()
      (relu): ShiLU()
    )
    (8): BasicBlockCifar(
      (conv1): Conv2d(64, 64, kernel_size=(3, 3), stride=(1, 1), padding=(1, 1), bias=False)
      (bn1): BatchNorm2d(64, eps=1e-05, momentum=0.1, affine=True, track_running_stats=True)
      (conv2): Conv2d(64, 64, kernel_size=(3, 3), stride=(1, 1), padding=(1, 1), bias=False)
      (bn2): BatchNorm2d(64, eps=1e-05, momentum=0.1, affine=True, track_running_stats=True)
      (shortcut): Sequential()
      (relu): ShiLU()
    )
  )
  (fc): Linear(in_features=64, out_features=10, bias=True)
  (relu): ShiLU()
)
2022-11-21 01:24:38,455 | INFO | 
SGD (
Parameter Group 0
    dampening: 0
    initial_lr: 0.01
    lr: 0.001
    momentum: 0.9
    nesterov: False
    weight_decay: 0.0001
)
2022-11-21 01:24:38,455 | INFO | 
SequentialLR (
  _milestones: [10]
  last_epoch: 0
  _schedulers: [
    LinearLR (
      start_factor: 0.1
      end_factor: 1.0
      total_iters: 10
      base_lrs: [0.01]
      last_epoch: 0
      _step_count: 1
      verbose: False
      _get_lr_called_within_step: False
      _last_lr: [0.001]
    ),
    MultiStepLR (
      milestones: Counter({45: 1, 65: 1})
      gamma: 0.1
      base_lrs: [0.01]
      last_epoch: 0
      _step_count: 1
      verbose: False
      _get_lr_called_within_step: False
      _last_lr: [0.001]
    ),
  ]
)
2022-11-21 01:24:38,455 | INFO | 
CrossEntropyLoss()
2022-11-21 01:25:24,111 | INFO | cuda:1 epoch: 1/90 train_loss: 2.6133 valid_loss: 2.3438 epoch_time: 43.633 sec
2022-11-21 01:26:08,488 | INFO | cuda:1 epoch: 2/90 train_loss: 2.3079 valid_loss: 2.3244 epoch_time: 44.376 sec
2022-11-21 01:26:52,693 | INFO | cuda:1 epoch: 3/90 train_loss: 2.3095 valid_loss: 2.4271 epoch_time: 44.205 sec
2022-11-21 01:27:36,256 | INFO | cuda:1 epoch: 4/90 train_loss: 2.3106 valid_loss: 2.3443 epoch_time: 43.563 sec
2022-11-21 01:28:20,238 | INFO | cuda:1 epoch: 5/90 train_loss: 2.3088 valid_loss: 2.3149 epoch_time: 43.982 sec
2022-11-21 01:29:06,232 | INFO | cuda:1 epoch: 6/90 train_loss: 2.3067 valid_loss: 2.3070 epoch_time: 45.993 sec
2022-11-21 01:29:52,949 | INFO | cuda:1 epoch: 7/90 train_loss: 2.2886 valid_loss: 2.2869 epoch_time: 46.717 sec
2022-11-21 01:30:36,715 | INFO | cuda:1 epoch: 8/90 train_loss: 2.1817 valid_loss: 2.0101 epoch_time: 43.766 sec
2022-11-21 01:31:21,943 | INFO | cuda:1 epoch: 9/90 train_loss: 1.9282 valid_loss: 1.9672 epoch_time: 45.227 sec
2022-11-21 01:32:06,138 | INFO | cuda:1 epoch: 10/90 train_loss: 1.7416 valid_loss: 1.7109 epoch_time: 44.195 sec
2022-11-21 01:32:50,093 | INFO | cuda:1 epoch: 11/90 train_loss: 1.7102 valid_loss: 1.7065 epoch_time: 43.955 sec
2022-11-21 01:33:34,774 | INFO | cuda:1 epoch: 12/90 train_loss: 2.1524 valid_loss: 1.9249 epoch_time: 44.680 sec
2022-11-21 01:34:19,039 | INFO | cuda:1 epoch: 13/90 train_loss: 1.7844 valid_loss: 1.7974 epoch_time: 44.265 sec
2022-11-21 01:35:03,419 | INFO | cuda:1 epoch: 14/90 train_loss: 1.6374 valid_loss: 1.6969 epoch_time: 44.379 sec
2022-11-21 01:35:48,769 | INFO | cuda:1 epoch: 15/90 train_loss: 1.5476 valid_loss: 1.5488 epoch_time: 45.350 sec
2022-11-21 01:36:33,635 | INFO | cuda:1 epoch: 16/90 train_loss: 1.4783 valid_loss: 1.7299 epoch_time: 44.866 sec
2022-11-21 01:37:18,458 | INFO | cuda:1 epoch: 17/90 train_loss: 1.4339 valid_loss: 1.4067 epoch_time: 44.822 sec
2022-11-21 01:38:02,883 | INFO | cuda:1 epoch: 18/90 train_loss: 1.3769 valid_loss: 1.5046 epoch_time: 44.425 sec
2022-11-21 01:38:47,412 | INFO | cuda:1 epoch: 19/90 train_loss: 1.3390 valid_loss: 1.4943 epoch_time: 44.528 sec
2022-11-21 01:39:32,034 | INFO | cuda:1 epoch: 20/90 train_loss: 1.3108 valid_loss: 1.3743 epoch_time: 44.622 sec
2022-11-21 01:40:17,788 | INFO | cuda:1 epoch: 21/90 train_loss: 1.2741 valid_loss: 1.4630 epoch_time: 45.753 sec
2022-11-21 01:41:02,263 | INFO | cuda:1 epoch: 22/90 train_loss: 1.2337 valid_loss: 1.3682 epoch_time: 44.475 sec
2022-11-21 01:41:46,611 | INFO | cuda:1 epoch: 23/90 train_loss: 1.2081 valid_loss: 1.2575 epoch_time: 44.348 sec
2022-11-21 01:42:30,333 | INFO | cuda:1 epoch: 24/90 train_loss: 1.1661 valid_loss: 2.2341 epoch_time: 43.722 sec
2022-11-21 01:43:14,186 | INFO | cuda:1 epoch: 25/90 train_loss: 1.1337 valid_loss: 1.2785 epoch_time: 43.853 sec
2022-11-21 01:43:58,039 | INFO | cuda:1 epoch: 26/90 train_loss: 1.0936 valid_loss: 1.3741 epoch_time: 43.853 sec
2022-11-21 01:44:43,380 | INFO | cuda:1 epoch: 27/90 train_loss: 1.0642 valid_loss: 1.1787 epoch_time: 45.341 sec
2022-11-21 01:45:28,494 | INFO | cuda:1 epoch: 28/90 train_loss: 1.0302 valid_loss: 1.1810 epoch_time: 45.113 sec
2022-11-21 01:46:15,173 | INFO | cuda:1 epoch: 29/90 train_loss: 1.0080 valid_loss: 1.4828 epoch_time: 46.678 sec
2022-11-21 01:46:59,955 | INFO | cuda:1 epoch: 30/90 train_loss: 0.9783 valid_loss: 1.1000 epoch_time: 44.782 sec
2022-11-21 01:47:45,596 | INFO | cuda:1 epoch: 31/90 train_loss: 0.9428 valid_loss: 1.0936 epoch_time: 45.641 sec
2022-11-21 01:48:31,196 | INFO | cuda:1 epoch: 32/90 train_loss: 0.9131 valid_loss: 1.0478 epoch_time: 45.600 sec
2022-11-21 01:49:15,703 | INFO | cuda:1 epoch: 33/90 train_loss: 0.8855 valid_loss: 1.0269 epoch_time: 44.507 sec
2022-11-21 01:50:01,936 | INFO | cuda:1 epoch: 34/90 train_loss: 0.8624 valid_loss: 0.9776 epoch_time: 46.233 sec
2022-11-21 01:50:47,086 | INFO | cuda:1 epoch: 35/90 train_loss: 0.8379 valid_loss: 0.9248 epoch_time: 45.149 sec
2022-11-21 01:51:30,982 | INFO | cuda:1 epoch: 36/90 train_loss: 0.8097 valid_loss: 1.0485 epoch_time: 43.896 sec
2022-11-21 01:52:16,233 | INFO | cuda:1 epoch: 37/90 train_loss: 0.7921 valid_loss: 1.2814 epoch_time: 45.250 sec
2022-11-21 01:53:01,885 | INFO | cuda:1 epoch: 38/90 train_loss: 0.7701 valid_loss: 1.2037 epoch_time: 45.652 sec
2022-11-21 01:53:45,892 | INFO | cuda:1 epoch: 39/90 train_loss: 0.7485 valid_loss: 1.0028 epoch_time: 44.006 sec
2022-11-21 01:54:30,055 | INFO | cuda:1 epoch: 40/90 train_loss: 0.7318 valid_loss: 0.9870 epoch_time: 44.163 sec
2022-11-21 01:55:14,607 | INFO | cuda:1 epoch: 41/90 train_loss: 0.7116 valid_loss: 0.9980 epoch_time: 44.551 sec
2022-11-21 01:55:59,005 | INFO | cuda:1 epoch: 42/90 train_loss: 0.6957 valid_loss: 0.9346 epoch_time: 44.398 sec
2022-11-21 01:56:43,171 | INFO | cuda:1 epoch: 43/90 train_loss: 0.6808 valid_loss: 1.1490 epoch_time: 44.165 sec
2022-11-21 01:57:27,814 | INFO | cuda:1 epoch: 44/90 train_loss: 0.6594 valid_loss: 1.0488 epoch_time: 44.643 sec
2022-11-21 01:58:13,167 | INFO | cuda:1 epoch: 45/90 train_loss: 0.6513 valid_loss: 1.2801 epoch_time: 45.352 sec
2022-11-21 01:58:58,616 | INFO | cuda:1 epoch: 46/90 train_loss: 0.6331 valid_loss: 1.2220 epoch_time: 45.449 sec
2022-11-21 01:59:43,611 | INFO | cuda:1 epoch: 47/90 train_loss: 0.6153 valid_loss: 1.4585 epoch_time: 44.994 sec
2022-11-21 02:00:29,346 | INFO | cuda:1 epoch: 48/90 train_loss: 0.6088 valid_loss: 0.8456 epoch_time: 45.735 sec
2022-11-21 02:01:14,027 | INFO | cuda:1 epoch: 49/90 train_loss: 0.5864 valid_loss: 1.0409 epoch_time: 44.681 sec
2022-11-21 02:01:57,723 | INFO | cuda:1 epoch: 50/90 train_loss: 0.5790 valid_loss: 0.8452 epoch_time: 43.695 sec
2022-11-21 02:02:41,924 | INFO | cuda:1 epoch: 51/90 train_loss: 0.5717 valid_loss: 0.9375 epoch_time: 44.201 sec
2022-11-21 02:03:26,408 | INFO | cuda:1 epoch: 52/90 train_loss: 0.5604 valid_loss: 0.7702 epoch_time: 44.484 sec
2022-11-21 02:04:11,018 | INFO | cuda:1 epoch: 53/90 train_loss: 0.5464 valid_loss: 0.9027 epoch_time: 44.610 sec
2022-11-21 02:04:56,293 | INFO | cuda:1 epoch: 54/90 train_loss: 0.5347 valid_loss: 0.9585 epoch_time: 45.274 sec
2022-11-21 02:05:40,624 | INFO | cuda:1 epoch: 55/90 train_loss: 0.5292 valid_loss: 0.8877 epoch_time: 44.331 sec
2022-11-21 02:06:24,824 | INFO | cuda:1 epoch: 56/90 train_loss: 0.4343 valid_loss: 0.6684 epoch_time: 44.200 sec
2022-11-21 02:07:10,712 | INFO | cuda:1 epoch: 57/90 train_loss: 0.4080 valid_loss: 0.7004 epoch_time: 45.887 sec
2022-11-21 02:07:57,577 | INFO | cuda:1 epoch: 58/90 train_loss: 0.3943 valid_loss: 0.6686 epoch_time: 46.864 sec
2022-11-21 02:08:41,527 | INFO | cuda:1 epoch: 59/90 train_loss: 0.3868 valid_loss: 0.6659 epoch_time: 43.950 sec
2022-11-21 02:09:25,347 | INFO | cuda:1 epoch: 60/90 train_loss: 0.3744 valid_loss: 0.6370 epoch_time: 43.820 sec
2022-11-21 02:10:08,898 | INFO | cuda:1 epoch: 61/90 train_loss: 0.3694 valid_loss: 0.6592 epoch_time: 43.550 sec
2022-11-21 02:10:52,496 | INFO | cuda:1 epoch: 62/90 train_loss: 0.3659 valid_loss: 0.6788 epoch_time: 43.598 sec
2022-11-21 02:11:37,428 | INFO | cuda:1 epoch: 63/90 train_loss: 0.3569 valid_loss: 0.6900 epoch_time: 44.932 sec
2022-11-21 02:12:21,523 | INFO | cuda:1 epoch: 64/90 train_loss: 0.3498 valid_loss: 0.6671 epoch_time: 44.094 sec
2022-11-21 02:13:05,510 | INFO | cuda:1 epoch: 65/90 train_loss: 0.3455 valid_loss: 0.6798 epoch_time: 43.987 sec
2022-11-21 02:13:52,279 | INFO | cuda:1 epoch: 66/90 train_loss: 0.3440 valid_loss: 0.6862 epoch_time: 46.769 sec
2022-11-21 02:14:37,059 | INFO | cuda:1 epoch: 67/90 train_loss: 0.3419 valid_loss: 0.6830 epoch_time: 44.780 sec
2022-11-21 02:15:22,811 | INFO | cuda:1 epoch: 68/90 train_loss: 0.3380 valid_loss: 0.7054 epoch_time: 45.752 sec
2022-11-21 02:16:06,234 | INFO | cuda:1 epoch: 69/90 train_loss: 0.3340 valid_loss: 0.6878 epoch_time: 43.422 sec
2022-11-21 02:16:50,524 | INFO | cuda:1 epoch: 70/90 train_loss: 0.3285 valid_loss: 0.6654 epoch_time: 44.290 sec
2022-11-21 02:17:34,722 | INFO | cuda:1 epoch: 71/90 train_loss: 0.3220 valid_loss: 0.6962 epoch_time: 44.198 sec
2022-11-21 02:18:18,648 | INFO | cuda:1 epoch: 72/90 train_loss: 0.3193 valid_loss: 0.6832 epoch_time: 43.926 sec
2022-11-21 02:19:02,863 | INFO | cuda:1 epoch: 73/90 train_loss: 0.3165 valid_loss: 0.6894 epoch_time: 44.215 sec
2022-11-21 02:19:48,783 | INFO | cuda:1 epoch: 74/90 train_loss: 0.3123 valid_loss: 0.7151 epoch_time: 45.919 sec
2022-11-21 02:20:33,224 | INFO | cuda:1 epoch: 75/90 train_loss: 0.3135 valid_loss: 0.7478 epoch_time: 44.441 sec
2022-11-21 02:21:17,484 | INFO | cuda:1 epoch: 76/90 train_loss: 0.2989 valid_loss: 0.6931 epoch_time: 44.259 sec
2022-11-21 02:22:01,960 | INFO | cuda:1 epoch: 77/90 train_loss: 0.2959 valid_loss: 0.7081 epoch_time: 44.476 sec
2022-11-21 02:22:47,438 | INFO | cuda:1 epoch: 78/90 train_loss: 0.2914 valid_loss: 0.6894 epoch_time: 45.477 sec
2022-11-21 02:23:33,567 | INFO | cuda:1 epoch: 79/90 train_loss: 0.2922 valid_loss: 0.7087 epoch_time: 46.128 sec
2022-11-21 02:24:19,447 | INFO | cuda:1 epoch: 80/90 train_loss: 0.2920 valid_loss: 0.6887 epoch_time: 45.880 sec
2022-11-21 02:25:04,863 | INFO | cuda:1 epoch: 81/90 train_loss: 0.2916 valid_loss: 0.6861 epoch_time: 45.415 sec
2022-11-21 02:25:51,086 | INFO | cuda:1 epoch: 82/90 train_loss: 0.2905 valid_loss: 0.6989 epoch_time: 46.223 sec
2022-11-21 02:26:37,340 | INFO | cuda:1 epoch: 83/90 train_loss: 0.2913 valid_loss: 0.7098 epoch_time: 46.254 sec
2022-11-21 02:27:23,886 | INFO | cuda:1 epoch: 84/90 train_loss: 0.2884 valid_loss: 0.7055 epoch_time: 46.546 sec
2022-11-21 02:28:11,368 | INFO | cuda:1 epoch: 85/90 train_loss: 0.2920 valid_loss: 0.7271 epoch_time: 47.482 sec
2022-11-21 02:28:56,026 | INFO | cuda:1 epoch: 86/90 train_loss: 0.2894 valid_loss: 0.6765 epoch_time: 44.657 sec
2022-11-21 02:29:40,653 | INFO | cuda:1 epoch: 87/90 train_loss: 0.2884 valid_loss: 0.6960 epoch_time: 44.627 sec
2022-11-21 02:30:25,340 | INFO | cuda:1 epoch: 88/90 train_loss: 0.2893 valid_loss: 0.6917 epoch_time: 44.686 sec
2022-11-21 02:31:10,071 | INFO | cuda:1 epoch: 89/90 train_loss: 0.2868 valid_loss: 0.6868 epoch_time: 44.731 sec
2022-11-21 02:31:54,266 | INFO | cuda:1 epoch: 90/90 train_loss: 0.2878 valid_loss: 0.7085 epoch_time: 44.194 sec
2022-11-21 02:32:23,797 | INFO | 
train_accuracy: 0.913 train_precision: 0.919 train_recall: 0.913 train_f1: 0.913 valid_accuracy: 0.781 valid_precision: 0.793 valid_recall: 0.781 valid_f1: 0.780 total_time: 4033.788 sec
