2023-01-10 10:58:58,886 | INFO | 
model:
  name: DNN3
  architecture:
    in_channels: 784
    out_channels: 10
    activation: ReLUN
optimizer:
  name: Adam
  parameters:
    lr: 0.0003
    weight_decay: 1e-05
scheduler:
  num: 1
  scheduler0:
    name: ExponentialLR
    parameters:
      gamma: 0.5
dataset:
  name: MNIST
  batch_size: 32
  split:
    train: 0.9
    valid: 0.1
    test: 1.0
train:
  epochs: 10
  device: cuda:0
  save_path: ./checkpoints/relun/mnist/
  log_path: ./logs/relun/mnist/
  seed: 42
  save_every: 2
test:
  device: cuda:0
  checkpoint: ./checkpoints/relun/mnist/
  log_path: ./logs/relun/mnist/
  seed: 42
2023-01-10 10:58:58,886 | INFO | 
DNN(
  (first_fc): Linear(in_features=784, out_features=392, bias=True)
  (first_act): ReLUN()
  (layers): Sequential(
    (0): Linear(in_features=392, out_features=196, bias=True)
    (1): ReLUN()
  )
  (last_fc): Linear(in_features=196, out_features=10, bias=True)
)
2023-01-10 10:58:58,887 | INFO | 
Adam (
Parameter Group 0
    amsgrad: False
    betas: (0.9, 0.999)
    eps: 1e-08
    initial_lr: 0.0003
    lr: 0.0003
    weight_decay: 1e-05
)
2023-01-10 10:58:58,887 | INFO | 
ExponentialLR (
  gamma: 0.5
  base_lrs: [0.0003]
  last_epoch: 0
  _step_count: 1
  verbose: False
  _get_lr_called_within_step: False
  _last_lr: [0.0003]
)
2023-01-10 10:58:58,887 | INFO | 
CrossEntropyLoss()
2023-01-10 10:59:24,758 | INFO | cuda:0 epoch: 1/10 train_loss: 0.6561 valid_loss: 0.3161 epoch_time: 25.788 sec
2023-01-10 10:59:50,583 | INFO | cuda:0 epoch: 2/10 train_loss: 0.2440 valid_loss: 0.2166 epoch_time: 25.824 sec
2023-01-10 11:00:16,676 | INFO | cuda:0 epoch: 3/10 train_loss: 0.1871 valid_loss: 0.1891 epoch_time: 26.093 sec
2023-01-10 11:00:47,041 | INFO | cuda:0 epoch: 4/10 train_loss: 0.1644 valid_loss: 0.1803 epoch_time: 30.364 sec
2023-01-10 11:01:30,249 | INFO | cuda:0 epoch: 5/10 train_loss: 0.1506 valid_loss: 0.1590 epoch_time: 43.208 sec
2023-01-10 11:01:56,227 | INFO | cuda:0 epoch: 6/10 train_loss: 0.1488 valid_loss: 0.1614 epoch_time: 25.978 sec
2023-01-10 11:02:24,597 | INFO | cuda:0 epoch: 7/10 train_loss: 0.1433 valid_loss: 0.1664 epoch_time: 28.370 sec
2023-01-10 11:02:50,262 | INFO | cuda:0 epoch: 8/10 train_loss: 0.1426 valid_loss: 0.1583 epoch_time: 25.665 sec
2023-01-10 11:03:15,963 | INFO | cuda:0 epoch: 9/10 train_loss: 0.1434 valid_loss: 0.1584 epoch_time: 25.700 sec
2023-01-10 11:03:41,585 | INFO | cuda:0 epoch: 10/10 train_loss: 0.1426 valid_loss: 0.1613 epoch_time: 25.622 sec
2023-01-10 11:04:10,138 | INFO | 
train_accuracy: 0.957 train_precision: 0.967 train_recall: 0.957 train_f1: 0.956 valid_accuracy: 0.952 valid_precision: 0.963 valid_recall: 0.952 valid_f1: 0.951 total_time: 282.616 sec
