2022-11-20 16:30:02,692 | INFO | 
model:
  name: ResNet26
  architecture:
    in_channels: 3
    out_channels: 10
    activation:
      name: LinComb
      activations: ['relu', 'sigmoid', 'tanh', 'softsign']
optimizer:
  name: SGD
  parameters:
    lr: 0.04
    weight_decay: 0.0001
    momentum: 0.9
scheduler:
  num: 2
  scheduler0:
    name: LinearLR
    parameters:
      start_factor: 0.1
      end_factor: 1.0
      total_iters: 10
  scheduler1:
    name: MultiStepLR
    parameters:
      milestones: [45, 65]
      gamma: 0.1
  milestones: [10]
dataset:
  name: CIFAR10
  batch_size: 128
  split:
    train: 0.9
    valid: 0.1
    test: 1.0
train:
  epochs: 90
  device: cuda:0
  save_path: ./checkpoints/lincomb/cifar10/
  log_path: ./logs/lincomb/cifar10/
  seed: 42
  save_every: 10
test:
  device: cuda:0
  checkpoint: ./checkpoints/lincomb/cifar10/
  log_path: ./logs/lincomb/cifar10/
  seed: 42
2022-11-20 16:30:02,693 | INFO | 
ResNetCifar(
  (conv1): Conv2d(3, 16, kernel_size=(3, 3), stride=(1, 1), padding=(1, 1), bias=False)
  (bn1): BatchNorm2d(16, eps=1e-05, momentum=0.1, affine=True, track_running_stats=True)
  (layer1): Sequential(
    (0): BasicBlockCifar(
      (conv1): Conv2d(16, 16, kernel_size=(3, 3), stride=(1, 1), padding=(1, 1), bias=False)
      (bn1): BatchNorm2d(16, eps=1e-05, momentum=0.1, affine=True, track_running_stats=True)
      (conv2): Conv2d(16, 16, kernel_size=(3, 3), stride=(1, 1), padding=(1, 1), bias=False)
      (bn2): BatchNorm2d(16, eps=1e-05, momentum=0.1, affine=True, track_running_stats=True)
      (shortcut): Sequential()
      (relu): LinComb()
    )
    (1): BasicBlockCifar(
      (conv1): Conv2d(16, 16, kernel_size=(3, 3), stride=(1, 1), padding=(1, 1), bias=False)
      (bn1): BatchNorm2d(16, eps=1e-05, momentum=0.1, affine=True, track_running_stats=True)
      (conv2): Conv2d(16, 16, kernel_size=(3, 3), stride=(1, 1), padding=(1, 1), bias=False)
      (bn2): BatchNorm2d(16, eps=1e-05, momentum=0.1, affine=True, track_running_stats=True)
      (shortcut): Sequential()
      (relu): LinComb()
    )
    (2): BasicBlockCifar(
      (conv1): Conv2d(16, 16, kernel_size=(3, 3), stride=(1, 1), padding=(1, 1), bias=False)
      (bn1): BatchNorm2d(16, eps=1e-05, momentum=0.1, affine=True, track_running_stats=True)
      (conv2): Conv2d(16, 16, kernel_size=(3, 3), stride=(1, 1), padding=(1, 1), bias=False)
      (bn2): BatchNorm2d(16, eps=1e-05, momentum=0.1, affine=True, track_running_stats=True)
      (shortcut): Sequential()
      (relu): LinComb()
    )
    (3): BasicBlockCifar(
      (conv1): Conv2d(16, 16, kernel_size=(3, 3), stride=(1, 1), padding=(1, 1), bias=False)
      (bn1): BatchNorm2d(16, eps=1e-05, momentum=0.1, affine=True, track_running_stats=True)
      (conv2): Conv2d(16, 16, kernel_size=(3, 3), stride=(1, 1), padding=(1, 1), bias=False)
      (bn2): BatchNorm2d(16, eps=1e-05, momentum=0.1, affine=True, track_running_stats=True)
      (shortcut): Sequential()
      (relu): LinComb()
    )
  )
  (layer2): Sequential(
    (0): BasicBlockCifar(
      (conv1): Conv2d(16, 32, kernel_size=(3, 3), stride=(2, 2), padding=(1, 1), bias=False)
      (bn1): BatchNorm2d(32, eps=1e-05, momentum=0.1, affine=True, track_running_stats=True)
      (conv2): Conv2d(32, 32, kernel_size=(3, 3), stride=(1, 1), padding=(1, 1), bias=False)
      (bn2): BatchNorm2d(32, eps=1e-05, momentum=0.1, affine=True, track_running_stats=True)
      (shortcut): LambdaLayerCifar()
      (relu): LinComb()
    )
    (1): BasicBlockCifar(
      (conv1): Conv2d(32, 32, kernel_size=(3, 3), stride=(1, 1), padding=(1, 1), bias=False)
      (bn1): BatchNorm2d(32, eps=1e-05, momentum=0.1, affine=True, track_running_stats=True)
      (conv2): Conv2d(32, 32, kernel_size=(3, 3), stride=(1, 1), padding=(1, 1), bias=False)
      (bn2): BatchNorm2d(32, eps=1e-05, momentum=0.1, affine=True, track_running_stats=True)
      (shortcut): Sequential()
      (relu): LinComb()
    )
    (2): BasicBlockCifar(
      (conv1): Conv2d(32, 32, kernel_size=(3, 3), stride=(1, 1), padding=(1, 1), bias=False)
      (bn1): BatchNorm2d(32, eps=1e-05, momentum=0.1, affine=True, track_running_stats=True)
      (conv2): Conv2d(32, 32, kernel_size=(3, 3), stride=(1, 1), padding=(1, 1), bias=False)
      (bn2): BatchNorm2d(32, eps=1e-05, momentum=0.1, affine=True, track_running_stats=True)
      (shortcut): Sequential()
      (relu): LinComb()
    )
    (3): BasicBlockCifar(
      (conv1): Conv2d(32, 32, kernel_size=(3, 3), stride=(1, 1), padding=(1, 1), bias=False)
      (bn1): BatchNorm2d(32, eps=1e-05, momentum=0.1, affine=True, track_running_stats=True)
      (conv2): Conv2d(32, 32, kernel_size=(3, 3), stride=(1, 1), padding=(1, 1), bias=False)
      (bn2): BatchNorm2d(32, eps=1e-05, momentum=0.1, affine=True, track_running_stats=True)
      (shortcut): Sequential()
      (relu): LinComb()
    )
  )
  (layer3): Sequential(
    (0): BasicBlockCifar(
      (conv1): Conv2d(32, 64, kernel_size=(3, 3), stride=(2, 2), padding=(1, 1), bias=False)
      (bn1): BatchNorm2d(64, eps=1e-05, momentum=0.1, affine=True, track_running_stats=True)
      (conv2): Conv2d(64, 64, kernel_size=(3, 3), stride=(1, 1), padding=(1, 1), bias=False)
      (bn2): BatchNorm2d(64, eps=1e-05, momentum=0.1, affine=True, track_running_stats=True)
      (shortcut): LambdaLayerCifar()
      (relu): LinComb()
    )
    (1): BasicBlockCifar(
      (conv1): Conv2d(64, 64, kernel_size=(3, 3), stride=(1, 1), padding=(1, 1), bias=False)
      (bn1): BatchNorm2d(64, eps=1e-05, momentum=0.1, affine=True, track_running_stats=True)
      (conv2): Conv2d(64, 64, kernel_size=(3, 3), stride=(1, 1), padding=(1, 1), bias=False)
      (bn2): BatchNorm2d(64, eps=1e-05, momentum=0.1, affine=True, track_running_stats=True)
      (shortcut): Sequential()
      (relu): LinComb()
    )
    (2): BasicBlockCifar(
      (conv1): Conv2d(64, 64, kernel_size=(3, 3), stride=(1, 1), padding=(1, 1), bias=False)
      (bn1): BatchNorm2d(64, eps=1e-05, momentum=0.1, affine=True, track_running_stats=True)
      (conv2): Conv2d(64, 64, kernel_size=(3, 3), stride=(1, 1), padding=(1, 1), bias=False)
      (bn2): BatchNorm2d(64, eps=1e-05, momentum=0.1, affine=True, track_running_stats=True)
      (shortcut): Sequential()
      (relu): LinComb()
    )
    (3): BasicBlockCifar(
      (conv1): Conv2d(64, 64, kernel_size=(3, 3), stride=(1, 1), padding=(1, 1), bias=False)
      (bn1): BatchNorm2d(64, eps=1e-05, momentum=0.1, affine=True, track_running_stats=True)
      (conv2): Conv2d(64, 64, kernel_size=(3, 3), stride=(1, 1), padding=(1, 1), bias=False)
      (bn2): BatchNorm2d(64, eps=1e-05, momentum=0.1, affine=True, track_running_stats=True)
      (shortcut): Sequential()
      (relu): LinComb()
    )
  )
  (fc): Linear(in_features=64, out_features=10, bias=True)
  (relu): LinComb()
)
2022-11-20 16:30:02,693 | INFO | 
SGD (
Parameter Group 0
    dampening: 0
    initial_lr: 0.04
    lr: 0.004
    momentum: 0.9
    nesterov: False
    weight_decay: 0.0001
)
2022-11-20 16:30:02,694 | INFO | 
SequentialLR (
  _milestones: [10]
  last_epoch: 0
  _schedulers: [
    LinearLR (
      start_factor: 0.1
      end_factor: 1.0
      total_iters: 10
      base_lrs: [0.04]
      last_epoch: 0
      _step_count: 1
      verbose: False
      _get_lr_called_within_step: False
      _last_lr: [0.004]
    ),
    MultiStepLR (
      milestones: Counter({45: 1, 65: 1})
      gamma: 0.1
      base_lrs: [0.04]
      last_epoch: 0
      _step_count: 1
      verbose: False
      _get_lr_called_within_step: False
      _last_lr: [0.004]
    ),
  ]
)
2022-11-20 16:30:02,694 | INFO | 
CrossEntropyLoss()
2022-11-20 16:30:51,770 | INFO | cuda:0 epoch: 1/90 train_loss: 1.8653 valid_loss: 1.7455 epoch_time: 47.046 sec
2022-11-20 16:31:39,168 | INFO | cuda:0 epoch: 2/90 train_loss: 1.4786 valid_loss: 1.3781 epoch_time: 47.397 sec
2022-11-20 16:32:26,551 | INFO | cuda:0 epoch: 3/90 train_loss: 1.2276 valid_loss: 1.2155 epoch_time: 47.382 sec
2022-11-20 16:33:13,803 | INFO | cuda:0 epoch: 4/90 train_loss: 1.0663 valid_loss: 1.2567 epoch_time: 47.252 sec
2022-11-20 16:34:01,198 | INFO | cuda:0 epoch: 5/90 train_loss: 0.9535 valid_loss: 1.9367 epoch_time: 47.394 sec
2022-11-20 16:34:48,448 | INFO | cuda:0 epoch: 6/90 train_loss: 0.8562 valid_loss: 1.0301 epoch_time: 47.249 sec
2022-11-20 16:35:35,685 | INFO | cuda:0 epoch: 7/90 train_loss: 0.7889 valid_loss: 0.9560 epoch_time: 47.236 sec
2022-11-20 16:36:23,010 | INFO | cuda:0 epoch: 8/90 train_loss: 0.7132 valid_loss: 2.0870 epoch_time: 47.325 sec
2022-11-20 16:37:10,358 | INFO | cuda:0 epoch: 9/90 train_loss: 0.6664 valid_loss: 0.7177 epoch_time: 47.347 sec
2022-11-20 16:37:57,856 | INFO | cuda:0 epoch: 10/90 train_loss: 0.6361 valid_loss: 13.0322 epoch_time: 47.498 sec
2022-11-20 16:38:45,281 | INFO | cuda:0 epoch: 11/90 train_loss: 0.5992 valid_loss: 2.0691 epoch_time: 47.424 sec
2022-11-20 16:39:32,593 | INFO | cuda:0 epoch: 12/90 train_loss: 0.5486 valid_loss: 1.8771 epoch_time: 47.312 sec
2022-11-20 16:40:19,902 | INFO | cuda:0 epoch: 13/90 train_loss: 0.5278 valid_loss: 2.6829 epoch_time: 47.309 sec
2022-11-20 16:41:07,471 | INFO | cuda:0 epoch: 14/90 train_loss: 0.4955 valid_loss: 2.4952 epoch_time: 47.569 sec
2022-11-20 16:41:54,851 | INFO | cuda:0 epoch: 15/90 train_loss: 0.4717 valid_loss: 0.9545 epoch_time: 47.379 sec
2022-11-20 16:42:42,386 | INFO | cuda:0 epoch: 16/90 train_loss: 0.4496 valid_loss: 2.2224 epoch_time: 47.535 sec
2022-11-20 16:43:29,754 | INFO | cuda:0 epoch: 17/90 train_loss: 0.4337 valid_loss: 0.5749 epoch_time: 47.367 sec
2022-11-20 16:44:17,204 | INFO | cuda:0 epoch: 18/90 train_loss: 0.4216 valid_loss: 0.5908 epoch_time: 47.449 sec
2022-11-20 16:45:04,692 | INFO | cuda:0 epoch: 19/90 train_loss: 0.3916 valid_loss: 0.6898 epoch_time: 47.488 sec
2022-11-20 16:45:52,211 | INFO | cuda:0 epoch: 20/90 train_loss: 0.3841 valid_loss: 0.5390 epoch_time: 47.518 sec
2022-11-20 16:46:39,742 | INFO | cuda:0 epoch: 21/90 train_loss: 0.3733 valid_loss: 1.5619 epoch_time: 47.531 sec
2022-11-20 16:47:27,182 | INFO | cuda:0 epoch: 22/90 train_loss: 3.6767 valid_loss: 2.3171 epoch_time: 47.439 sec
2022-11-20 16:48:14,534 | INFO | cuda:0 epoch: 23/90 train_loss: 2.0377 valid_loss: 1.9003 epoch_time: 47.352 sec
2022-11-20 16:49:02,060 | INFO | cuda:0 epoch: 24/90 train_loss: 1.8112 valid_loss: 2.1054 epoch_time: 47.526 sec
2022-11-20 16:49:49,419 | INFO | cuda:0 epoch: 25/90 train_loss: 1.7091 valid_loss: 1.8855 epoch_time: 47.358 sec
2022-11-20 16:50:36,909 | INFO | cuda:0 epoch: 26/90 train_loss: 1.6231 valid_loss: 1.9131 epoch_time: 47.489 sec
2022-11-20 16:51:24,276 | INFO | cuda:0 epoch: 27/90 train_loss: 1.5362 valid_loss: 1.5880 epoch_time: 47.367 sec
2022-11-20 16:52:11,848 | INFO | cuda:0 epoch: 28/90 train_loss: 1.4533 valid_loss: 1.5337 epoch_time: 47.571 sec
2022-11-20 16:52:59,239 | INFO | cuda:0 epoch: 29/90 train_loss: 1.3612 valid_loss: 1.3877 epoch_time: 47.391 sec
2022-11-20 16:53:46,765 | INFO | cuda:0 epoch: 30/90 train_loss: 1.2820 valid_loss: 1.4034 epoch_time: 47.525 sec
2022-11-20 16:54:34,288 | INFO | cuda:0 epoch: 31/90 train_loss: 1.2107 valid_loss: 1.2590 epoch_time: 47.523 sec
2022-11-20 16:55:21,614 | INFO | cuda:0 epoch: 32/90 train_loss: 1.1432 valid_loss: 1.3017 epoch_time: 47.326 sec
2022-11-20 16:56:09,133 | INFO | cuda:0 epoch: 33/90 train_loss: 1.0748 valid_loss: 1.3102 epoch_time: 47.518 sec
2022-11-20 16:56:56,666 | INFO | cuda:0 epoch: 34/90 train_loss: 1.0109 valid_loss: 1.0516 epoch_time: 47.532 sec
2022-11-20 16:57:44,184 | INFO | cuda:0 epoch: 35/90 train_loss: 0.9533 valid_loss: 0.9653 epoch_time: 47.518 sec
2022-11-20 16:58:31,895 | INFO | cuda:0 epoch: 36/90 train_loss: 0.8920 valid_loss: 1.0150 epoch_time: 47.711 sec
2022-11-20 16:59:19,454 | INFO | cuda:0 epoch: 37/90 train_loss: 0.8509 valid_loss: 0.9508 epoch_time: 47.558 sec
2022-11-20 17:00:06,815 | INFO | cuda:0 epoch: 38/90 train_loss: 0.8056 valid_loss: 2.1927 epoch_time: 47.360 sec
2022-11-20 17:00:54,275 | INFO | cuda:0 epoch: 39/90 train_loss: 0.7647 valid_loss: 0.9356 epoch_time: 47.460 sec
2022-11-20 17:01:41,776 | INFO | cuda:0 epoch: 40/90 train_loss: 0.7228 valid_loss: 0.8898 epoch_time: 47.500 sec
2022-11-20 17:02:29,287 | INFO | cuda:0 epoch: 41/90 train_loss: 0.6956 valid_loss: 0.8578 epoch_time: 47.510 sec
2022-11-20 17:03:16,719 | INFO | cuda:0 epoch: 42/90 train_loss: 0.6703 valid_loss: 0.9249 epoch_time: 47.432 sec
2022-11-20 17:04:04,208 | INFO | cuda:0 epoch: 43/90 train_loss: 0.6448 valid_loss: 1.5028 epoch_time: 47.488 sec
2022-11-20 17:04:51,636 | INFO | cuda:0 epoch: 44/90 train_loss: 0.6151 valid_loss: 0.9080 epoch_time: 47.428 sec
2022-11-20 17:05:39,180 | INFO | cuda:0 epoch: 45/90 train_loss: 0.5955 valid_loss: 0.9216 epoch_time: 47.543 sec
2022-11-20 17:06:26,573 | INFO | cuda:0 epoch: 46/90 train_loss: 0.5742 valid_loss: 0.7264 epoch_time: 47.393 sec
2022-11-20 17:07:14,080 | INFO | cuda:0 epoch: 47/90 train_loss: 0.5594 valid_loss: 0.8297 epoch_time: 47.506 sec
2022-11-20 17:08:01,722 | INFO | cuda:0 epoch: 48/90 train_loss: 0.5446 valid_loss: 0.7401 epoch_time: 47.641 sec
2022-11-20 17:08:49,237 | INFO | cuda:0 epoch: 49/90 train_loss: 0.5267 valid_loss: 0.7460 epoch_time: 47.514 sec
2022-11-20 17:09:36,623 | INFO | cuda:0 epoch: 50/90 train_loss: 0.5133 valid_loss: 0.9431 epoch_time: 47.385 sec
2022-11-20 17:10:24,188 | INFO | cuda:0 epoch: 51/90 train_loss: 0.5007 valid_loss: 0.8406 epoch_time: 47.565 sec
2022-11-20 17:11:11,526 | INFO | cuda:0 epoch: 52/90 train_loss: 0.4893 valid_loss: 0.6608 epoch_time: 47.337 sec
2022-11-20 17:11:58,784 | INFO | cuda:0 epoch: 53/90 train_loss: 0.4774 valid_loss: 0.6670 epoch_time: 47.257 sec
2022-11-20 17:12:46,379 | INFO | cuda:0 epoch: 54/90 train_loss: 0.4682 valid_loss: 0.7028 epoch_time: 47.595 sec
2022-11-20 17:13:33,734 | INFO | cuda:0 epoch: 55/90 train_loss: 0.4524 valid_loss: 0.6633 epoch_time: 47.355 sec
2022-11-20 17:14:21,178 | INFO | cuda:0 epoch: 56/90 train_loss: 0.3543 valid_loss: 0.5057 epoch_time: 47.444 sec
2022-11-20 17:15:08,516 | INFO | cuda:0 epoch: 57/90 train_loss: 0.3277 valid_loss: 0.5050 epoch_time: 47.337 sec
2022-11-20 17:15:56,002 | INFO | cuda:0 epoch: 58/90 train_loss: 0.3138 valid_loss: 0.5047 epoch_time: 47.486 sec
2022-11-20 17:16:43,547 | INFO | cuda:0 epoch: 59/90 train_loss: 0.3002 valid_loss: 0.4942 epoch_time: 47.545 sec
2022-11-20 17:17:31,154 | INFO | cuda:0 epoch: 60/90 train_loss: 0.2976 valid_loss: 0.4693 epoch_time: 47.606 sec
2022-11-20 17:18:18,596 | INFO | cuda:0 epoch: 61/90 train_loss: 0.2916 valid_loss: 0.5365 epoch_time: 47.441 sec
2022-11-20 17:19:06,090 | INFO | cuda:0 epoch: 62/90 train_loss: 0.2859 valid_loss: 0.5072 epoch_time: 47.493 sec
2022-11-20 17:19:53,484 | INFO | cuda:0 epoch: 63/90 train_loss: 0.2834 valid_loss: 0.4975 epoch_time: 47.394 sec
2022-11-20 17:20:40,961 | INFO | cuda:0 epoch: 64/90 train_loss: 0.2761 valid_loss: 0.4805 epoch_time: 47.476 sec
2022-11-20 17:21:28,691 | INFO | cuda:0 epoch: 65/90 train_loss: 0.2732 valid_loss: 0.4940 epoch_time: 47.729 sec
2022-11-20 17:22:16,046 | INFO | cuda:0 epoch: 66/90 train_loss: 0.2713 valid_loss: 0.5283 epoch_time: 47.355 sec
2022-11-20 17:23:03,526 | INFO | cuda:0 epoch: 67/90 train_loss: 0.2625 valid_loss: 0.5327 epoch_time: 47.478 sec
2022-11-20 17:23:51,079 | INFO | cuda:0 epoch: 68/90 train_loss: 0.2586 valid_loss: 0.5124 epoch_time: 47.553 sec
2022-11-20 17:24:38,639 | INFO | cuda:0 epoch: 69/90 train_loss: 0.2624 valid_loss: 0.5022 epoch_time: 47.560 sec
2022-11-20 17:25:26,052 | INFO | cuda:0 epoch: 70/90 train_loss: 0.2546 valid_loss: 0.5034 epoch_time: 47.412 sec
2022-11-20 17:26:13,392 | INFO | cuda:0 epoch: 71/90 train_loss: 0.2479 valid_loss: 0.4888 epoch_time: 47.339 sec
2022-11-20 17:27:00,789 | INFO | cuda:0 epoch: 72/90 train_loss: 0.2455 valid_loss: 0.5043 epoch_time: 47.396 sec
2022-11-20 17:27:48,145 | INFO | cuda:0 epoch: 73/90 train_loss: 0.2428 valid_loss: 0.5909 epoch_time: 47.356 sec
2022-11-20 17:28:35,673 | INFO | cuda:0 epoch: 74/90 train_loss: 0.2391 valid_loss: 0.5103 epoch_time: 47.527 sec
2022-11-20 17:29:22,987 | INFO | cuda:0 epoch: 75/90 train_loss: 0.2409 valid_loss: 0.5169 epoch_time: 47.314 sec
2022-11-20 17:30:10,518 | INFO | cuda:0 epoch: 76/90 train_loss: 0.2248 valid_loss: 0.4938 epoch_time: 47.531 sec
2022-11-20 17:30:57,878 | INFO | cuda:0 epoch: 77/90 train_loss: 0.2168 valid_loss: 0.4824 epoch_time: 47.359 sec
2022-11-20 17:31:45,279 | INFO | cuda:0 epoch: 78/90 train_loss: 0.2156 valid_loss: 0.4942 epoch_time: 47.401 sec
2022-11-20 17:32:32,499 | INFO | cuda:0 epoch: 79/90 train_loss: 0.2126 valid_loss: 0.4835 epoch_time: 47.219 sec
2022-11-20 17:33:19,770 | INFO | cuda:0 epoch: 80/90 train_loss: 0.2122 valid_loss: 0.5005 epoch_time: 47.271 sec
2022-11-20 17:34:07,296 | INFO | cuda:0 epoch: 81/90 train_loss: 0.2130 valid_loss: 0.4940 epoch_time: 47.526 sec
2022-11-20 17:34:54,601 | INFO | cuda:0 epoch: 82/90 train_loss: 0.2151 valid_loss: 0.4920 epoch_time: 47.304 sec
2022-11-20 17:35:42,555 | INFO | cuda:0 epoch: 83/90 train_loss: 0.2123 valid_loss: 0.4978 epoch_time: 47.954 sec
2022-11-20 17:36:30,015 | INFO | cuda:0 epoch: 84/90 train_loss: 0.2151 valid_loss: 0.5071 epoch_time: 47.459 sec
2022-11-20 17:37:17,277 | INFO | cuda:0 epoch: 85/90 train_loss: 0.2105 valid_loss: 0.5060 epoch_time: 47.262 sec
2022-11-20 17:38:04,824 | INFO | cuda:0 epoch: 86/90 train_loss: 0.2097 valid_loss: 0.5326 epoch_time: 47.546 sec
2022-11-20 17:38:52,462 | INFO | cuda:0 epoch: 87/90 train_loss: 0.2079 valid_loss: 0.4827 epoch_time: 47.637 sec
2022-11-20 17:39:39,970 | INFO | cuda:0 epoch: 88/90 train_loss: 0.2118 valid_loss: 0.5221 epoch_time: 47.507 sec
2022-11-20 17:40:27,229 | INFO | cuda:0 epoch: 89/90 train_loss: 0.2100 valid_loss: 0.5065 epoch_time: 47.258 sec
2022-11-20 17:41:14,814 | INFO | cuda:0 epoch: 90/90 train_loss: 0.2099 valid_loss: 0.5114 epoch_time: 47.585 sec
2022-11-20 17:41:45,486 | INFO | 
train_accuracy: 0.934 train_precision: 0.939 train_recall: 0.934 train_f1: 0.934 valid_accuracy: 0.838 valid_precision: 0.852 valid_recall: 0.838 valid_f1: 0.839 total_time: 4270.090 sec
