2022-11-20 19:03:46,687 | INFO | 
model:
  name: ResNet32
  architecture:
    in_channels: 3
    out_channels: 10
    activation: ReLUN
optimizer:
  name: SGD
  parameters:
    lr: 0.1
    weight_decay: 0.0001
    momentum: 0.9
scheduler:
  num: 2
  scheduler0:
    name: LinearLR
    parameters:
      start_factor: 0.1
      end_factor: 1.0
      total_iters: 10
  scheduler1:
    name: MultiStepLR
    parameters:
      milestones: [45, 65]
      gamma: 0.1
  milestones: [10]
dataset:
  name: CIFAR10
  batch_size: 128
  split:
    train: 0.9
    valid: 0.1
    test: 1.0
train:
  epochs: 90
  device: cuda:0
  save_path: ./checkpoints/relun/cifar10/
  log_path: ./logs/relun/cifar10/
  seed: 42
  save_every: 10
test:
  device: cuda:0
  checkpoint: ./checkpoints/relun/cifar10/
  log_path: ./logs/relun/cifar10/
  seed: 42
2022-11-20 19:03:46,688 | INFO | 
ResNetCifar(
  (conv1): Conv2d(3, 16, kernel_size=(3, 3), stride=(1, 1), padding=(1, 1), bias=False)
  (bn1): BatchNorm2d(16, eps=1e-05, momentum=0.1, affine=True, track_running_stats=True)
  (layer1): Sequential(
    (0): BasicBlockCifar(
      (conv1): Conv2d(16, 16, kernel_size=(3, 3), stride=(1, 1), padding=(1, 1), bias=False)
      (bn1): BatchNorm2d(16, eps=1e-05, momentum=0.1, affine=True, track_running_stats=True)
      (conv2): Conv2d(16, 16, kernel_size=(3, 3), stride=(1, 1), padding=(1, 1), bias=False)
      (bn2): BatchNorm2d(16, eps=1e-05, momentum=0.1, affine=True, track_running_stats=True)
      (shortcut): Sequential()
      (relu): ReLUN()
    )
    (1): BasicBlockCifar(
      (conv1): Conv2d(16, 16, kernel_size=(3, 3), stride=(1, 1), padding=(1, 1), bias=False)
      (bn1): BatchNorm2d(16, eps=1e-05, momentum=0.1, affine=True, track_running_stats=True)
      (conv2): Conv2d(16, 16, kernel_size=(3, 3), stride=(1, 1), padding=(1, 1), bias=False)
      (bn2): BatchNorm2d(16, eps=1e-05, momentum=0.1, affine=True, track_running_stats=True)
      (shortcut): Sequential()
      (relu): ReLUN()
    )
    (2): BasicBlockCifar(
      (conv1): Conv2d(16, 16, kernel_size=(3, 3), stride=(1, 1), padding=(1, 1), bias=False)
      (bn1): BatchNorm2d(16, eps=1e-05, momentum=0.1, affine=True, track_running_stats=True)
      (conv2): Conv2d(16, 16, kernel_size=(3, 3), stride=(1, 1), padding=(1, 1), bias=False)
      (bn2): BatchNorm2d(16, eps=1e-05, momentum=0.1, affine=True, track_running_stats=True)
      (shortcut): Sequential()
      (relu): ReLUN()
    )
    (3): BasicBlockCifar(
      (conv1): Conv2d(16, 16, kernel_size=(3, 3), stride=(1, 1), padding=(1, 1), bias=False)
      (bn1): BatchNorm2d(16, eps=1e-05, momentum=0.1, affine=True, track_running_stats=True)
      (conv2): Conv2d(16, 16, kernel_size=(3, 3), stride=(1, 1), padding=(1, 1), bias=False)
      (bn2): BatchNorm2d(16, eps=1e-05, momentum=0.1, affine=True, track_running_stats=True)
      (shortcut): Sequential()
      (relu): ReLUN()
    )
    (4): BasicBlockCifar(
      (conv1): Conv2d(16, 16, kernel_size=(3, 3), stride=(1, 1), padding=(1, 1), bias=False)
      (bn1): BatchNorm2d(16, eps=1e-05, momentum=0.1, affine=True, track_running_stats=True)
      (conv2): Conv2d(16, 16, kernel_size=(3, 3), stride=(1, 1), padding=(1, 1), bias=False)
      (bn2): BatchNorm2d(16, eps=1e-05, momentum=0.1, affine=True, track_running_stats=True)
      (shortcut): Sequential()
      (relu): ReLUN()
    )
  )
  (layer2): Sequential(
    (0): BasicBlockCifar(
      (conv1): Conv2d(16, 32, kernel_size=(3, 3), stride=(2, 2), padding=(1, 1), bias=False)
      (bn1): BatchNorm2d(32, eps=1e-05, momentum=0.1, affine=True, track_running_stats=True)
      (conv2): Conv2d(32, 32, kernel_size=(3, 3), stride=(1, 1), padding=(1, 1), bias=False)
      (bn2): BatchNorm2d(32, eps=1e-05, momentum=0.1, affine=True, track_running_stats=True)
      (shortcut): LambdaLayerCifar()
      (relu): ReLUN()
    )
    (1): BasicBlockCifar(
      (conv1): Conv2d(32, 32, kernel_size=(3, 3), stride=(1, 1), padding=(1, 1), bias=False)
      (bn1): BatchNorm2d(32, eps=1e-05, momentum=0.1, affine=True, track_running_stats=True)
      (conv2): Conv2d(32, 32, kernel_size=(3, 3), stride=(1, 1), padding=(1, 1), bias=False)
      (bn2): BatchNorm2d(32, eps=1e-05, momentum=0.1, affine=True, track_running_stats=True)
      (shortcut): Sequential()
      (relu): ReLUN()
    )
    (2): BasicBlockCifar(
      (conv1): Conv2d(32, 32, kernel_size=(3, 3), stride=(1, 1), padding=(1, 1), bias=False)
      (bn1): BatchNorm2d(32, eps=1e-05, momentum=0.1, affine=True, track_running_stats=True)
      (conv2): Conv2d(32, 32, kernel_size=(3, 3), stride=(1, 1), padding=(1, 1), bias=False)
      (bn2): BatchNorm2d(32, eps=1e-05, momentum=0.1, affine=True, track_running_stats=True)
      (shortcut): Sequential()
      (relu): ReLUN()
    )
    (3): BasicBlockCifar(
      (conv1): Conv2d(32, 32, kernel_size=(3, 3), stride=(1, 1), padding=(1, 1), bias=False)
      (bn1): BatchNorm2d(32, eps=1e-05, momentum=0.1, affine=True, track_running_stats=True)
      (conv2): Conv2d(32, 32, kernel_size=(3, 3), stride=(1, 1), padding=(1, 1), bias=False)
      (bn2): BatchNorm2d(32, eps=1e-05, momentum=0.1, affine=True, track_running_stats=True)
      (shortcut): Sequential()
      (relu): ReLUN()
    )
    (4): BasicBlockCifar(
      (conv1): Conv2d(32, 32, kernel_size=(3, 3), stride=(1, 1), padding=(1, 1), bias=False)
      (bn1): BatchNorm2d(32, eps=1e-05, momentum=0.1, affine=True, track_running_stats=True)
      (conv2): Conv2d(32, 32, kernel_size=(3, 3), stride=(1, 1), padding=(1, 1), bias=False)
      (bn2): BatchNorm2d(32, eps=1e-05, momentum=0.1, affine=True, track_running_stats=True)
      (shortcut): Sequential()
      (relu): ReLUN()
    )
  )
  (layer3): Sequential(
    (0): BasicBlockCifar(
      (conv1): Conv2d(32, 64, kernel_size=(3, 3), stride=(2, 2), padding=(1, 1), bias=False)
      (bn1): BatchNorm2d(64, eps=1e-05, momentum=0.1, affine=True, track_running_stats=True)
      (conv2): Conv2d(64, 64, kernel_size=(3, 3), stride=(1, 1), padding=(1, 1), bias=False)
      (bn2): BatchNorm2d(64, eps=1e-05, momentum=0.1, affine=True, track_running_stats=True)
      (shortcut): LambdaLayerCifar()
      (relu): ReLUN()
    )
    (1): BasicBlockCifar(
      (conv1): Conv2d(64, 64, kernel_size=(3, 3), stride=(1, 1), padding=(1, 1), bias=False)
      (bn1): BatchNorm2d(64, eps=1e-05, momentum=0.1, affine=True, track_running_stats=True)
      (conv2): Conv2d(64, 64, kernel_size=(3, 3), stride=(1, 1), padding=(1, 1), bias=False)
      (bn2): BatchNorm2d(64, eps=1e-05, momentum=0.1, affine=True, track_running_stats=True)
      (shortcut): Sequential()
      (relu): ReLUN()
    )
    (2): BasicBlockCifar(
      (conv1): Conv2d(64, 64, kernel_size=(3, 3), stride=(1, 1), padding=(1, 1), bias=False)
      (bn1): BatchNorm2d(64, eps=1e-05, momentum=0.1, affine=True, track_running_stats=True)
      (conv2): Conv2d(64, 64, kernel_size=(3, 3), stride=(1, 1), padding=(1, 1), bias=False)
      (bn2): BatchNorm2d(64, eps=1e-05, momentum=0.1, affine=True, track_running_stats=True)
      (shortcut): Sequential()
      (relu): ReLUN()
    )
    (3): BasicBlockCifar(
      (conv1): Conv2d(64, 64, kernel_size=(3, 3), stride=(1, 1), padding=(1, 1), bias=False)
      (bn1): BatchNorm2d(64, eps=1e-05, momentum=0.1, affine=True, track_running_stats=True)
      (conv2): Conv2d(64, 64, kernel_size=(3, 3), stride=(1, 1), padding=(1, 1), bias=False)
      (bn2): BatchNorm2d(64, eps=1e-05, momentum=0.1, affine=True, track_running_stats=True)
      (shortcut): Sequential()
      (relu): ReLUN()
    )
    (4): BasicBlockCifar(
      (conv1): Conv2d(64, 64, kernel_size=(3, 3), stride=(1, 1), padding=(1, 1), bias=False)
      (bn1): BatchNorm2d(64, eps=1e-05, momentum=0.1, affine=True, track_running_stats=True)
      (conv2): Conv2d(64, 64, kernel_size=(3, 3), stride=(1, 1), padding=(1, 1), bias=False)
      (bn2): BatchNorm2d(64, eps=1e-05, momentum=0.1, affine=True, track_running_stats=True)
      (shortcut): Sequential()
      (relu): ReLUN()
    )
  )
  (fc): Linear(in_features=64, out_features=10, bias=True)
  (relu): ReLUN()
)
2022-11-20 19:03:46,688 | INFO | 
SGD (
Parameter Group 0
    dampening: 0
    initial_lr: 0.1
    lr: 0.010000000000000002
    momentum: 0.9
    nesterov: False
    weight_decay: 0.0001
)
2022-11-20 19:03:46,688 | INFO | 
SequentialLR (
  _milestones: [10]
  last_epoch: 0
  _schedulers: [
    LinearLR (
      start_factor: 0.1
      end_factor: 1.0
      total_iters: 10
      base_lrs: [0.1]
      last_epoch: 0
      _step_count: 1
      verbose: False
      _get_lr_called_within_step: False
      _last_lr: [0.010000000000000002]
    ),
    MultiStepLR (
      milestones: Counter({45: 1, 65: 1})
      gamma: 0.1
      base_lrs: [0.1]
      last_epoch: 0
      _step_count: 1
      verbose: False
      _get_lr_called_within_step: False
      _last_lr: [0.010000000000000002]
    ),
  ]
)
2022-11-20 19:03:46,689 | INFO | 
CrossEntropyLoss()
2022-11-20 19:04:30,181 | INFO | cuda:0 epoch: 1/90 train_loss: 10.2843 valid_loss: 1.9766 epoch_time: 41.421 sec
2022-11-20 19:05:11,745 | INFO | cuda:0 epoch: 2/90 train_loss: 1.7709 valid_loss: 1.6294 epoch_time: 41.564 sec
2022-11-20 19:05:53,264 | INFO | cuda:0 epoch: 3/90 train_loss: 1.5453 valid_loss: 1.4444 epoch_time: 41.518 sec
2022-11-20 19:06:34,733 | INFO | cuda:0 epoch: 4/90 train_loss: 1.4000 valid_loss: 1.4246 epoch_time: 41.468 sec
2022-11-20 19:07:16,399 | INFO | cuda:0 epoch: 5/90 train_loss: 1.2813 valid_loss: 1.5983 epoch_time: 41.666 sec
2022-11-20 19:07:58,024 | INFO | cuda:0 epoch: 6/90 train_loss: 1.1682 valid_loss: 1.2697 epoch_time: 41.624 sec
2022-11-20 19:08:39,526 | INFO | cuda:0 epoch: 7/90 train_loss: 1.0790 valid_loss: 1.1618 epoch_time: 41.502 sec
2022-11-20 19:09:21,103 | INFO | cuda:0 epoch: 8/90 train_loss: 1.0039 valid_loss: 1.0574 epoch_time: 41.578 sec
2022-11-20 19:10:02,865 | INFO | cuda:0 epoch: 9/90 train_loss: 0.9330 valid_loss: 1.0701 epoch_time: 41.761 sec
2022-11-20 19:10:44,537 | INFO | cuda:0 epoch: 10/90 train_loss: 0.8678 valid_loss: 1.2200 epoch_time: 41.672 sec
2022-11-20 19:11:26,105 | INFO | cuda:0 epoch: 11/90 train_loss: 0.8269 valid_loss: 0.9902 epoch_time: 41.567 sec
2022-11-20 19:12:07,639 | INFO | cuda:0 epoch: 12/90 train_loss: 0.7536 valid_loss: 0.9141 epoch_time: 41.533 sec
2022-11-20 19:12:49,098 | INFO | cuda:0 epoch: 13/90 train_loss: 0.7155 valid_loss: 0.9498 epoch_time: 41.459 sec
2022-11-20 19:13:30,764 | INFO | cuda:0 epoch: 14/90 train_loss: 0.6693 valid_loss: 0.8753 epoch_time: 41.666 sec
2022-11-20 19:14:12,453 | INFO | cuda:0 epoch: 15/90 train_loss: 0.6298 valid_loss: 0.7935 epoch_time: 41.688 sec
2022-11-20 19:14:53,901 | INFO | cuda:0 epoch: 16/90 train_loss: 0.6019 valid_loss: 0.8734 epoch_time: 41.448 sec
2022-11-20 19:15:35,421 | INFO | cuda:0 epoch: 17/90 train_loss: 0.5639 valid_loss: 0.7408 epoch_time: 41.520 sec
2022-11-20 19:16:16,703 | INFO | cuda:0 epoch: 18/90 train_loss: 0.5372 valid_loss: 0.8048 epoch_time: 41.281 sec
2022-11-20 19:16:58,043 | INFO | cuda:0 epoch: 19/90 train_loss: 0.5182 valid_loss: 0.7372 epoch_time: 41.340 sec
2022-11-20 19:17:39,612 | INFO | cuda:0 epoch: 20/90 train_loss: 0.5036 valid_loss: 0.7927 epoch_time: 41.568 sec
2022-11-20 19:18:21,225 | INFO | cuda:0 epoch: 21/90 train_loss: 0.4774 valid_loss: 0.6732 epoch_time: 41.612 sec
2022-11-20 19:19:03,011 | INFO | cuda:0 epoch: 22/90 train_loss: 0.4691 valid_loss: 0.6566 epoch_time: 41.785 sec
2022-11-20 19:19:44,494 | INFO | cuda:0 epoch: 23/90 train_loss: 0.4490 valid_loss: 0.7309 epoch_time: 41.483 sec
2022-11-20 19:20:26,021 | INFO | cuda:0 epoch: 24/90 train_loss: 0.4446 valid_loss: 0.6879 epoch_time: 41.527 sec
2022-11-20 19:21:07,575 | INFO | cuda:0 epoch: 25/90 train_loss: 0.4285 valid_loss: 0.6133 epoch_time: 41.553 sec
2022-11-20 19:21:49,114 | INFO | cuda:0 epoch: 26/90 train_loss: 0.4174 valid_loss: 0.6281 epoch_time: 41.538 sec
2022-11-20 19:22:30,531 | INFO | cuda:0 epoch: 27/90 train_loss: 0.4054 valid_loss: 0.6645 epoch_time: 41.417 sec
2022-11-20 19:23:12,073 | INFO | cuda:0 epoch: 28/90 train_loss: 0.3967 valid_loss: 0.6278 epoch_time: 41.541 sec
2022-11-20 19:23:53,535 | INFO | cuda:0 epoch: 29/90 train_loss: 0.3856 valid_loss: 0.7817 epoch_time: 41.462 sec
2022-11-20 19:24:35,150 | INFO | cuda:0 epoch: 30/90 train_loss: 0.3762 valid_loss: 0.6318 epoch_time: 41.614 sec
2022-11-20 19:25:16,665 | INFO | cuda:0 epoch: 31/90 train_loss: 0.3720 valid_loss: 0.7599 epoch_time: 41.515 sec
2022-11-20 19:25:58,153 | INFO | cuda:0 epoch: 32/90 train_loss: 0.3679 valid_loss: 0.6188 epoch_time: 41.488 sec
2022-11-20 19:26:39,604 | INFO | cuda:0 epoch: 33/90 train_loss: 0.3520 valid_loss: 0.6173 epoch_time: 41.450 sec
2022-11-20 19:27:21,252 | INFO | cuda:0 epoch: 34/90 train_loss: 0.3478 valid_loss: 0.6600 epoch_time: 41.648 sec
2022-11-20 19:28:02,622 | INFO | cuda:0 epoch: 35/90 train_loss: 0.3470 valid_loss: 0.6773 epoch_time: 41.369 sec
2022-11-20 19:28:44,224 | INFO | cuda:0 epoch: 36/90 train_loss: 0.3377 valid_loss: 0.6027 epoch_time: 41.601 sec
2022-11-20 19:29:25,719 | INFO | cuda:0 epoch: 37/90 train_loss: 0.3318 valid_loss: 0.6447 epoch_time: 41.494 sec
2022-11-20 19:30:07,314 | INFO | cuda:0 epoch: 38/90 train_loss: 0.3255 valid_loss: 0.7661 epoch_time: 41.595 sec
2022-11-20 19:30:49,477 | INFO | cuda:0 epoch: 39/90 train_loss: 0.3220 valid_loss: 0.6645 epoch_time: 42.163 sec
2022-11-20 19:31:31,105 | INFO | cuda:0 epoch: 40/90 train_loss: 0.3197 valid_loss: 0.6271 epoch_time: 41.628 sec
2022-11-20 19:32:12,464 | INFO | cuda:0 epoch: 41/90 train_loss: 0.3155 valid_loss: 0.6090 epoch_time: 41.358 sec
2022-11-20 19:32:54,390 | INFO | cuda:0 epoch: 42/90 train_loss: 0.3147 valid_loss: 0.6631 epoch_time: 41.926 sec
2022-11-20 19:33:35,907 | INFO | cuda:0 epoch: 43/90 train_loss: 0.3063 valid_loss: 0.6947 epoch_time: 41.516 sec
2022-11-20 19:34:17,259 | INFO | cuda:0 epoch: 44/90 train_loss: 0.3001 valid_loss: 0.6397 epoch_time: 41.351 sec
2022-11-20 19:34:58,713 | INFO | cuda:0 epoch: 45/90 train_loss: 0.3029 valid_loss: 0.6702 epoch_time: 41.454 sec
2022-11-20 19:35:40,100 | INFO | cuda:0 epoch: 46/90 train_loss: 0.2878 valid_loss: 0.6226 epoch_time: 41.386 sec
2022-11-20 19:36:21,626 | INFO | cuda:0 epoch: 47/90 train_loss: 0.2949 valid_loss: 0.6360 epoch_time: 41.526 sec
2022-11-20 19:37:03,154 | INFO | cuda:0 epoch: 48/90 train_loss: 0.2804 valid_loss: 0.6099 epoch_time: 41.527 sec
2022-11-20 19:37:44,812 | INFO | cuda:0 epoch: 49/90 train_loss: 0.2877 valid_loss: 0.6475 epoch_time: 41.657 sec
2022-11-20 19:38:26,339 | INFO | cuda:0 epoch: 50/90 train_loss: 0.2777 valid_loss: 0.5928 epoch_time: 41.526 sec
2022-11-20 19:39:07,768 | INFO | cuda:0 epoch: 51/90 train_loss: 0.2808 valid_loss: 0.6182 epoch_time: 41.429 sec
2022-11-20 19:39:49,361 | INFO | cuda:0 epoch: 52/90 train_loss: 0.2796 valid_loss: 0.6066 epoch_time: 41.593 sec
2022-11-20 19:40:30,767 | INFO | cuda:0 epoch: 53/90 train_loss: 0.2792 valid_loss: 0.5602 epoch_time: 41.405 sec
2022-11-20 19:41:12,457 | INFO | cuda:0 epoch: 54/90 train_loss: 0.2718 valid_loss: 0.5778 epoch_time: 41.689 sec
2022-11-20 19:41:54,033 | INFO | cuda:0 epoch: 55/90 train_loss: 0.2651 valid_loss: 0.5993 epoch_time: 41.576 sec
2022-11-20 19:42:35,524 | INFO | cuda:0 epoch: 56/90 train_loss: 0.1709 valid_loss: 0.4183 epoch_time: 41.491 sec
2022-11-20 19:43:17,096 | INFO | cuda:0 epoch: 57/90 train_loss: 0.1296 valid_loss: 0.4210 epoch_time: 41.572 sec
2022-11-20 19:43:58,621 | INFO | cuda:0 epoch: 58/90 train_loss: 0.1172 valid_loss: 0.4219 epoch_time: 41.525 sec
2022-11-20 19:44:40,103 | INFO | cuda:0 epoch: 59/90 train_loss: 0.1043 valid_loss: 0.4169 epoch_time: 41.481 sec
2022-11-20 19:45:21,654 | INFO | cuda:0 epoch: 60/90 train_loss: 0.0980 valid_loss: 0.4128 epoch_time: 41.550 sec
2022-11-20 19:46:03,257 | INFO | cuda:0 epoch: 61/90 train_loss: 0.0913 valid_loss: 0.4385 epoch_time: 41.603 sec
2022-11-20 19:46:44,619 | INFO | cuda:0 epoch: 62/90 train_loss: 0.0857 valid_loss: 0.4338 epoch_time: 41.362 sec
2022-11-20 19:47:25,956 | INFO | cuda:0 epoch: 63/90 train_loss: 0.0809 valid_loss: 0.4426 epoch_time: 41.337 sec
2022-11-20 19:48:07,484 | INFO | cuda:0 epoch: 64/90 train_loss: 0.0758 valid_loss: 0.4688 epoch_time: 41.527 sec
2022-11-20 19:48:49,006 | INFO | cuda:0 epoch: 65/90 train_loss: 0.0723 valid_loss: 0.4390 epoch_time: 41.521 sec
2022-11-20 19:49:30,495 | INFO | cuda:0 epoch: 66/90 train_loss: 0.0731 valid_loss: 0.4553 epoch_time: 41.489 sec
2022-11-20 19:50:11,923 | INFO | cuda:0 epoch: 67/90 train_loss: 0.0682 valid_loss: 0.4802 epoch_time: 41.427 sec
2022-11-20 19:50:53,515 | INFO | cuda:0 epoch: 68/90 train_loss: 0.0668 valid_loss: 0.4898 epoch_time: 41.592 sec
2022-11-20 19:51:35,066 | INFO | cuda:0 epoch: 69/90 train_loss: 0.0608 valid_loss: 0.4929 epoch_time: 41.551 sec
2022-11-20 19:52:16,410 | INFO | cuda:0 epoch: 70/90 train_loss: 0.0588 valid_loss: 0.4737 epoch_time: 41.342 sec
2022-11-20 19:52:57,895 | INFO | cuda:0 epoch: 71/90 train_loss: 0.0567 valid_loss: 0.4800 epoch_time: 41.485 sec
2022-11-20 19:53:39,432 | INFO | cuda:0 epoch: 72/90 train_loss: 0.0542 valid_loss: 0.4689 epoch_time: 41.536 sec
2022-11-20 19:54:20,940 | INFO | cuda:0 epoch: 73/90 train_loss: 0.0529 valid_loss: 0.5241 epoch_time: 41.508 sec
2022-11-20 19:55:02,346 | INFO | cuda:0 epoch: 74/90 train_loss: 0.0532 valid_loss: 0.4707 epoch_time: 41.405 sec
2022-11-20 19:55:43,946 | INFO | cuda:0 epoch: 75/90 train_loss: 0.0497 valid_loss: 0.4769 epoch_time: 41.599 sec
2022-11-20 19:56:25,437 | INFO | cuda:0 epoch: 76/90 train_loss: 0.0445 valid_loss: 0.5094 epoch_time: 41.491 sec
2022-11-20 19:57:06,921 | INFO | cuda:0 epoch: 77/90 train_loss: 0.0418 valid_loss: 0.4735 epoch_time: 41.484 sec
2022-11-20 19:57:48,346 | INFO | cuda:0 epoch: 78/90 train_loss: 0.0412 valid_loss: 0.4958 epoch_time: 41.424 sec
2022-11-20 19:58:29,888 | INFO | cuda:0 epoch: 79/90 train_loss: 0.0430 valid_loss: 0.4838 epoch_time: 41.542 sec
2022-11-20 19:59:11,114 | INFO | cuda:0 epoch: 80/90 train_loss: 0.0411 valid_loss: 0.4670 epoch_time: 41.225 sec
2022-11-20 19:59:52,404 | INFO | cuda:0 epoch: 81/90 train_loss: 0.0395 valid_loss: 0.4731 epoch_time: 41.290 sec
2022-11-20 20:00:34,022 | INFO | cuda:0 epoch: 82/90 train_loss: 0.0416 valid_loss: 0.4893 epoch_time: 41.617 sec
2022-11-20 20:01:15,427 | INFO | cuda:0 epoch: 83/90 train_loss: 0.0396 valid_loss: 0.4842 epoch_time: 41.405 sec
2022-11-20 20:01:56,725 | INFO | cuda:0 epoch: 84/90 train_loss: 0.0398 valid_loss: 0.4950 epoch_time: 41.297 sec
2022-11-20 20:02:38,367 | INFO | cuda:0 epoch: 85/90 train_loss: 0.0383 valid_loss: 0.5040 epoch_time: 41.642 sec
2022-11-20 20:03:19,869 | INFO | cuda:0 epoch: 86/90 train_loss: 0.0399 valid_loss: 0.4794 epoch_time: 41.501 sec
2022-11-20 20:04:01,237 | INFO | cuda:0 epoch: 87/90 train_loss: 0.0394 valid_loss: 0.5032 epoch_time: 41.368 sec
2022-11-20 20:04:42,623 | INFO | cuda:0 epoch: 88/90 train_loss: 0.0373 valid_loss: 0.4831 epoch_time: 41.385 sec
2022-11-20 20:05:24,144 | INFO | cuda:0 epoch: 89/90 train_loss: 0.0382 valid_loss: 0.5151 epoch_time: 41.521 sec
2022-11-20 20:06:05,547 | INFO | cuda:0 epoch: 90/90 train_loss: 0.0373 valid_loss: 0.4888 epoch_time: 41.403 sec
2022-11-20 20:06:32,342 | INFO | 
train_accuracy: 0.992 train_precision: 0.993 train_recall: 0.992 train_f1: 0.992 valid_accuracy: 0.861 valid_precision: 0.873 valid_recall: 0.861 valid_f1: 0.861 total_time: 3736.787 sec
