2023-01-10 10:08:56,372 | INFO | 
model:
  name: DNN2
  architecture:
    in_channels: 784
    out_channels: 10
    activation: ReLUN
optimizer:
  name: Adam
  parameters:
    lr: 0.0003
    weight_decay: 1e-05
scheduler:
  num: 1
  scheduler0:
    name: ExponentialLR
    parameters:
      gamma: 0.5
dataset:
  name: MNIST
  batch_size: 32
  split:
    train: 0.9
    valid: 0.1
    test: 1.0
train:
  epochs: 10
  device: cuda:0
  save_path: ./checkpoints/relun/mnist/
  log_path: ./logs/relun/mnist/
  seed: 42
  save_every: 2
test:
  device: cuda:0
  checkpoint: ./checkpoints/relun/mnist/
  log_path: ./logs/relun/mnist/
  seed: 42
2023-01-10 10:08:56,373 | INFO | 
DNN(
  (first_fc): Linear(in_features=784, out_features=392, bias=True)
  (first_act): ReLUN()
  (last_fc): Linear(in_features=392, out_features=10, bias=True)
)
2023-01-10 10:08:56,373 | INFO | 
Adam (
Parameter Group 0
    amsgrad: False
    betas: (0.9, 0.999)
    eps: 1e-08
    initial_lr: 0.0003
    lr: 0.0003
    weight_decay: 1e-05
)
2023-01-10 10:08:56,373 | INFO | 
ExponentialLR (
  gamma: 0.5
  base_lrs: [0.0003]
  last_epoch: 0
  _step_count: 1
  verbose: False
  _get_lr_called_within_step: False
  _last_lr: [0.0003]
)
2023-01-10 10:08:56,374 | INFO | 
CrossEntropyLoss()
2023-01-10 10:09:24,256 | INFO | cuda:0 epoch: 1/10 train_loss: 0.7924 valid_loss: 0.4480 epoch_time: 27.807 sec
2023-01-10 10:09:48,870 | INFO | cuda:0 epoch: 2/10 train_loss: 0.3482 valid_loss: 0.3013 epoch_time: 24.614 sec
2023-01-10 10:10:13,524 | INFO | cuda:0 epoch: 3/10 train_loss: 0.2714 valid_loss: 0.2707 epoch_time: 24.654 sec
2023-01-10 10:10:38,135 | INFO | cuda:0 epoch: 4/10 train_loss: 0.2389 valid_loss: 0.2528 epoch_time: 24.611 sec
2023-01-10 10:11:02,620 | INFO | cuda:0 epoch: 5/10 train_loss: 0.2306 valid_loss: 0.2446 epoch_time: 24.485 sec
2023-01-10 10:11:27,176 | INFO | cuda:0 epoch: 6/10 train_loss: 0.2231 valid_loss: 0.2369 epoch_time: 24.555 sec
2023-01-10 10:11:52,084 | INFO | cuda:0 epoch: 7/10 train_loss: 0.2195 valid_loss: 0.2314 epoch_time: 24.908 sec
2023-01-10 10:12:16,907 | INFO | cuda:0 epoch: 8/10 train_loss: 0.2166 valid_loss: 0.2386 epoch_time: 24.823 sec
2023-01-10 10:12:41,355 | INFO | cuda:0 epoch: 9/10 train_loss: 0.2159 valid_loss: 0.2289 epoch_time: 24.447 sec
2023-01-10 10:13:05,946 | INFO | cuda:0 epoch: 10/10 train_loss: 0.2170 valid_loss: 0.2356 epoch_time: 24.590 sec
2023-01-10 10:13:34,074 | INFO | 
train_accuracy: 0.940 train_precision: 0.955 train_recall: 0.940 train_f1: 0.941 valid_accuracy: 0.936 valid_precision: 0.952 valid_recall: 0.936 valid_f1: 0.936 total_time: 249.496 sec
